This is pdfTeX, Version 3.141592653-2.6-1.40.26 (MiKTeX 24.4) (preloaded format=pdflatex 2024.5.6)  6 MAY 2024 20:31
entering extended mode
 restricted \write18 enabled.
 file:line:error style messages enabled.
 %&-line parsing enabled.
**"c:/Users/merce/Downloads/Proyecto Técnico Carpintería de Madera/main.tex"
(c:/Users/merce/Downloads/Proyecto Técnico Carpintería de Madera/main.tex
LaTeX2e <2023-11-01> patch level 1
L3 programming layer <2024-04-11>
(C:\Program Files\MiKTeX\tex/latex/base\report.cls
Document Class: report 2023/05/17 v1.4n Standard LaTeX document class
(C:\Program Files\MiKTeX\tex/latex/base\size11.clo
File: size11.clo 2023/05/17 v1.4n Standard LaTeX file (size option)
)
\c@part=\count189
\c@chapter=\count190
\c@section=\count191
\c@subsection=\count192
\c@subsubsection=\count193
\c@paragraph=\count194
\c@subparagraph=\count195
\c@figure=\count196
\c@table=\count197
\abovecaptionskip=\skip48
\belowcaptionskip=\skip49
\bibindent=\dimen140
) (C:\Program Files\MiKTeX\tex/latex/graphics\graphicx.sty
Package: graphicx 2021/09/16 v1.2d Enhanced LaTeX Graphics (DPC,SPQR)
 (C:\Program Files\MiKTeX\tex/latex/graphics\keyval.sty
Package: keyval 2022/05/29 v1.15 key=value parser (DPC)
\KV@toks@=\toks17
) (C:\Program Files\MiKTeX\tex/latex/graphics\graphics.sty
Package: graphics 2022/03/10 v1.4e Standard LaTeX Graphics (DPC,SPQR)
 (C:\Program Files\MiKTeX\tex/latex/graphics\trig.sty
Package: trig 2021/08/11 v1.11 sin cos tan (DPC)
) (C:\Program Files\MiKTeX\tex/latex/graphics-cfg\graphics.cfg
File: graphics.cfg 2016/06/04 v1.11 sample graphics configuration
)
Package graphics Info: Driver file: pdftex.def on input line 107.
 (C:\Program Files\MiKTeX\tex/latex/graphics-def\pdftex.def
File: pdftex.def 2024/04/13 v1.2c Graphics/color driver for pdftex
))
\Gin@req@height=\dimen141
\Gin@req@width=\dimen142
) (C:\Program Files\MiKTeX\tex/generic/babel\babel.sty
Package: babel 2024/04/20 v24.4 The Babel package
\babel@savecnt=\count198
\U@D=\dimen143
\l@unhyphenated=\language79
 (C:\Program Files\MiKTeX\tex/generic/babel\txtbabel.def)
\bbl@readstream=\read2
\bbl@dirlevel=\count199

*************************************
* Local config file bblopts.cfg used
*
(C:\Program Files\MiKTeX\tex/latex/arabi\bblopts.cfg
File: bblopts.cfg 2005/09/08 v0.1 add Arabic and Farsi to "declared" options of babel
) (C:\Users\merce\AppData\Roaming\MiKTeX\tex/latex/babel-spanish\spanish.ldf
Language: spanish.ldf 2021/05/27 v5.0q Spanish support from the babel system
\es@quottoks=\toks18
\es@quotdepth=\count266
Package babel Info: Making " an active character on input line 570.
Package babel Info: Making . an active character on input line 675.
Package babel Info: Making < an active character on input line 722.
Package babel Info: Making > an active character on input line 722.
)) (C:\Program Files\MiKTeX\tex/generic/babel/locale/es\babel-spanish.tex
Package babel Info: Importing font and identification data for spanish
(babel)             from babel-es.ini. Reported on input line 11.
) (C:\Users\merce\AppData\Roaming\MiKTeX\tex/latex/geometry\geometry.sty
Package: geometry 2020/01/02 v5.9 Page Geometry
 (C:\Program Files\MiKTeX\tex/generic/iftex\ifvtex.sty
Package: ifvtex 2019/10/25 v1.7 ifvtex legacy package. Use iftex instead.
 (C:\Program Files\MiKTeX\tex/generic/iftex\iftex.sty
Package: iftex 2022/02/03 v1.0f TeX engine tests
))
\Gm@cnth=\count267
\Gm@cntv=\count268
\c@Gm@tempcnt=\count269
\Gm@bindingoffset=\dimen144
\Gm@wd@mp=\dimen145
\Gm@odd@mp=\dimen146
\Gm@even@mp=\dimen147
\Gm@layoutwidth=\dimen148
\Gm@layoutheight=\dimen149
\Gm@layouthoffset=\dimen150
\Gm@layoutvoffset=\dimen151
\Gm@dimlist=\toks19
 (C:\Users\merce\AppData\Roaming\MiKTeX\tex/latex/geometry\geometry.cfg)) (C:\Users\merce\AppData\Roaming\MiKTeX\tex/latex/subfiles\subfiles.sty
Package: subfiles 2020/11/14 v2.2 Multi-file projects (package)
 (C:\Users\merce\AppData\Roaming\MiKTeX\tex/latex/import\import.sty
Package: import 2020/04/01  v 6.2
)) (C:\Users\merce\AppData\Roaming\MiKTeX\tex/latex/caption\subcaption.sty
Package: subcaption 2023/07/28 v1.6b Sub-captions (AR)
 (C:\Users\merce\AppData\Roaming\MiKTeX\tex/latex/caption\caption.sty
Package: caption 2023/08/05 v3.6o Customizing captions (AR)
 (C:\Users\merce\AppData\Roaming\MiKTeX\tex/latex/caption\caption3.sty
Package: caption3 2023/07/31 v2.4d caption3 kernel (AR)
\caption@tempdima=\dimen152
\captionmargin=\dimen153
\caption@leftmargin=\dimen154
\caption@rightmargin=\dimen155
\caption@width=\dimen156
\caption@indent=\dimen157
\caption@parindent=\dimen158
\caption@hangindent=\dimen159
Package caption Info: Standard document class detected.
)
\c@caption@flags=\count270
\c@continuedfloat=\count271
)
Package caption Info: New subtype `subfigure' on input line 238.
\c@subfigure=\count272
Package caption Info: New subtype `subtable' on input line 238.
\c@subtable=\count273
) (C:\Users\merce\AppData\Roaming\MiKTeX\tex/latex/lastpage\lastpage.sty
Package: lastpage 2024/04/27 v2.1a lastpage: 2.09 or 2e? (HMM)
 (C:\Users\merce\AppData\Roaming\MiKTeX\tex/latex/lastpage\lastpage2e.sty
Package: lastpage2e 2024/04/27 v2.1a Decide which 2e lastpage version to use (HMM)
 (C:\Users\merce\AppData\Roaming\MiKTeX\tex/latex/lastpage\lastpagemodern.sty
Package: lastpagemodern 2024-04-27 v2.1a Refers to last page's name (HMM; JPG)
\c@lastpagecount=\count274
) 
)) (C:\Users\merce\AppData\Roaming\MiKTeX\tex/latex/fancyhdr\fancyhdr.sty
Package: fancyhdr 2024/04/23 v4.2 Extensive control of page headers and footers
\f@nch@headwidth=\skip50
\f@nch@O@elh=\skip51
\f@nch@O@erh=\skip52
\f@nch@O@olh=\skip53
\f@nch@O@orh=\skip54
\f@nch@O@elf=\skip55
\f@nch@O@erf=\skip56
\f@nch@O@olf=\skip57
\f@nch@O@orf=\skip58
) (C:\Users\merce\AppData\Roaming\MiKTeX\tex/latex/pdfpages\pdfpages.sty
Package: pdfpages 2024/01/21 v0.5y Insert pages of external PDF documents (AM)
 (C:\Program Files\MiKTeX\tex/latex/base\ifthen.sty
Package: ifthen 2022/04/13 v1.1d Standard LaTeX ifthen package (DPC)
) (C:\Program Files\MiKTeX\tex/latex/tools\calc.sty
Package: calc 2023/07/08 v4.3 Infix arithmetic (KKT,FJ)
\calc@Acount=\count275
\calc@Bcount=\count276
\calc@Adimen=\dimen160
\calc@Bdimen=\dimen161
\calc@Askip=\skip59
\calc@Bskip=\skip60
LaTeX Info: Redefining \setlength on input line 80.
LaTeX Info: Redefining \addtolength on input line 81.
\calc@Ccount=\count277
\calc@Cskip=\skip61
) (C:\Users\merce\AppData\Roaming\MiKTeX\tex/latex/eso-pic\eso-pic.sty
Package: eso-pic 2023/05/03 v3.0c eso-pic (RN)
\ESO@tempdima=\dimen162
\ESO@tempdimb=\dimen163
 (C:\Program Files\MiKTeX\tex/latex/xcolor\xcolor.sty
Package: xcolor 2023/11/15 v3.01 LaTeX color extensions (UK)
 (C:\Program Files\MiKTeX\tex/latex/graphics-cfg\color.cfg
File: color.cfg 2016/01/02 v1.6 sample color configuration
)
Package xcolor Info: Driver file: pdftex.def on input line 274.
 (C:\Program Files\MiKTeX\tex/latex/graphics\mathcolor.ltx)
Package xcolor Info: Model `cmy' substituted by `cmy0' on input line 1350.
Package xcolor Info: Model `hsb' substituted by `rgb' on input line 1354.
Package xcolor Info: Model `RGB' extended on input line 1366.
Package xcolor Info: Model `HTML' substituted by `rgb' on input line 1368.
Package xcolor Info: Model `Hsb' substituted by `hsb' on input line 1369.
Package xcolor Info: Model `tHsb' substituted by `hsb' on input line 1370.
Package xcolor Info: Model `HSB' substituted by `hsb' on input line 1371.
Package xcolor Info: Model `Gray' substituted by `gray' on input line 1372.
Package xcolor Info: Model `wave' substituted by `hsb' on input line 1373.
))
\AM@pagewidth=\dimen164
\AM@pageheight=\dimen165
\AM@fboxrule=\dimen166
 (C:\Users\merce\AppData\Roaming\MiKTeX\tex/latex/pdfpages\pppdftex.def
File: pppdftex.def 2024/01/21 v0.5y Pdfpages driver for pdfTeX (AM)
)
\pdfpages@includegraphics@status=\count278
\AM@pagebox=\box51
\AM@global@opts=\toks20
\AM@pagecnt=\count279
\AM@toc@title=\toks21
\AM@lof@heading=\toks22
\c@AM@survey=\count280
\AM@templatesizebox=\box52
) (C:\Users\merce\AppData\Roaming\MiKTeX\tex/latex/tableof\tableof.sty
Package: tableof 2021/07/05 v1.4c Tables of tagged contents (JFB)
 (C:\Program Files\MiKTeX\tex/latex/base\atveryend-ltx.sty
Package: atveryend-ltx 2020/08/19 v1.0a Emulation of the original atveryend package
with kernel methods
)
\tof@toctoks=\toks23
) (C:\Users\merce\AppData\Roaming\MiKTeX\tex/latex/float\float.sty
Package: float 2001/11/08 v1.3d Float enhancements (AL)
\c@float@type=\count281
\float@exts=\toks24
\float@box=\box53
\@float@everytoks=\toks25
\@floatcapt=\box54
) (C:\Program Files\MiKTeX\tex/latex/l3backend\l3backend-pdftex.def
File: l3backend-pdftex.def 2024-04-11 L3 backend support: PDF output (pdfTeX)
\l__color_backend_stack_int=\count282
\l__pdf_internal_box=\box55
) (c:\Users\merce\Downloads\Proyecto Técnico Carpintería de Madera\build\main.aux
LaTeX Info: Redefining \. on input line 8.
LaTeX Info: Redefining \% on input line 8.
)
\openout1 = `main.aux'.

LaTeX Font Info:    Checking defaults for OML/cmm/m/it on input line 34.
LaTeX Font Info:    ... okay on input line 34.
LaTeX Font Info:    Checking defaults for OMS/cmsy/m/n on input line 34.
LaTeX Font Info:    ... okay on input line 34.
LaTeX Font Info:    Checking defaults for OT1/cmr/m/n on input line 34.
LaTeX Font Info:    ... okay on input line 34.
LaTeX Font Info:    Checking defaults for T1/cmr/m/n on input line 34.
LaTeX Font Info:    ... okay on input line 34.
LaTeX Font Info:    Checking defaults for TS1/cmr/m/n on input line 34.
LaTeX Font Info:    ... okay on input line 34.
LaTeX Font Info:    Checking defaults for OMX/cmex/m/n on input line 34.
LaTeX Font Info:    ... okay on input line 34.
LaTeX Font Info:    Checking defaults for U/cmr/m/n on input line 34.
LaTeX Font Info:    ... okay on input line 34.
 (C:\Program Files\MiKTeX\tex/context/base/mkii\supp-pdf.mkii
[Loading MPS to PDF converter (version 2006.09.02).]
\scratchcounter=\count283
\scratchdimen=\dimen167
\scratchbox=\box56
\nofMPsegments=\count284
\nofMParguments=\count285
\everyMPshowfont=\toks26
\MPscratchCnt=\count286
\MPscratchDim=\dimen168
\MPnumerator=\count287
\makeMPintoPDFobject=\count288
\everyMPtoPDFconversion=\toks27
) (C:\Program Files\MiKTeX\tex/latex/epstopdf-pkg\epstopdf-base.sty
Package: epstopdf-base 2020-01-24 v2.11 Base part for package epstopdf
Package epstopdf-base Info: Redefining graphics rule for `.eps' on input line 485.
 (C:\Program Files\MiKTeX\tex/latex/00miktex\epstopdf-sys.cfg
File: epstopdf-sys.cfg 2021/03/18 v2.0 Configuration of epstopdf for MiKTeX
))
LaTeX Info: Redefining \. on input line 34.
LaTeX Info: Redefining \% on input line 34.

*geometry* driver: auto-detecting
*geometry* detected driver: pdftex
*geometry* verbose mode - [ preamble ] result:
* driver: pdftex
* paper: letterpaper
* layout: <same size as paper>
* layoutoffset:(h,v)=(0.0pt,0.0pt)
* modes: 
* h-part:(L,W,R)=(85.35826pt, 486.25761pt, 42.67912pt)
* v-part:(T,H,B)=(56.9055pt, 681.15898pt, 56.9055pt)
* \paperwidth=614.295pt
* \paperheight=794.96999pt
* \textwidth=486.25761pt
* \textheight=681.15898pt
* \oddsidemargin=13.08827pt
* \evensidemargin=13.08827pt
* \topmargin=-52.36449pt
* \headheight=12.0pt
* \headsep=25.0pt
* \topskip=11.0pt
* \footskip=30.0pt
* \marginparwidth=49.79231pt
* \marginparsep=10.0pt
* \columnsep=10.0pt
* \skip\footins=10.0pt plus 4.0pt minus 2.0pt
* \hoffset=0.0pt
* \voffset=0.0pt
* \mag=1000
* \@twocolumnfalse
* \@twosidefalse
* \@mparswitchfalse
* \@reversemarginfalse
* (1in=72.27pt=25.4mm, 1cm=28.453pt)

Package caption Info: Begin \AtBeginDocument code.
Package caption Info: float package is loaded.
Package caption Info: End \AtBeginDocument code.
(C:\Users\merce\AppData\Roaming\MiKTeX\tex/latex/pdflscape\pdflscape.sty
Package: pdflscape 2022-10-27 v0.13 Display of landscape pages in PDF
 (C:\Users\merce\AppData\Roaming\MiKTeX\tex/latex/pdflscape\pdflscape-nometadata.sty
Package: pdflscape-nometadata 2022-10-28 v0.13 Display of landscape pages in PDF (HO)
 (C:\Program Files\MiKTeX\tex/latex/graphics\lscape.sty
Package: lscape 2020/05/28 v3.02 Landscape Pages (DPC)
)
Package pdflscape Info: Auto-detected driver: pdftex on input line 81.
))
\tof@tf=\read3
<Imagenes/Logo UMA.jpg, id=1, 1778.645pt x 948.54375pt>
File: Imagenes/Logo UMA.jpg Graphic file (type jpg)
<use Imagenes/Logo UMA.jpg>
Package pdftex.def Info: Imagenes/Logo UMA.jpg  used on input line 44.
(pdftex.def)             Requested size: 243.1288pt x 129.65445pt.
 [1

{C:/Users/merce/AppData/Local/MiKTeX/fonts/map/pdftex/pdftex.map} <./Imagenes/Logo UMA.jpg>] (Documentos basicos/Indice General.tex
File: Imagenes/Logo UMA.jpg Graphic file (type jpg)
<use Imagenes/Logo UMA.jpg>
Package pdftex.def Info: Imagenes/Logo UMA.jpg  used on input line 7.
(pdftex.def)             Requested size: 243.1288pt x 129.65445pt.
 [1] (c:\Users\merce\Downloads\Proyecto Técnico Carpintería de Madera\build\main.toc
LaTeX Info: Redefining \. on input line 1.
LaTeX Info: Redefining \% on input line 1.
LaTeX Font Info:    External font `cmex10' loaded for size
(Font)              <10.95> on input line 6.
LaTeX Font Info:    External font `cmex10' loaded for size
(Font)              <8> on input line 6.
LaTeX Font Info:    External font `cmex10' loaded for size
(Font)              <6> on input line 6.
 [2

] [3] [4])
\tf@toc=\write3
\openout3 = `main.toc'.

) (Documentos basicos/Memoria.tex [5]
File: Imagenes/Logo UMA.jpg Graphic file (type jpg)
<use Imagenes/Logo UMA.jpg>
Package pdftex.def Info: Imagenes/Logo UMA.jpg  used on input line 7.
(pdftex.def)             Requested size: 243.1288pt x 129.65445pt.
 [6]
LaTeX Info: Redefining \. on input line 28.
LaTeX Info: Redefining \% on input line 28.
 [7

] [8] [9] [10] [11] [12] [13] [14]
<Imagenes/Combinada5Operaciones.png, id=60, 3011.25pt x 1835.85875pt>
File: Imagenes/Combinada5Operaciones.png Graphic file (type png)
<use Imagenes/Combinada5Operaciones.png>
Package pdftex.def Info: Imagenes/Combinada5Operaciones.png  used on input line 268.
(pdftex.def)             Requested size: 243.1288pt x 148.21631pt.
<Imagenes/CNCGrande.png, id=62, 1144.275pt x 745.78625pt>
File: Imagenes/CNCGrande.png Graphic file (type png)
<use Imagenes/CNCGrande.png>
Package pdftex.def Info: Imagenes/CNCGrande.png  used on input line 276.
(pdftex.def)             Requested size: 243.1288pt x 158.45187pt.
<Imagenes/CNCPequena.png, id=63, 3011.25pt x 2192.19pt>
File: Imagenes/CNCPequena.png Graphic file (type png)
<use Imagenes/CNCPequena.png>
Package pdftex.def Info: Imagenes/CNCPequena.png  used on input line 284.
(pdftex.def)             Requested size: 243.1288pt x 176.98439pt.
 [15 <./Imagenes/Combinada5Operaciones.png> <./Imagenes/CNCGrande.png>]
<Imagenes/Lijadora.png, id=69, 692.5875pt x 451.6875pt>
File: Imagenes/Lijadora.png Graphic file (type png)
<use Imagenes/Lijadora.png>
Package pdftex.def Info: Imagenes/Lijadora.png  used on input line 292.
(pdftex.def)             Requested size: 243.1288pt x 158.56165pt.
<Imagenes/SeccionadoraVertical.png, id=70, 3011.25pt x 2257.43375pt>
File: Imagenes/SeccionadoraVertical.png Graphic file (type png)
<use Imagenes/SeccionadoraVertical.png>
Package pdftex.def Info: Imagenes/SeccionadoraVertical.png  used on input line 300.
(pdftex.def)             Requested size: 243.1288pt x 182.25177pt.
 [16 <./Imagenes/CNCPequena.png> <./Imagenes/Lijadora.png>]
<Imagenes/Briquetadora.png, id=76, 849.1725pt x 582.175pt>
File: Imagenes/Briquetadora.png Graphic file (type png)
<use Imagenes/Briquetadora.png>
Package pdftex.def Info: Imagenes/Briquetadora.png  used on input line 309.
(pdftex.def)             Requested size: 243.1288pt x 166.68556pt.
<Imagenes/MesaTrabajo.png, id=77, 849.1725pt x 582.175pt>
File: Imagenes/MesaTrabajo.png Graphic file (type png)
<use Imagenes/MesaTrabajo.png>
Package pdftex.def Info: Imagenes/MesaTrabajo.png  used on input line 318.
(pdftex.def)             Requested size: 243.1288pt x 166.68556pt.
 [17 <./Imagenes/SeccionadoraVertical.png> <./Imagenes/Briquetadora.png>]
<Imagenes/GrupoAspiracion.png, id=83, 461.725pt x 392.46625pt>
File: Imagenes/GrupoAspiracion.png Graphic file (type png)
<use Imagenes/GrupoAspiracion.png>
Package pdftex.def Info: Imagenes/GrupoAspiracion.png  used on input line 325.
(pdftex.def)             Requested size: 243.1288pt x 206.65869pt.
 [18 <./Imagenes/MesaTrabajo.png> <./Imagenes/GrupoAspiracion.png>] [19] [20] [21] [22] [23]
<Imagenes/Lista de luminarias.png, id=107, 895.09406pt x 511.9125pt>
File: Imagenes/Lista de luminarias.png Graphic file (type png)
<use Imagenes/Lista de luminarias.png>
Package pdftex.def Info: Imagenes/Lista de luminarias.png  used on input line 564.
(pdftex.def)             Requested size: 364.6932pt x 208.57321pt.
 [24] [25 <./Imagenes/Lista de luminarias.png>] [26]
<Imagenes/Planificacion.png, id=119, 2670.97874pt x 2116.90875pt>
File: Imagenes/Planificacion.png Graphic file (type png)
<use Imagenes/Planificacion.png>
Package pdftex.def Info: Imagenes/Planificacion.png  used on input line 647.
(pdftex.def)             Requested size: 486.25761pt x 385.38782pt.
 [27]) (Documentos basicos/Anexos.tex [28 <./Imagenes/Planificacion.png>]
File: Imagenes/Logo UMA.jpg Graphic file (type jpg)
<use Imagenes/Logo UMA.jpg>
Package pdftex.def Info: Imagenes/Logo UMA.jpg  used on input line 7.
(pdftex.def)             Requested size: 243.1288pt x 129.65445pt.
 [29]
LaTeX Info: Redefining \. on input line 29.
LaTeX Info: Redefining \% on input line 29.
 [30

] [31] (Documentos basicos/Anexos/Anexo I Instalacion de Fontaneria.tex
File: Imagenes/Logo UMA.jpg Graphic file (type jpg)
<use Imagenes/Logo UMA.jpg>
Package pdftex.def Info: Imagenes/Logo UMA.jpg  used on input line 6.
(pdftex.def)             Requested size: 243.1288pt x 129.65445pt.
 [32] [33] [34] [35] [36] [37] [38]
<Imagenes/DepositoAuxiliarAgua.png, id=163, 1150.2975pt x 572.89032pt>
File: Imagenes/DepositoAuxiliarAgua.png Graphic file (type png)
<use Imagenes/DepositoAuxiliarAgua.png>
Package pdftex.def Info: Imagenes/DepositoAuxiliarAgua.png  used on input line 243.
(pdftex.def)             Requested size: 243.1288pt x 121.07977pt.
<Imagenes/BombaAgua.png, id=164, 1154.81438pt x 663.98062pt>
File: Imagenes/BombaAgua.png Graphic file (type png)
<use Imagenes/BombaAgua.png>
Package pdftex.def Info: Imagenes/BombaAgua.png  used on input line 262.
(pdftex.def)             Requested size: 243.1288pt x 139.78452pt.
 [39 <./Imagenes/DepositoAuxiliarAgua.png>]
<Imagenes/Vaso de Expansion.png, id=169, 1160.83687pt x 541.27219pt>
File: Imagenes/Vaso de Expansion.png Graphic file (type png)
<use Imagenes/Vaso de Expansion.png>
Package pdftex.def Info: Imagenes/Vaso de Expansion.png  used on input line 280.
(pdftex.def)             Requested size: 243.1288pt x 113.36491pt.
 [40 <./Imagenes/BombaAgua.png> <./Imagenes/Vaso de Expansion.png>]
<Imagenes/Termo.png, id=175, 902.6222pt x 640.64343pt>
File: Imagenes/Termo.png Graphic file (type png)
<use Imagenes/Termo.png>
Package pdftex.def Info: Imagenes/Termo.png  used on input line 297.
(pdftex.def)             Requested size: 243.1288pt x 172.5557pt.
) (Documentos basicos/Anexos/Anexo II Saneamiento.tex [41 <./Imagenes/Termo.png>]
File: Imagenes/Logo UMA.jpg Graphic file (type jpg)
<use Imagenes/Logo UMA.jpg>
Package pdftex.def Info: Imagenes/Logo UMA.jpg  used on input line 6.
(pdftex.def)             Requested size: 243.1288pt x 129.65445pt.
 [42]
<Imagenes/detalleisoyetas.png, id=184, 648.92438pt x 271.0125pt>
File: Imagenes/detalleisoyetas.png Graphic file (type png)
<use Imagenes/detalleisoyetas.png>
Package pdftex.def Info: Imagenes/detalleisoyetas.png  used on input line 58.
(pdftex.def)             Requested size: 486.25761pt x 203.08104pt.
 [43 <./Imagenes/detalleisoyetas.png>] [44] [45] [46] [47]) (Documentos basicos/Anexos/Anexo III Iluminacion.tex [48]
File: Imagenes/Logo UMA.jpg Graphic file (type jpg)
<use Imagenes/Logo UMA.jpg>
Package pdftex.def Info: Imagenes/Logo UMA.jpg  used on input line 6.
(pdftex.def)             Requested size: 243.1288pt x 129.65445pt.
 [49] [50]
File: Imagenes/Lista de luminarias.png Graphic file (type png)
<use Imagenes/Lista de luminarias.png>
Package pdftex.def Info: Imagenes/Lista de luminarias.png  used on input line 80.
(pdftex.def)             Requested size: 364.6932pt x 208.57321pt.
<Imagenes/Iluminacion Planta Produccion.png, id=210, 804.00375pt x 470.50781pt>
File: Imagenes/Iluminacion Planta Produccion.png Graphic file (type png)
<use Imagenes/Iluminacion Planta Produccion.png>
Package pdftex.def Info: Imagenes/Iluminacion Planta Produccion.png  used on input line 87.
(pdftex.def)             Requested size: 243.1288pt x 142.28058pt.
 [51]
<Imagenes/Resultados Iluminacion Planta de Produccion.png, id=214, 925.95938pt x 597.73312pt>
File: Imagenes/Resultados Iluminacion Planta de Produccion.png Graphic file (type png)
<use Imagenes/Resultados Iluminacion Planta de Produccion.png>
Package pdftex.def Info: Imagenes/Resultados Iluminacion Planta de Produccion.png  used on input line 93.
(pdftex.def)             Requested size: 364.6932pt x 235.4225pt.
<Imagenes/Iluminacion Bano Femenino.png, id=215, 646.66594pt x 569.87906pt>
File: Imagenes/Iluminacion Bano Femenino.png Graphic file (type png)
<use Imagenes/Iluminacion Bano Femenino.png>
Package pdftex.def Info: Imagenes/Iluminacion Bano Femenino.png  used on input line 100.
(pdftex.def)             Requested size: 243.1288pt x 214.26064pt.
 [52 <./Imagenes/Iluminacion Planta Produccion.png> <./Imagenes/Resultados Iluminacion Planta de Produccion.png>]
<Imagenes/Resultados Iluminacion Bano Femenino.png, id=221, 755.82375pt x 408.02437pt>
File: Imagenes/Resultados Iluminacion Bano Femenino.png Graphic file (type png)
<use Imagenes/Resultados Iluminacion Bano Femenino.png>
Package pdftex.def Info: Imagenes/Resultados Iluminacion Bano Femenino.png  used on input line 106.
(pdftex.def)             Requested size: 364.6932pt x 196.87675pt.
<Imagenes/Iluminacion Bano Masculino.png, id=222, 3213.00375pt x 2970.09625pt>
File: Imagenes/Iluminacion Bano Masculino.png Graphic file (type png)
<use Imagenes/Iluminacion Bano Masculino.png>
Package pdftex.def Info: Imagenes/Iluminacion Bano Masculino.png  used on input line 113.
(pdftex.def)             Requested size: 243.1288pt x 224.74168pt.
 [53 <./Imagenes/Iluminacion Bano Femenino.png> <./Imagenes/Resultados Iluminacion Bano Femenino.png>]
<Imagenes/Resultados Iluminacion Bano Masculino.png, id=228, 753.5653pt x 410.2828pt>
File: Imagenes/Resultados Iluminacion Bano Masculino.png Graphic file (type png)
<use Imagenes/Resultados Iluminacion Bano Masculino.png>
Package pdftex.def Info: Imagenes/Resultados Iluminacion Bano Masculino.png  used on input line 119.
(pdftex.def)             Requested size: 364.6932pt x 198.55495pt.
<Imagenes/Iluminacion Bano Minusvalidos.png, id=229, 3213.00375pt x 2117.9125pt>
File: Imagenes/Iluminacion Bano Minusvalidos.png Graphic file (type png)
<use Imagenes/Iluminacion Bano Minusvalidos.png>
Package pdftex.def Info: Imagenes/Iluminacion Bano Minusvalidos.png  used on input line 126.
(pdftex.def)             Requested size: 243.1288pt x 160.25851pt.
 [54 <./Imagenes/Iluminacion Bano Masculino.png> <./Imagenes/Resultados Iluminacion Bano Masculino.png>]
<Imagenes/Resultados Iluminacion Bano Minusvalidos.png, id=236, 749.80125pt x 411.03563pt>
File: Imagenes/Resultados Iluminacion Bano Minusvalidos.png Graphic file (type png)
<use Imagenes/Resultados Iluminacion Bano Minusvalidos.png>
Package pdftex.def Info: Imagenes/Resultados Iluminacion Bano Minusvalidos.png  used on input line 132.
(pdftex.def)             Requested size: 364.6932pt x 199.92278pt.
<Imagenes/Iluminacion Zona Exposicion.png, id=237, 3213.00375pt x 3213.00375pt>
File: Imagenes/Iluminacion Zona Exposicion.png Graphic file (type png)
<use Imagenes/Iluminacion Zona Exposicion.png>
Package pdftex.def Info: Imagenes/Iluminacion Zona Exposicion.png  used on input line 139.
(pdftex.def)             Requested size: 243.1288pt x 243.12204pt.
 [55 <./Imagenes/Iluminacion Bano Minusvalidos.png> <./Imagenes/Resultados Iluminacion Bano Minusvalidos.png>]
<Imagenes/Resultados Iluminacion Zona Exposicion.png, id=243, 746.79pt x 405.76593pt>
File: Imagenes/Resultados Iluminacion Zona Exposicion.png Graphic file (type png)
<use Imagenes/Resultados Iluminacion Zona Exposicion.png>
Package pdftex.def Info: Imagenes/Resultados Iluminacion Zona Exposicion.png  used on input line 145.
(pdftex.def)             Requested size: 364.6932pt x 198.15218pt.
<Imagenes/Iluminacion Oficina.png, id=244, 3213.00375pt x 2218.2875pt>
File: Imagenes/Iluminacion Oficina.png Graphic file (type png)
<use Imagenes/Iluminacion Oficina.png>
Package pdftex.def Info: Imagenes/Iluminacion Oficina.png  used on input line 152.
(pdftex.def)             Requested size: 243.1288pt x 167.85371pt.
 [56 <./Imagenes/Iluminacion Zona Exposicion.png> <./Imagenes/Resultados Iluminacion Zona Exposicion.png>]
<Imagenes/Resultados Iluminacion Oficina.png, id=250, 746.79pt x 487.06969pt>
File: Imagenes/Resultados Iluminacion Oficina.png Graphic file (type png)
<use Imagenes/Resultados Iluminacion Oficina.png>
Package pdftex.def Info: Imagenes/Resultados Iluminacion Oficina.png  used on input line 158.
(pdftex.def)             Requested size: 364.6932pt x 237.85612pt.
<Imagenes/Iluminacion Almacen.png, id=251, 564.60938pt x 610.53094pt>
File: Imagenes/Iluminacion Almacen.png Graphic file (type png)
<use Imagenes/Iluminacion Almacen.png>
Package pdftex.def Info: Imagenes/Iluminacion Almacen.png  used on input line 165.
(pdftex.def)             Requested size: 243.1288pt x 262.90514pt.
 [57 <./Imagenes/Iluminacion Oficina.png> <./Imagenes/Resultados Iluminacion Oficina.png>]
<Imagenes/Resultados Iluminacion Almacen.png, id=257, 749.80125pt x 400.49625pt>
File: Imagenes/Resultados Iluminacion Almacen.png Graphic file (type png)
<use Imagenes/Resultados Iluminacion Almacen.png>
Package pdftex.def Info: Imagenes/Resultados Iluminacion Almacen.png  used on input line 171.
(pdftex.def)             Requested size: 364.6932pt x 194.79655pt.
<Imagenes/Iluminacion Vestuario Femenino.png, id=258, 3213.00375pt x 2786.41pt>
File: Imagenes/Iluminacion Vestuario Femenino.png Graphic file (type png)
<use Imagenes/Iluminacion Vestuario Femenino.png>
Package pdftex.def Info: Imagenes/Iluminacion Vestuario Femenino.png  used on input line 178.
(pdftex.def)             Requested size: 243.1288pt x 210.84248pt.
 [58 <./Imagenes/Iluminacion Almacen.png> <./Imagenes/Resultados Iluminacion Almacen.png>]
<Imagenes/Resultados Iluminacion Vestuario Femenino.png, id=264, 757.32938pt x 409.53pt>
File: Imagenes/Resultados Iluminacion Vestuario Femenino.png Graphic file (type png)
<use Imagenes/Resultados Iluminacion Vestuario Femenino.png>
Package pdftex.def Info: Imagenes/Resultados Iluminacion Vestuario Femenino.png  used on input line 184.
(pdftex.def)             Requested size: 364.6932pt x 197.20955pt.
<Imagenes/Iluminacion Vestuario Masculino.png, id=265, 3213.00375pt x 2786.41pt>
File: Imagenes/Iluminacion Vestuario Masculino.png Graphic file (type png)
<use Imagenes/Iluminacion Vestuario Masculino.png>
Package pdftex.def Info: Imagenes/Iluminacion Vestuario Masculino.png  used on input line 191.
(pdftex.def)             Requested size: 243.1288pt x 210.84248pt.
 [59 <./Imagenes/Iluminacion Vestuario Femenino.png> <./Imagenes/Resultados Iluminacion Vestuario Femenino.png>]
<Imagenes/Resultados Iluminacion Vestuario Masculino.png, id=271, 750.55406pt x 408.02437pt>
File: Imagenes/Resultados Iluminacion Vestuario Masculino.png Graphic file (type png)
<use Imagenes/Resultados Iluminacion Vestuario Masculino.png>
Package pdftex.def Info: Imagenes/Resultados Iluminacion Vestuario Masculino.png  used on input line 197.
(pdftex.def)             Requested size: 364.6932pt x 198.25891pt.
<Imagenes/Iluminacion Zona Descanso.png, id=272, 3213.00375pt x 3213.00375pt>
File: Imagenes/Iluminacion Zona Descanso.png Graphic file (type png)
<use Imagenes/Iluminacion Zona Descanso.png>
Package pdftex.def Info: Imagenes/Iluminacion Zona Descanso.png  used on input line 204.
(pdftex.def)             Requested size: 243.1288pt x 243.12204pt.
 [60 <./Imagenes/Iluminacion Vestuario Masculino.png> <./Imagenes/Resultados Iluminacion Vestuario Masculino.png>]
<Imagenes/Resultados Iluminacion Zona Descanso.png, id=279, 767.11594pt x 412.54124pt>
File: Imagenes/Resultados Iluminacion Zona Descanso.png Graphic file (type png)
<use Imagenes/Resultados Iluminacion Zona Descanso.png>
Package pdftex.def Info: Imagenes/Resultados Iluminacion Zona Descanso.png  used on input line 210.
(pdftex.def)             Requested size: 364.6932pt x 196.12909pt.


pdfTeX warning: pdflatex (file ./Otros/Philips - CoreLine Downlight gen5.pdf): PDF inclusion: found PDF version <1.7>, but at most version <1.5> allowed
<Otros/Philips - CoreLine Downlight gen5.pdf, id=280, 597.51233pt x 845.0471pt>
File: Otros/Philips - CoreLine Downlight gen5.pdf Graphic file (type pdf)
<use Otros/Philips - CoreLine Downlight gen5.pdf>
Package pdftex.def Info: Otros/Philips - CoreLine Downlight gen5.pdf  used on input line 217.
(pdftex.def)             Requested size: 597.51086pt x 845.04504pt.


pdfTeX warning: pdflatex (file ./Otros/Philips - CoreLine Downlight gen5.pdf): PDF inclusion: found PDF version <1.7>, but at most version <1.5> allowed
File: Otros/Philips - CoreLine Downlight gen5.pdf Graphic file (type pdf)
<use Otros/Philips - CoreLine Downlight gen5.pdf>
Package pdftex.def Info: Otros/Philips - CoreLine Downlight gen5.pdf  used on input line 217.
(pdftex.def)             Requested size: 597.51086pt x 845.04504pt.


pdfTeX warning: pdflatex (file ./Otros/Philips - CoreLine Downlight gen5.pdf): PDF inclusion: found PDF version <1.7>, but at most version <1.5> allowed


pdfTeX warning: pdflatex (file ./Otros/Philips - CoreLine Downlight gen5.pdf): PDF inclusion: found PDF version <1.7>, but at most version <1.5> allowed
<Otros/Philips - CoreLine Downlight gen5.pdf, id=283, page=1, 597.51233pt x 845.0471pt>
File: Otros/Philips - CoreLine Downlight gen5.pdf Graphic file (type pdf)
<use Otros/Philips - CoreLine Downlight gen5.pdf, page 1>
Package pdftex.def Info: Otros/Philips - CoreLine Downlight gen5.pdf , page1 used on input line 217.
(pdftex.def)             Requested size: 597.51086pt x 845.04504pt.
File: Otros/Philips - CoreLine Downlight gen5.pdf Graphic file (type pdf)
<use Otros/Philips - CoreLine Downlight gen5.pdf, page 1>
Package pdftex.def Info: Otros/Philips - CoreLine Downlight gen5.pdf , page1 used on input line 217.
(pdftex.def)             Requested size: 562.12665pt x 795.00201pt.
[61 <./Imagenes/Iluminacion Zona Descanso.png> <./Imagenes/Resultados Iluminacion Zona Descanso.png>]
File: Otros/Philips - CoreLine Downlight gen5.pdf Graphic file (type pdf)
<use Otros/Philips - CoreLine Downlight gen5.pdf, page 1>
Package pdftex.def Info: Otros/Philips - CoreLine Downlight gen5.pdf , page1 used on input line 217.
(pdftex.def)             Requested size: 562.12665pt x 795.00201pt.
File: Otros/Philips - CoreLine Downlight gen5.pdf Graphic file (type pdf)
<use Otros/Philips - CoreLine Downlight gen5.pdf, page 1>
Package pdftex.def Info: Otros/Philips - CoreLine Downlight gen5.pdf , page1 used on input line 217.
(pdftex.def)             Requested size: 562.12665pt x 795.00201pt.
File: Otros/Philips - CoreLine Downlight gen5.pdf Graphic file (type pdf)
<use Otros/Philips - CoreLine Downlight gen5.pdf, page 1>
Package pdftex.def Info: Otros/Philips - CoreLine Downlight gen5.pdf , page1 used on input line 217.
(pdftex.def)             Requested size: 562.12665pt x 795.00201pt.
 [62

 <./Otros/Philips - CoreLine Downlight gen5.pdf>]

pdfTeX warning: pdflatex (file ./Otros/Philips - RC132V G5 All-in PSU W60L60.pdf): PDF inclusion: found PDF version <1.7>, but at most version <1.5> allowed
<Otros/Philips - RC132V G5 All-in PSU W60L60.pdf, id=323, 597.51233pt x 845.0471pt>
File: Otros/Philips - RC132V G5 All-in PSU W60L60.pdf Graphic file (type pdf)
<use Otros/Philips - RC132V G5 All-in PSU W60L60.pdf>
Package pdftex.def Info: Otros/Philips - RC132V G5 All-in PSU W60L60.pdf  used on input line 221.
(pdftex.def)             Requested size: 597.51086pt x 845.04504pt.


pdfTeX warning: pdflatex (file ./Otros/Philips - RC132V G5 All-in PSU W60L60.pdf): PDF inclusion: found PDF version <1.7>, but at most version <1.5> allowed
File: Otros/Philips - RC132V G5 All-in PSU W60L60.pdf Graphic file (type pdf)
<use Otros/Philips - RC132V G5 All-in PSU W60L60.pdf>
Package pdftex.def Info: Otros/Philips - RC132V G5 All-in PSU W60L60.pdf  used on input line 221.
(pdftex.def)             Requested size: 597.51086pt x 845.04504pt.


pdfTeX warning: pdflatex (file ./Otros/Philips - RC132V G5 All-in PSU W60L60.pdf): PDF inclusion: found PDF version <1.7>, but at most version <1.5> allowed


pdfTeX warning: pdflatex (file ./Otros/Philips - RC132V G5 All-in PSU W60L60.pdf): PDF inclusion: found PDF version <1.7>, but at most version <1.5> allowed
<Otros/Philips - RC132V G5 All-in PSU W60L60.pdf, id=326, page=1, 597.51233pt x 845.0471pt>
File: Otros/Philips - RC132V G5 All-in PSU W60L60.pdf Graphic file (type pdf)
<use Otros/Philips - RC132V G5 All-in PSU W60L60.pdf, page 1>
Package pdftex.def Info: Otros/Philips - RC132V G5 All-in PSU W60L60.pdf , page1 used on input line 221.
(pdftex.def)             Requested size: 597.51086pt x 845.04504pt.
File: Otros/Philips - RC132V G5 All-in PSU W60L60.pdf Graphic file (type pdf)
<use Otros/Philips - RC132V G5 All-in PSU W60L60.pdf, page 1>
Package pdftex.def Info: Otros/Philips - RC132V G5 All-in PSU W60L60.pdf , page1 used on input line 221.
(pdftex.def)             Requested size: 562.12665pt x 795.00201pt.
File: Otros/Philips - RC132V G5 All-in PSU W60L60.pdf Graphic file (type pdf)
<use Otros/Philips - RC132V G5 All-in PSU W60L60.pdf, page 1>
Package pdftex.def Info: Otros/Philips - RC132V G5 All-in PSU W60L60.pdf , page1 used on input line 221.
(pdftex.def)             Requested size: 562.12665pt x 795.00201pt.
File: Otros/Philips - RC132V G5 All-in PSU W60L60.pdf Graphic file (type pdf)
<use Otros/Philips - RC132V G5 All-in PSU W60L60.pdf, page 1>
Package pdftex.def Info: Otros/Philips - RC132V G5 All-in PSU W60L60.pdf , page1 used on input line 221.
(pdftex.def)             Requested size: 562.12665pt x 795.00201pt.
File: Otros/Philips - RC132V G5 All-in PSU W60L60.pdf Graphic file (type pdf)
<use Otros/Philips - RC132V G5 All-in PSU W60L60.pdf, page 1>
Package pdftex.def Info: Otros/Philips - RC132V G5 All-in PSU W60L60.pdf , page1 used on input line 221.
(pdftex.def)             Requested size: 562.12665pt x 795.00201pt.
[63

 <./Otros/Philips - RC132V G5 All-in PSU W60L60.pdf>]

pdfTeX warning: pdflatex (file ./Otros/Philips - RC132V G5 PSU W30L120.pdf): PDF inclusion: found PDF version <1.7>, but at most version <1.5> allowed
<Otros/Philips - RC132V G5 PSU W30L120.pdf, id=361, 597.51233pt x 845.0471pt>
File: Otros/Philips - RC132V G5 PSU W30L120.pdf Graphic file (type pdf)
<use Otros/Philips - RC132V G5 PSU W30L120.pdf>
Package pdftex.def Info: Otros/Philips - RC132V G5 PSU W30L120.pdf  used on input line 225.
(pdftex.def)             Requested size: 597.51086pt x 845.04504pt.


pdfTeX warning: pdflatex (file ./Otros/Philips - RC132V G5 PSU W30L120.pdf): PDF inclusion: found PDF version <1.7>, but at most version <1.5> allowed
File: Otros/Philips - RC132V G5 PSU W30L120.pdf Graphic file (type pdf)
<use Otros/Philips - RC132V G5 PSU W30L120.pdf>
Package pdftex.def Info: Otros/Philips - RC132V G5 PSU W30L120.pdf  used on input line 225.
(pdftex.def)             Requested size: 597.51086pt x 845.04504pt.


pdfTeX warning: pdflatex (file ./Otros/Philips - RC132V G5 PSU W30L120.pdf): PDF inclusion: found PDF version <1.7>, but at most version <1.5> allowed


pdfTeX warning: pdflatex (file ./Otros/Philips - RC132V G5 PSU W30L120.pdf): PDF inclusion: found PDF version <1.7>, but at most version <1.5> allowed
<Otros/Philips - RC132V G5 PSU W30L120.pdf, id=364, page=1, 597.51233pt x 845.0471pt>
File: Otros/Philips - RC132V G5 PSU W30L120.pdf Graphic file (type pdf)
<use Otros/Philips - RC132V G5 PSU W30L120.pdf, page 1>
Package pdftex.def Info: Otros/Philips - RC132V G5 PSU W30L120.pdf , page1 used on input line 225.
(pdftex.def)             Requested size: 597.51086pt x 845.04504pt.
File: Otros/Philips - RC132V G5 PSU W30L120.pdf Graphic file (type pdf)
<use Otros/Philips - RC132V G5 PSU W30L120.pdf, page 1>
Package pdftex.def Info: Otros/Philips - RC132V G5 PSU W30L120.pdf , page1 used on input line 225.
(pdftex.def)             Requested size: 562.12665pt x 795.00201pt.
File: Otros/Philips - RC132V G5 PSU W30L120.pdf Graphic file (type pdf)
<use Otros/Philips - RC132V G5 PSU W30L120.pdf, page 1>
Package pdftex.def Info: Otros/Philips - RC132V G5 PSU W30L120.pdf , page1 used on input line 225.
(pdftex.def)             Requested size: 562.12665pt x 795.00201pt.
File: Otros/Philips - RC132V G5 PSU W30L120.pdf Graphic file (type pdf)
<use Otros/Philips - RC132V G5 PSU W30L120.pdf, page 1>
Package pdftex.def Info: Otros/Philips - RC132V G5 PSU W30L120.pdf , page1 used on input line 225.
(pdftex.def)             Requested size: 562.12665pt x 795.00201pt.
File: Otros/Philips - RC132V G5 PSU W30L120.pdf Graphic file (type pdf)
<use Otros/Philips - RC132V G5 PSU W30L120.pdf, page 1>
Package pdftex.def Info: Otros/Philips - RC132V G5 PSU W30L120.pdf , page1 used on input line 225.
(pdftex.def)             Requested size: 562.12665pt x 795.00201pt.
[64

 <./Otros/Philips - RC132V G5 PSU W30L120.pdf>]

pdfTeX warning: pdflatex (file ./Otros/Philips - RC132V SIA W60L60.pdf): PDF inclusion: found PDF version <1.7>, but at most version <1.5> allowed
<Otros/Philips - RC132V SIA W60L60.pdf, id=399, 597.51233pt x 845.0471pt>
File: Otros/Philips - RC132V SIA W60L60.pdf Graphic file (type pdf)
<use Otros/Philips - RC132V SIA W60L60.pdf>
Package pdftex.def Info: Otros/Philips - RC132V SIA W60L60.pdf  used on input line 229.
(pdftex.def)             Requested size: 597.51086pt x 845.04504pt.


pdfTeX warning: pdflatex (file ./Otros/Philips - RC132V SIA W60L60.pdf): PDF inclusion: found PDF version <1.7>, but at most version <1.5> allowed
File: Otros/Philips - RC132V SIA W60L60.pdf Graphic file (type pdf)
<use Otros/Philips - RC132V SIA W60L60.pdf>
Package pdftex.def Info: Otros/Philips - RC132V SIA W60L60.pdf  used on input line 229.
(pdftex.def)             Requested size: 597.51086pt x 845.04504pt.


pdfTeX warning: pdflatex (file ./Otros/Philips - RC132V SIA W60L60.pdf): PDF inclusion: found PDF version <1.7>, but at most version <1.5> allowed


pdfTeX warning: pdflatex (file ./Otros/Philips - RC132V SIA W60L60.pdf): PDF inclusion: found PDF version <1.7>, but at most version <1.5> allowed
<Otros/Philips - RC132V SIA W60L60.pdf, id=402, page=1, 597.51233pt x 845.0471pt>
File: Otros/Philips - RC132V SIA W60L60.pdf Graphic file (type pdf)
<use Otros/Philips - RC132V SIA W60L60.pdf, page 1>
Package pdftex.def Info: Otros/Philips - RC132V SIA W60L60.pdf , page1 used on input line 229.
(pdftex.def)             Requested size: 597.51086pt x 845.04504pt.
File: Otros/Philips - RC132V SIA W60L60.pdf Graphic file (type pdf)
<use Otros/Philips - RC132V SIA W60L60.pdf, page 1>
Package pdftex.def Info: Otros/Philips - RC132V SIA W60L60.pdf , page1 used on input line 229.
(pdftex.def)             Requested size: 562.12665pt x 795.00201pt.
File: Otros/Philips - RC132V SIA W60L60.pdf Graphic file (type pdf)
<use Otros/Philips - RC132V SIA W60L60.pdf, page 1>
Package pdftex.def Info: Otros/Philips - RC132V SIA W60L60.pdf , page1 used on input line 229.
(pdftex.def)             Requested size: 562.12665pt x 795.00201pt.
File: Otros/Philips - RC132V SIA W60L60.pdf Graphic file (type pdf)
<use Otros/Philips - RC132V SIA W60L60.pdf, page 1>
Package pdftex.def Info: Otros/Philips - RC132V SIA W60L60.pdf , page1 used on input line 229.
(pdftex.def)             Requested size: 562.12665pt x 795.00201pt.
File: Otros/Philips - RC132V SIA W60L60.pdf Graphic file (type pdf)
<use Otros/Philips - RC132V SIA W60L60.pdf, page 1>
Package pdftex.def Info: Otros/Philips - RC132V SIA W60L60.pdf , page1 used on input line 229.
(pdftex.def)             Requested size: 562.12665pt x 795.00201pt.
[65

 <./Otros/Philips - RC132V SIA W60L60.pdf>]
File: Otros/Philips - RC132V SIA W60L60.pdf Graphic file (type pdf)
<use Otros/Philips - RC132V SIA W60L60.pdf>
Package pdftex.def Info: Otros/Philips - RC132V SIA W60L60.pdf  used on input line 233.
(pdftex.def)             Requested size: 597.51086pt x 845.04504pt.


pdfTeX warning: pdflatex (file ./Otros/Philips - RC132V SIA W60L60.pdf): PDF inclusion: found PDF version <1.7>, but at most version <1.5> allowed
File: Otros/Philips - RC132V SIA W60L60.pdf Graphic file (type pdf)
<use Otros/Philips - RC132V SIA W60L60.pdf>
Package pdftex.def Info: Otros/Philips - RC132V SIA W60L60.pdf  used on input line 233.
(pdftex.def)             Requested size: 597.51086pt x 845.04504pt.


pdfTeX warning: pdflatex (file ./Otros/Philips - RC132V SIA W60L60.pdf): PDF inclusion: found PDF version <1.7>, but at most version <1.5> allowed
File: Otros/Philips - RC132V SIA W60L60.pdf Graphic file (type pdf)
<use Otros/Philips - RC132V SIA W60L60.pdf, page 1>
Package pdftex.def Info: Otros/Philips - RC132V SIA W60L60.pdf , page1 used on input line 233.
(pdftex.def)             Requested size: 597.51086pt x 845.04504pt.
File: Otros/Philips - RC132V SIA W60L60.pdf Graphic file (type pdf)
<use Otros/Philips - RC132V SIA W60L60.pdf, page 1>
Package pdftex.def Info: Otros/Philips - RC132V SIA W60L60.pdf , page1 used on input line 233.
(pdftex.def)             Requested size: 562.12665pt x 795.00201pt.
File: Otros/Philips - RC132V SIA W60L60.pdf Graphic file (type pdf)
<use Otros/Philips - RC132V SIA W60L60.pdf, page 1>
Package pdftex.def Info: Otros/Philips - RC132V SIA W60L60.pdf , page1 used on input line 233.
(pdftex.def)             Requested size: 562.12665pt x 795.00201pt.
File: Otros/Philips - RC132V SIA W60L60.pdf Graphic file (type pdf)
<use Otros/Philips - RC132V SIA W60L60.pdf, page 1>
Package pdftex.def Info: Otros/Philips - RC132V SIA W60L60.pdf , page1 used on input line 233.
(pdftex.def)             Requested size: 562.12665pt x 795.00201pt.
File: Otros/Philips - RC132V SIA W60L60.pdf Graphic file (type pdf)
<use Otros/Philips - RC132V SIA W60L60.pdf, page 1>
Package pdftex.def Info: Otros/Philips - RC132V SIA W60L60.pdf , page1 used on input line 233.
(pdftex.def)             Requested size: 562.12665pt x 795.00201pt.
[66

]

pdfTeX warning: pdflatex (file ./Otros/Philips - TRUE CIRCLE.pdf): PDF inclusion: found PDF version <1.7>, but at most version <1.5> allowed
<Otros/Philips - TRUE CIRCLE.pdf, id=443, 597.51233pt x 845.0471pt>
File: Otros/Philips - TRUE CIRCLE.pdf Graphic file (type pdf)
<use Otros/Philips - TRUE CIRCLE.pdf>
Package pdftex.def Info: Otros/Philips - TRUE CIRCLE.pdf  used on input line 237.
(pdftex.def)             Requested size: 597.51086pt x 845.04504pt.


pdfTeX warning: pdflatex (file ./Otros/Philips - TRUE CIRCLE.pdf): PDF inclusion: found PDF version <1.7>, but at most version <1.5> allowed
File: Otros/Philips - TRUE CIRCLE.pdf Graphic file (type pdf)
<use Otros/Philips - TRUE CIRCLE.pdf>
Package pdftex.def Info: Otros/Philips - TRUE CIRCLE.pdf  used on input line 237.
(pdftex.def)             Requested size: 597.51086pt x 845.04504pt.


pdfTeX warning: pdflatex (file ./Otros/Philips - TRUE CIRCLE.pdf): PDF inclusion: found PDF version <1.7>, but at most version <1.5> allowed


pdfTeX warning: pdflatex (file ./Otros/Philips - TRUE CIRCLE.pdf): PDF inclusion: found PDF version <1.7>, but at most version <1.5> allowed
<Otros/Philips - TRUE CIRCLE.pdf, id=446, page=1, 597.51233pt x 845.0471pt>
File: Otros/Philips - TRUE CIRCLE.pdf Graphic file (type pdf)
<use Otros/Philips - TRUE CIRCLE.pdf, page 1>
Package pdftex.def Info: Otros/Philips - TRUE CIRCLE.pdf , page1 used on input line 237.
(pdftex.def)             Requested size: 597.51086pt x 845.04504pt.
File: Otros/Philips - TRUE CIRCLE.pdf Graphic file (type pdf)
<use Otros/Philips - TRUE CIRCLE.pdf, page 1>
Package pdftex.def Info: Otros/Philips - TRUE CIRCLE.pdf , page1 used on input line 237.
(pdftex.def)             Requested size: 562.12665pt x 795.00201pt.
File: Otros/Philips - TRUE CIRCLE.pdf Graphic file (type pdf)
<use Otros/Philips - TRUE CIRCLE.pdf, page 1>
Package pdftex.def Info: Otros/Philips - TRUE CIRCLE.pdf , page1 used on input line 237.
(pdftex.def)             Requested size: 562.12665pt x 795.00201pt.
File: Otros/Philips - TRUE CIRCLE.pdf Graphic file (type pdf)
<use Otros/Philips - TRUE CIRCLE.pdf, page 1>
Package pdftex.def Info: Otros/Philips - TRUE CIRCLE.pdf , page1 used on input line 237.
(pdftex.def)             Requested size: 562.12665pt x 795.00201pt.
File: Otros/Philips - TRUE CIRCLE.pdf Graphic file (type pdf)
<use Otros/Philips - TRUE CIRCLE.pdf, page 1>
Package pdftex.def Info: Otros/Philips - TRUE CIRCLE.pdf , page1 used on input line 237.
(pdftex.def)             Requested size: 562.12665pt x 795.00201pt.
[67

 <./Otros/Philips - TRUE CIRCLE.pdf>]) (Documentos basicos/Anexos/Anexo IV Instalacion Electrica.tex
File: Imagenes/Logo UMA.jpg Graphic file (type jpg)
<use Imagenes/Logo UMA.jpg>
Package pdftex.def Info: Imagenes/Logo UMA.jpg  used on input line 6.
(pdftex.def)             Requested size: 243.1288pt x 129.65445pt.
 [68] [69] [70] [71]
Overfull \hbox (19.5397pt too wide) in paragraph at lines 190--204
 [][] 
 []

[72] [73] [74] [75])) (Documentos basicos/Planos.tex [76]
File: Imagenes/Logo UMA.jpg Graphic file (type jpg)
<use Imagenes/Logo UMA.jpg>
Package pdftex.def Info: Imagenes/Logo UMA.jpg  used on input line 7.
(pdftex.def)             Requested size: 243.1288pt x 129.65445pt.
 [77]
LaTeX Info: Redefining \. on input line 29.
LaTeX Info: Redefining \% on input line 29.


pdfTeX warning: pdflatex (file ./Documentos basicos/Planos/Plano Situacion.pdf): PDF inclusion: found PDF version <1.7>, but at most version <1.5> allowed
<Documentos basicos/Planos/Plano Situacion.pdf, id=512, 845.07724pt x 1194.98447pt>
File: Documentos basicos/Planos/Plano Situacion.pdf Graphic file (type pdf)
<use Documentos basicos/Planos/Plano Situacion.pdf>
Package pdftex.def Info: Documentos basicos/Planos/Plano Situacion.pdf  used on input line 36.
(pdftex.def)             Requested size: 845.07518pt x 1194.98155pt.


pdfTeX warning: pdflatex (file ./Documentos basicos/Planos/Plano Situacion.pdf): PDF inclusion: found PDF version <1.7>, but at most version <1.5> allowed
File: Documentos basicos/Planos/Plano Situacion.pdf Graphic file (type pdf)
<use Documentos basicos/Planos/Plano Situacion.pdf>
Package pdftex.def Info: Documentos basicos/Planos/Plano Situacion.pdf  used on input line 36.
(pdftex.def)             Requested size: 845.07518pt x 1194.98155pt.


pdfTeX warning: pdflatex (file ./Documentos basicos/Planos/Plano Situacion.pdf): PDF inclusion: found PDF version <1.7>, but at most version <1.5> allowed


pdfTeX warning: pdflatex (file ./Documentos basicos/Planos/Plano Situacion.pdf): PDF inclusion: found PDF version <1.7>, but at most version <1.5> allowed
<Documentos basicos/Planos/Plano Situacion.pdf, id=515, page=1, 845.07724pt x 1194.98447pt>
File: Documentos basicos/Planos/Plano Situacion.pdf Graphic file (type pdf)
<use Documentos basicos/Planos/Plano Situacion.pdf, page 1>
Package pdftex.def Info: Documentos basicos/Planos/Plano Situacion.pdf , page1 used on input line 36.
(pdftex.def)             Requested size: 845.07518pt x 1194.98155pt.
File: Documentos basicos/Planos/Plano Situacion.pdf Graphic file (type pdf)
<use Documentos basicos/Planos/Plano Situacion.pdf, page 1>
Package pdftex.def Info: Documentos basicos/Planos/Plano Situacion.pdf , page1 used on input line 36.
(pdftex.def)             Requested size: 562.65274pt x 795.62111pt.
[78

]
File: Documentos basicos/Planos/Plano Situacion.pdf Graphic file (type pdf)
<use Documentos basicos/Planos/Plano Situacion.pdf, page 1>
Package pdftex.def Info: Documentos basicos/Planos/Plano Situacion.pdf , page1 used on input line 36.
(pdftex.def)             Requested size: 562.65274pt x 795.62111pt.
File: Documentos basicos/Planos/Plano Situacion.pdf Graphic file (type pdf)
<use Documentos basicos/Planos/Plano Situacion.pdf, page 1>
Package pdftex.def Info: Documentos basicos/Planos/Plano Situacion.pdf , page1 used on input line 36.
(pdftex.def)             Requested size: 562.65274pt x 795.62111pt.
File: Documentos basicos/Planos/Plano Situacion.pdf Graphic file (type pdf)
<use Documentos basicos/Planos/Plano Situacion.pdf, page 1>
Package pdftex.def Info: Documentos basicos/Planos/Plano Situacion.pdf , page1 used on input line 36.
(pdftex.def)             Requested size: 562.65274pt x 795.62111pt.
 [79

 <./Documentos basicos/Planos/Plano Situacion.pdf>]

pdfTeX warning: pdflatex (file ./Documentos basicos/Planos/Plano Emplazamiento.pdf): PDF inclusion: found PDF version <1.7>, but at most version <1.5> allowed
<Documentos basicos/Planos/Plano Emplazamiento.pdf, id=532, 845.07724pt x 1194.98447pt>
File: Documentos basicos/Planos/Plano Emplazamiento.pdf Graphic file (type pdf)
<use Documentos basicos/Planos/Plano Emplazamiento.pdf>
Package pdftex.def Info: Documentos basicos/Planos/Plano Emplazamiento.pdf  used on input line 41.
(pdftex.def)             Requested size: 845.07518pt x 1194.98155pt.


pdfTeX warning: pdflatex (file ./Documentos basicos/Planos/Plano Emplazamiento.pdf): PDF inclusion: found PDF version <1.7>, but at most version <1.5> allowed
File: Documentos basicos/Planos/Plano Emplazamiento.pdf Graphic file (type pdf)
<use Documentos basicos/Planos/Plano Emplazamiento.pdf>
Package pdftex.def Info: Documentos basicos/Planos/Plano Emplazamiento.pdf  used on input line 41.
(pdftex.def)             Requested size: 845.07518pt x 1194.98155pt.


pdfTeX warning: pdflatex (file ./Documentos basicos/Planos/Plano Emplazamiento.pdf): PDF inclusion: found PDF version <1.7>, but at most version <1.5> allowed


pdfTeX warning: pdflatex (file ./Documentos basicos/Planos/Plano Emplazamiento.pdf): PDF inclusion: found PDF version <1.7>, but at most version <1.5> allowed
<Documentos basicos/Planos/Plano Emplazamiento.pdf, id=535, page=1, 845.07724pt x 1194.98447pt>
File: Documentos basicos/Planos/Plano Emplazamiento.pdf Graphic file (type pdf)
<use Documentos basicos/Planos/Plano Emplazamiento.pdf, page 1>
Package pdftex.def Info: Documentos basicos/Planos/Plano Emplazamiento.pdf , page1 used on input line 41.
(pdftex.def)             Requested size: 845.07518pt x 1194.98155pt.
File: Documentos basicos/Planos/Plano Emplazamiento.pdf Graphic file (type pdf)
<use Documentos basicos/Planos/Plano Emplazamiento.pdf, page 1>
Package pdftex.def Info: Documentos basicos/Planos/Plano Emplazamiento.pdf , page1 used on input line 41.
(pdftex.def)             Requested size: 562.65274pt x 795.62111pt.
File: Documentos basicos/Planos/Plano Emplazamiento.pdf Graphic file (type pdf)
<use Documentos basicos/Planos/Plano Emplazamiento.pdf, page 1>
Package pdftex.def Info: Documentos basicos/Planos/Plano Emplazamiento.pdf , page1 used on input line 41.
(pdftex.def)             Requested size: 562.65274pt x 795.62111pt.
File: Documentos basicos/Planos/Plano Emplazamiento.pdf Graphic file (type pdf)
<use Documentos basicos/Planos/Plano Emplazamiento.pdf, page 1>
Package pdftex.def Info: Documentos basicos/Planos/Plano Emplazamiento.pdf , page1 used on input line 41.
(pdftex.def)             Requested size: 562.65274pt x 795.62111pt.
File: Documentos basicos/Planos/Plano Emplazamiento.pdf Graphic file (type pdf)
<use Documentos basicos/Planos/Plano Emplazamiento.pdf, page 1>
Package pdftex.def Info: Documentos basicos/Planos/Plano Emplazamiento.pdf , page1 used on input line 41.
(pdftex.def)             Requested size: 562.65274pt x 795.62111pt.
[80

 <./Documentos basicos/Planos/Plano Emplazamiento.pdf>]

pdfTeX warning: pdflatex (file ./Documentos basicos/Planos/Plano General de Distribucion.pdf): PDF inclusion: found PDF version <1.7>, but at most version <1.5> allowed
<Documentos basicos/Planos/Plano General de Distribucion.pdf, id=548, 845.07724pt x 1194.98447pt>
File: Documentos basicos/Planos/Plano General de Distribucion.pdf Graphic file (type pdf)
<use Documentos basicos/Planos/Plano General de Distribucion.pdf>
Package pdftex.def Info: Documentos basicos/Planos/Plano General de Distribucion.pdf  used on input line 46.
(pdftex.def)             Requested size: 845.07518pt x 1194.98155pt.


pdfTeX warning: pdflatex (file ./Documentos basicos/Planos/Plano General de Distribucion.pdf): PDF inclusion: found PDF version <1.7>, but at most version <1.5> allowed
File: Documentos basicos/Planos/Plano General de Distribucion.pdf Graphic file (type pdf)
<use Documentos basicos/Planos/Plano General de Distribucion.pdf>
Package pdftex.def Info: Documentos basicos/Planos/Plano General de Distribucion.pdf  used on input line 46.
(pdftex.def)             Requested size: 845.07518pt x 1194.98155pt.


pdfTeX warning: pdflatex (file ./Documentos basicos/Planos/Plano General de Distribucion.pdf): PDF inclusion: found PDF version <1.7>, but at most version <1.5> allowed


pdfTeX warning: pdflatex (file ./Documentos basicos/Planos/Plano General de Distribucion.pdf): PDF inclusion: found PDF version <1.7>, but at most version <1.5> allowed
<Documentos basicos/Planos/Plano General de Distribucion.pdf, id=551, page=1, 845.07724pt x 1194.98447pt>
File: Documentos basicos/Planos/Plano General de Distribucion.pdf Graphic file (type pdf)
<use Documentos basicos/Planos/Plano General de Distribucion.pdf, page 1>
Package pdftex.def Info: Documentos basicos/Planos/Plano General de Distribucion.pdf , page1 used on input line 46.
(pdftex.def)             Requested size: 845.07518pt x 1194.98155pt.
File: Documentos basicos/Planos/Plano General de Distribucion.pdf Graphic file (type pdf)
<use Documentos basicos/Planos/Plano General de Distribucion.pdf, page 1>
Package pdftex.def Info: Documentos basicos/Planos/Plano General de Distribucion.pdf , page1 used on input line 46.
(pdftex.def)             Requested size: 562.65274pt x 795.62111pt.
File: Documentos basicos/Planos/Plano General de Distribucion.pdf Graphic file (type pdf)
<use Documentos basicos/Planos/Plano General de Distribucion.pdf, page 1>
Package pdftex.def Info: Documentos basicos/Planos/Plano General de Distribucion.pdf , page1 used on input line 46.
(pdftex.def)             Requested size: 562.65274pt x 795.62111pt.
File: Documentos basicos/Planos/Plano General de Distribucion.pdf Graphic file (type pdf)
<use Documentos basicos/Planos/Plano General de Distribucion.pdf, page 1>
Package pdftex.def Info: Documentos basicos/Planos/Plano General de Distribucion.pdf , page1 used on input line 46.
(pdftex.def)             Requested size: 562.65274pt x 795.62111pt.
File: Documentos basicos/Planos/Plano General de Distribucion.pdf Graphic file (type pdf)
<use Documentos basicos/Planos/Plano General de Distribucion.pdf, page 1>
Package pdftex.def Info: Documentos basicos/Planos/Plano General de Distribucion.pdf , page1 used on input line 46.
(pdftex.def)             Requested size: 562.65274pt x 795.62111pt.
[81

 <./Documentos basicos/Planos/Plano General de Distribucion.pdf>]

pdfTeX warning: pdflatex (file ./Documentos basicos/Planos/Plano Fontaneria.pdf): PDF inclusion: found PDF version <1.7>, but at most version <1.5> allowed
<Documentos basicos/Planos/Plano Fontaneria.pdf, id=564, 597.55246pt x 845.07724pt>
File: Documentos basicos/Planos/Plano Fontaneria.pdf Graphic file (type pdf)
<use Documentos basicos/Planos/Plano Fontaneria.pdf>
Package pdftex.def Info: Documentos basicos/Planos/Plano Fontaneria.pdf  used on input line 51.
(pdftex.def)             Requested size: 597.551pt x 845.07518pt.


pdfTeX warning: pdflatex (file ./Documentos basicos/Planos/Plano Fontaneria.pdf): PDF inclusion: found PDF version <1.7>, but at most version <1.5> allowed
File: Documentos basicos/Planos/Plano Fontaneria.pdf Graphic file (type pdf)
<use Documentos basicos/Planos/Plano Fontaneria.pdf>
Package pdftex.def Info: Documentos basicos/Planos/Plano Fontaneria.pdf  used on input line 51.
(pdftex.def)             Requested size: 597.551pt x 845.07518pt.


pdfTeX warning: pdflatex (file ./Documentos basicos/Planos/Plano Fontaneria.pdf): PDF inclusion: found PDF version <1.7>, but at most version <1.5> allowed


pdfTeX warning: pdflatex (file ./Documentos basicos/Planos/Plano Fontaneria.pdf): PDF inclusion: found PDF version <1.7>, but at most version <1.5> allowed
<Documentos basicos/Planos/Plano Fontaneria.pdf, id=567, page=1, 597.55246pt x 845.07724pt>
File: Documentos basicos/Planos/Plano Fontaneria.pdf Graphic file (type pdf)
<use Documentos basicos/Planos/Plano Fontaneria.pdf, page 1>
Package pdftex.def Info: Documentos basicos/Planos/Plano Fontaneria.pdf , page1 used on input line 51.
(pdftex.def)             Requested size: 597.551pt x 845.07518pt.
File: Documentos basicos/Planos/Plano Fontaneria.pdf Graphic file (type pdf)
<use Documentos basicos/Planos/Plano Fontaneria.pdf, page 1>
Package pdftex.def Info: Documentos basicos/Planos/Plano Fontaneria.pdf , page1 used on input line 51.
(pdftex.def)             Requested size: 562.1644pt x 795.03036pt.
File: Documentos basicos/Planos/Plano Fontaneria.pdf Graphic file (type pdf)
<use Documentos basicos/Planos/Plano Fontaneria.pdf, page 1>
Package pdftex.def Info: Documentos basicos/Planos/Plano Fontaneria.pdf , page1 used on input line 51.
(pdftex.def)             Requested size: 562.1644pt x 795.03036pt.
File: Documentos basicos/Planos/Plano Fontaneria.pdf Graphic file (type pdf)
<use Documentos basicos/Planos/Plano Fontaneria.pdf, page 1>
Package pdftex.def Info: Documentos basicos/Planos/Plano Fontaneria.pdf , page1 used on input line 51.
(pdftex.def)             Requested size: 562.1644pt x 795.03036pt.
File: Documentos basicos/Planos/Plano Fontaneria.pdf Graphic file (type pdf)
<use Documentos basicos/Planos/Plano Fontaneria.pdf, page 1>
Package pdftex.def Info: Documentos basicos/Planos/Plano Fontaneria.pdf , page1 used on input line 51.
(pdftex.def)             Requested size: 562.1644pt x 795.03036pt.
[82

 <./Documentos basicos/Planos/Plano Fontaneria.pdf>]

pdfTeX warning: pdflatex (file ./Documentos basicos/Planos/Plano Luminarias.pdf): PDF inclusion: found PDF version <1.7>, but at most version <1.5> allowed
<Documentos basicos/Planos/Plano Luminarias.pdf, id=580, 845.07724pt x 1194.98447pt>
File: Documentos basicos/Planos/Plano Luminarias.pdf Graphic file (type pdf)
<use Documentos basicos/Planos/Plano Luminarias.pdf>
Package pdftex.def Info: Documentos basicos/Planos/Plano Luminarias.pdf  used on input line 60.
(pdftex.def)             Requested size: 845.07518pt x 1194.98155pt.


pdfTeX warning: pdflatex (file ./Documentos basicos/Planos/Plano Luminarias.pdf): PDF inclusion: found PDF version <1.7>, but at most version <1.5> allowed
File: Documentos basicos/Planos/Plano Luminarias.pdf Graphic file (type pdf)
<use Documentos basicos/Planos/Plano Luminarias.pdf>
Package pdftex.def Info: Documentos basicos/Planos/Plano Luminarias.pdf  used on input line 60.
(pdftex.def)             Requested size: 845.07518pt x 1194.98155pt.


pdfTeX warning: pdflatex (file ./Documentos basicos/Planos/Plano Luminarias.pdf): PDF inclusion: found PDF version <1.7>, but at most version <1.5> allowed


pdfTeX warning: pdflatex (file ./Documentos basicos/Planos/Plano Luminarias.pdf): PDF inclusion: found PDF version <1.7>, but at most version <1.5> allowed
<Documentos basicos/Planos/Plano Luminarias.pdf, id=583, page=1, 845.07724pt x 1194.98447pt>
File: Documentos basicos/Planos/Plano Luminarias.pdf Graphic file (type pdf)
<use Documentos basicos/Planos/Plano Luminarias.pdf, page 1>
Package pdftex.def Info: Documentos basicos/Planos/Plano Luminarias.pdf , page1 used on input line 60.
(pdftex.def)             Requested size: 845.07518pt x 1194.98155pt.
File: Documentos basicos/Planos/Plano Luminarias.pdf Graphic file (type pdf)
<use Documentos basicos/Planos/Plano Luminarias.pdf, page 1>
Package pdftex.def Info: Documentos basicos/Planos/Plano Luminarias.pdf , page1 used on input line 60.
(pdftex.def)             Requested size: 562.65274pt x 795.62111pt.
File: Documentos basicos/Planos/Plano Luminarias.pdf Graphic file (type pdf)
<use Documentos basicos/Planos/Plano Luminarias.pdf, page 1>
Package pdftex.def Info: Documentos basicos/Planos/Plano Luminarias.pdf , page1 used on input line 60.
(pdftex.def)             Requested size: 562.65274pt x 795.62111pt.
File: Documentos basicos/Planos/Plano Luminarias.pdf Graphic file (type pdf)
<use Documentos basicos/Planos/Plano Luminarias.pdf, page 1>
Package pdftex.def Info: Documentos basicos/Planos/Plano Luminarias.pdf , page1 used on input line 60.
(pdftex.def)             Requested size: 562.65274pt x 795.62111pt.
File: Documentos basicos/Planos/Plano Luminarias.pdf Graphic file (type pdf)
<use Documentos basicos/Planos/Plano Luminarias.pdf, page 1>
Package pdftex.def Info: Documentos basicos/Planos/Plano Luminarias.pdf , page1 used on input line 60.
(pdftex.def)             Requested size: 562.65274pt x 795.62111pt.
[83

 <./Documentos basicos/Planos/Plano Luminarias.pdf>]

pdfTeX warning: pdflatex (file ./Documentos basicos/Planos/Plano Iluminacion.pdf): PDF inclusion: found PDF version <1.7>, but at most version <1.5> allowed
<Documentos basicos/Planos/Plano Iluminacion.pdf, id=596, 845.07724pt x 1194.98447pt>
File: Documentos basicos/Planos/Plano Iluminacion.pdf Graphic file (type pdf)
<use Documentos basicos/Planos/Plano Iluminacion.pdf>
Package pdftex.def Info: Documentos basicos/Planos/Plano Iluminacion.pdf  used on input line 65.
(pdftex.def)             Requested size: 845.07518pt x 1194.98155pt.


pdfTeX warning: pdflatex (file ./Documentos basicos/Planos/Plano Iluminacion.pdf): PDF inclusion: found PDF version <1.7>, but at most version <1.5> allowed
File: Documentos basicos/Planos/Plano Iluminacion.pdf Graphic file (type pdf)
<use Documentos basicos/Planos/Plano Iluminacion.pdf>
Package pdftex.def Info: Documentos basicos/Planos/Plano Iluminacion.pdf  used on input line 65.
(pdftex.def)             Requested size: 845.07518pt x 1194.98155pt.


pdfTeX warning: pdflatex (file ./Documentos basicos/Planos/Plano Iluminacion.pdf): PDF inclusion: found PDF version <1.7>, but at most version <1.5> allowed


pdfTeX warning: pdflatex (file ./Documentos basicos/Planos/Plano Iluminacion.pdf): PDF inclusion: found PDF version <1.7>, but at most version <1.5> allowed
<Documentos basicos/Planos/Plano Iluminacion.pdf, id=599, page=1, 845.07724pt x 1194.98447pt>
File: Documentos basicos/Planos/Plano Iluminacion.pdf Graphic file (type pdf)
<use Documentos basicos/Planos/Plano Iluminacion.pdf, page 1>
Package pdftex.def Info: Documentos basicos/Planos/Plano Iluminacion.pdf , page1 used on input line 65.
(pdftex.def)             Requested size: 845.07518pt x 1194.98155pt.
File: Documentos basicos/Planos/Plano Iluminacion.pdf Graphic file (type pdf)
<use Documentos basicos/Planos/Plano Iluminacion.pdf, page 1>
Package pdftex.def Info: Documentos basicos/Planos/Plano Iluminacion.pdf , page1 used on input line 65.
(pdftex.def)             Requested size: 562.65274pt x 795.62111pt.
File: Documentos basicos/Planos/Plano Iluminacion.pdf Graphic file (type pdf)
<use Documentos basicos/Planos/Plano Iluminacion.pdf, page 1>
Package pdftex.def Info: Documentos basicos/Planos/Plano Iluminacion.pdf , page1 used on input line 65.
(pdftex.def)             Requested size: 562.65274pt x 795.62111pt.
File: Documentos basicos/Planos/Plano Iluminacion.pdf Graphic file (type pdf)
<use Documentos basicos/Planos/Plano Iluminacion.pdf, page 1>
Package pdftex.def Info: Documentos basicos/Planos/Plano Iluminacion.pdf , page1 used on input line 65.
(pdftex.def)             Requested size: 562.65274pt x 795.62111pt.
File: Documentos basicos/Planos/Plano Iluminacion.pdf Graphic file (type pdf)
<use Documentos basicos/Planos/Plano Iluminacion.pdf, page 1>
Package pdftex.def Info: Documentos basicos/Planos/Plano Iluminacion.pdf , page1 used on input line 65.
(pdftex.def)             Requested size: 562.65274pt x 795.62111pt.
[84

 <./Documentos basicos/Planos/Plano Iluminacion.pdf>]

pdfTeX warning: pdflatex (file ./Documentos basicos/Planos/Unifilar1.pdf): PDF inclusion: found PDF version <1.7>, but at most version <1.5> allowed
<Documentos basicos/Planos/Unifilar1.pdf, id=613, 597.55246pt x 845.07724pt>
File: Documentos basicos/Planos/Unifilar1.pdf Graphic file (type pdf)
<use Documentos basicos/Planos/Unifilar1.pdf>
Package pdftex.def Info: Documentos basicos/Planos/Unifilar1.pdf  used on input line 72.
(pdftex.def)             Requested size: 597.551pt x 845.07518pt.


pdfTeX warning: pdflatex (file ./Documentos basicos/Planos/Unifilar1.pdf): PDF inclusion: found PDF version <1.7>, but at most version <1.5> allowed
File: Documentos basicos/Planos/Unifilar1.pdf Graphic file (type pdf)
<use Documentos basicos/Planos/Unifilar1.pdf>
Package pdftex.def Info: Documentos basicos/Planos/Unifilar1.pdf  used on input line 72.
(pdftex.def)             Requested size: 597.551pt x 845.07518pt.


pdfTeX warning: pdflatex (file ./Documentos basicos/Planos/Unifilar1.pdf): PDF inclusion: found PDF version <1.7>, but at most version <1.5> allowed


pdfTeX warning: pdflatex (file ./Documentos basicos/Planos/Unifilar1.pdf): PDF inclusion: found PDF version <1.7>, but at most version <1.5> allowed
<Documentos basicos/Planos/Unifilar1.pdf, id=616, page=1, 597.55246pt x 845.07724pt>
File: Documentos basicos/Planos/Unifilar1.pdf Graphic file (type pdf)
<use Documentos basicos/Planos/Unifilar1.pdf, page 1>
Package pdftex.def Info: Documentos basicos/Planos/Unifilar1.pdf , page1 used on input line 72.
(pdftex.def)             Requested size: 597.551pt x 845.07518pt.
File: Documentos basicos/Planos/Unifilar1.pdf Graphic file (type pdf)
<use Documentos basicos/Planos/Unifilar1.pdf, page 1>
Package pdftex.def Info: Documentos basicos/Planos/Unifilar1.pdf , page1 used on input line 72.
(pdftex.def)             Requested size: 562.1644pt x 795.03036pt.
File: Documentos basicos/Planos/Unifilar1.pdf Graphic file (type pdf)
<use Documentos basicos/Planos/Unifilar1.pdf, page 1>
Package pdftex.def Info: Documentos basicos/Planos/Unifilar1.pdf , page1 used on input line 72.
(pdftex.def)             Requested size: 562.1644pt x 795.03036pt.
File: Documentos basicos/Planos/Unifilar1.pdf Graphic file (type pdf)
<use Documentos basicos/Planos/Unifilar1.pdf, page 1>
Package pdftex.def Info: Documentos basicos/Planos/Unifilar1.pdf , page1 used on input line 72.
(pdftex.def)             Requested size: 562.1644pt x 795.03036pt.
File: Documentos basicos/Planos/Unifilar1.pdf Graphic file (type pdf)
<use Documentos basicos/Planos/Unifilar1.pdf, page 1>
Package pdftex.def Info: Documentos basicos/Planos/Unifilar1.pdf , page1 used on input line 72.
(pdftex.def)             Requested size: 562.1644pt x 795.03036pt.
[85

 <./Documentos basicos/Planos/Unifilar1.pdf>]

pdfTeX warning: pdflatex (file ./Documentos basicos/Planos/Unifilar2.pdf): PDF inclusion: found PDF version <1.7>, but at most version <1.5> allowed
<Documentos basicos/Planos/Unifilar2.pdf, id=629, 597.55246pt x 845.07724pt>
File: Documentos basicos/Planos/Unifilar2.pdf Graphic file (type pdf)
<use Documentos basicos/Planos/Unifilar2.pdf>
Package pdftex.def Info: Documentos basicos/Planos/Unifilar2.pdf  used on input line 76.
(pdftex.def)             Requested size: 597.551pt x 845.07518pt.


pdfTeX warning: pdflatex (file ./Documentos basicos/Planos/Unifilar2.pdf): PDF inclusion: found PDF version <1.7>, but at most version <1.5> allowed
File: Documentos basicos/Planos/Unifilar2.pdf Graphic file (type pdf)
<use Documentos basicos/Planos/Unifilar2.pdf>
Package pdftex.def Info: Documentos basicos/Planos/Unifilar2.pdf  used on input line 76.
(pdftex.def)             Requested size: 597.551pt x 845.07518pt.


pdfTeX warning: pdflatex (file ./Documentos basicos/Planos/Unifilar2.pdf): PDF inclusion: found PDF version <1.7>, but at most version <1.5> allowed


pdfTeX warning: pdflatex (file ./Documentos basicos/Planos/Unifilar2.pdf): PDF inclusion: found PDF version <1.7>, but at most version <1.5> allowed
<Documentos basicos/Planos/Unifilar2.pdf, id=632, page=1, 597.55246pt x 845.07724pt>
File: Documentos basicos/Planos/Unifilar2.pdf Graphic file (type pdf)
<use Documentos basicos/Planos/Unifilar2.pdf, page 1>
Package pdftex.def Info: Documentos basicos/Planos/Unifilar2.pdf , page1 used on input line 76.
(pdftex.def)             Requested size: 597.551pt x 845.07518pt.
File: Documentos basicos/Planos/Unifilar2.pdf Graphic file (type pdf)
<use Documentos basicos/Planos/Unifilar2.pdf, page 1>
Package pdftex.def Info: Documentos basicos/Planos/Unifilar2.pdf , page1 used on input line 76.
(pdftex.def)             Requested size: 562.1644pt x 795.03036pt.
File: Documentos basicos/Planos/Unifilar2.pdf Graphic file (type pdf)
<use Documentos basicos/Planos/Unifilar2.pdf, page 1>
Package pdftex.def Info: Documentos basicos/Planos/Unifilar2.pdf , page1 used on input line 76.
(pdftex.def)             Requested size: 562.1644pt x 795.03036pt.
File: Documentos basicos/Planos/Unifilar2.pdf Graphic file (type pdf)
<use Documentos basicos/Planos/Unifilar2.pdf, page 1>
Package pdftex.def Info: Documentos basicos/Planos/Unifilar2.pdf , page1 used on input line 76.
(pdftex.def)             Requested size: 562.1644pt x 795.03036pt.
File: Documentos basicos/Planos/Unifilar2.pdf Graphic file (type pdf)
<use Documentos basicos/Planos/Unifilar2.pdf, page 1>
Package pdftex.def Info: Documentos basicos/Planos/Unifilar2.pdf , page1 used on input line 76.
(pdftex.def)             Requested size: 562.1644pt x 795.03036pt.
[86

 <./Documentos basicos/Planos/Unifilar2.pdf>]

pdfTeX warning: pdflatex (file ./Documentos basicos/Planos/Unifilar3.pdf): PDF inclusion: found PDF version <1.7>, but at most version <1.5> allowed
<Documentos basicos/Planos/Unifilar3.pdf, id=645, 597.55246pt x 845.07724pt>
File: Documentos basicos/Planos/Unifilar3.pdf Graphic file (type pdf)
<use Documentos basicos/Planos/Unifilar3.pdf>
Package pdftex.def Info: Documentos basicos/Planos/Unifilar3.pdf  used on input line 80.
(pdftex.def)             Requested size: 597.551pt x 845.07518pt.


pdfTeX warning: pdflatex (file ./Documentos basicos/Planos/Unifilar3.pdf): PDF inclusion: found PDF version <1.7>, but at most version <1.5> allowed
File: Documentos basicos/Planos/Unifilar3.pdf Graphic file (type pdf)
<use Documentos basicos/Planos/Unifilar3.pdf>
Package pdftex.def Info: Documentos basicos/Planos/Unifilar3.pdf  used on input line 80.
(pdftex.def)             Requested size: 597.551pt x 845.07518pt.


pdfTeX warning: pdflatex (file ./Documentos basicos/Planos/Unifilar3.pdf): PDF inclusion: found PDF version <1.7>, but at most version <1.5> allowed


pdfTeX warning: pdflatex (file ./Documentos basicos/Planos/Unifilar3.pdf): PDF inclusion: found PDF version <1.7>, but at most version <1.5> allowed
<Documentos basicos/Planos/Unifilar3.pdf, id=648, page=1, 597.55246pt x 845.07724pt>
File: Documentos basicos/Planos/Unifilar3.pdf Graphic file (type pdf)
<use Documentos basicos/Planos/Unifilar3.pdf, page 1>
Package pdftex.def Info: Documentos basicos/Planos/Unifilar3.pdf , page1 used on input line 80.
(pdftex.def)             Requested size: 597.551pt x 845.07518pt.
File: Documentos basicos/Planos/Unifilar3.pdf Graphic file (type pdf)
<use Documentos basicos/Planos/Unifilar3.pdf, page 1>
Package pdftex.def Info: Documentos basicos/Planos/Unifilar3.pdf , page1 used on input line 80.
(pdftex.def)             Requested size: 562.1644pt x 795.03036pt.
File: Documentos basicos/Planos/Unifilar3.pdf Graphic file (type pdf)
<use Documentos basicos/Planos/Unifilar3.pdf, page 1>
Package pdftex.def Info: Documentos basicos/Planos/Unifilar3.pdf , page1 used on input line 80.
(pdftex.def)             Requested size: 562.1644pt x 795.03036pt.
File: Documentos basicos/Planos/Unifilar3.pdf Graphic file (type pdf)
<use Documentos basicos/Planos/Unifilar3.pdf, page 1>
Package pdftex.def Info: Documentos basicos/Planos/Unifilar3.pdf , page1 used on input line 80.
(pdftex.def)             Requested size: 562.1644pt x 795.03036pt.
File: Documentos basicos/Planos/Unifilar3.pdf Graphic file (type pdf)
<use Documentos basicos/Planos/Unifilar3.pdf, page 1>
Package pdftex.def Info: Documentos basicos/Planos/Unifilar3.pdf , page1 used on input line 80.
(pdftex.def)             Requested size: 562.1644pt x 795.03036pt.
[87

 <./Documentos basicos/Planos/Unifilar3.pdf>]) (Documentos basicos/Pliego de Condiciones.tex
File: Imagenes/Logo UMA.jpg Graphic file (type jpg)
<use Imagenes/Logo UMA.jpg>
Package pdftex.def Info: Imagenes/Logo UMA.jpg  used on input line 7.
(pdftex.def)             Requested size: 243.1288pt x 129.65445pt.
 [88]
LaTeX Info: Redefining \. on input line 29.
LaTeX Info: Redefining \% on input line 29.
 [89

] [90] [91] [92] [93] [94] [95] [96] [97] [98] [99] [100] [101] [102] [103] [104] [105] [106] [107] [108]) (Documentos basicos/Estado de Mediciones.tex [109]
File: Imagenes/Logo UMA.jpg Graphic file (type jpg)
<use Imagenes/Logo UMA.jpg>
Package pdftex.def Info: Imagenes/Logo UMA.jpg  used on input line 7.
(pdftex.def)             Requested size: 243.1288pt x 129.65445pt.
 [110]
LaTeX Info: Redefining \. on input line 30.
LaTeX Info: Redefining \% on input line 30.
 [111

] [112] [113] [114]
Underfull \hbox (badness 1033) in paragraph at lines 168--168
\OT1/cmr/m/n/10.95 supply unit (On/Off), 2000 lm, 19.5 W, 102 lm/W, 3000 K,
 []

[115]
Overfull \vbox (277.75652pt too high) has occurred while \output is active []

 [116]) (Documentos basicos/Presupuesto.tex [117]
File: Imagenes/Logo UMA.jpg Graphic file (type jpg)
<use Imagenes/Logo UMA.jpg>
Package pdftex.def Info: Imagenes/Logo UMA.jpg  used on input line 8.
(pdftex.def)             Requested size: 243.1288pt x 129.65445pt.
 [118]
LaTeX Info: Redefining \. on input line 31.
LaTeX Info: Redefining \% on input line 31.
 [119

]
Underfull \hbox (badness 1168) in paragraph at lines 72--72
[]\OT1/cmr/m/n/10.95 Compresor port^^Satil el^^Sectri-co 2
 []

[120]
Underfull \hbox (badness 1210) in paragraph at lines 114--114
[]\OT1/cmr/m/n/10.95 Tubo de po-li-eti-leno re-ti-cu-la-do
 []


Underfull \hbox (badness 1210) in paragraph at lines 115--115
[]\OT1/cmr/m/n/10.95 Tubo de po-li-eti-leno re-ti-cu-la-do
 []

[121] [122] [123] [124]
Underfull \hbox (badness 4072) in paragraph at lines 258--258
\OT1/cmr/m/n/10.95 nea-mien-to en-te-rra-do sin pre-
 []


Underfull \hbox (badness 1642) in paragraph at lines 258--258
\OT1/cmr/m/n/10.95 si^^Son,serie SN-4, ri-gi-dez anu-lar
 []

[125]
Underfull \hbox (badness 1163) in paragraph at lines 301--301
\OT1/cmr/m/n/10.95 es-pe-sor, seg^^Sun UNE-EN 1329-
 []

[126] [127] [128]
Underfull \hbox (badness 4072) in paragraph at lines 403--403
\OT1/cmr/m/n/10.95 nea-mien-to en-te-rra-do sin pre-
 []


Underfull \hbox (badness 1642) in paragraph at lines 403--403
\OT1/cmr/m/n/10.95 si^^Son,serie SN-4, ri-gi-dez anu-lar
 []

[129]) [130] 
enddocument/afterlastpage: lastpage setting LastPage.
(c:\Users\merce\Downloads\Proyecto Técnico Carpintería de Madera\build\main.aux
LaTeX Info: Redefining \. on input line 8.
LaTeX Info: Redefining \% on input line 8.
)
 ***********
LaTeX2e <2023-11-01> patch level 1
L3 programming layer <2024-04-11>
 ***********
 ) 
Here is how much of TeX's memory you used:
 7325 strings out of 474370
 142970 string characters out of 5750351
 1947754 words of memory out of 5000000
 29544 multiletter control sequences out of 15000+600000
 565523 words of font info for 60 fonts, out of 8000000 for 9000
 1141 hyphenation exceptions out of 8191
 70i,17n,92p,1554b,581s stack positions out of 10000i,1000n,20000p,200000b,200000s
 <C:\Users\merce\AppData\Local\MiKTeX\fonts/pk/ljfour/jknappen/ec/dpi600\tcrm1095.pk><C:/Program Files/MiKTeX/fonts/type1/public/amsfonts/cm/cmbx10.pfb><C:/Program Files/MiKTeX/fonts/type1/public/amsfonts/cm/cmbx12.pfb><C:/Program Files/MiKTeX/fonts/type1/public/amsfonts/cm/cmcsc10.pfb><C:/Program Files/MiKTeX/fonts/type1/public/amsfonts/cm/cmex10.pfb><C:/Program Files/MiKTeX/fonts/type1/public/amsfonts/cm/cmmi10.pfb><C:/Program Files/MiKTeX/fonts/type1/public/amsfonts/cm/cmmi6.pfb><C:/Program Files/MiKTeX/fonts/type1/public/amsfonts/cm/cmmi8.pfb><C:/Program Files/MiKTeX/fonts/type1/public/amsfonts/cm/cmr10.pfb><C:/Program Files/MiKTeX/fonts/type1/public/amsfonts/cm/cmr12.pfb><C:/Program Files/MiKTeX/fonts/type1/public/amsfonts/cm/cmr6.pfb><C:/Program Files/MiKTeX/fonts/type1/public/amsfonts/cm/cmr8.pfb><C:/Program Files/MiKTeX/fonts/type1/public/amsfonts/cm/cmsy10.pfb><C:/Program Files/MiKTeX/fonts/type1/public/amsfonts/cm/cmsy6.pfb><C:/Program Files/MiKTeX/fonts/type1/public/amsfonts/cm/cmsy8.pfb><C:/Program Files/MiKTeX/fonts/type1/public/amsfonts/cm/cmti10.pfb><C:/Program Files/MiKTeX/fonts/type1/public/amsfonts/cm/cmti12.pfb>
Output written on "c:\Users\merce\Downloads\Proyecto Técnico Carpintería de Madera\build\main.pdf" (131 pages, 26474210 bytes).
PDF statistics:
 877 PDF objects out of 1000 (max. 8388607)
 0 named destinations out of 1000 (max. 500000)
 471 words of extra memory for PDF output out of 10000 (max. 10000000)

