This is pdfTeX, Version 3.141592653-2.6-1.40.26 (TeX Live 2024) (preloaded format=pdflatex 2024.10.9)  11 OCT 2024 21:03
entering extended mode
 restricted \write18 enabled.
 file:line:error style messages enabled.
 %&-line parsing enabled.
**"c:/Users/merce/Documents/GitHub/LaTeX/Cálculo y Diseño de Estructuras/main.tex"
(c:/Users/merce/Documents/GitHub/LaTeX/Cálculo y Diseño de Estructuras/main.tex
LaTeX2e <2024-06-01> patch level 2
L3 programming layer <2024-09-10>
(c:/texlive/2024/texmf-dist/tex/latex/base/book.cls
Document Class: book 2024/02/08 v1.4n Standard LaTeX document class
(c:/texlive/2024/texmf-dist/tex/latex/base/bk10.clo
File: bk10.clo 2024/02/08 v1.4n Standard LaTeX file (size option)
)
\c@part=\count194
\c@chapter=\count195
\c@section=\count196
\c@subsection=\count197
\c@subsubsection=\count198
\c@paragraph=\count199
\c@subparagraph=\count266
\c@figure=\count267
\c@table=\count268
\abovecaptionskip=\skip49
\belowcaptionskip=\skip50
\bibindent=\dimen141
) (c:/texlive/2024/texmf-dist/tex/generic/babel/babel.sty
Package: babel 2024/10/05 v24.11 The Babel package
\babel@savecnt=\count269
\U@D=\dimen142
\l@unhyphenated=\language89
 (c:/texlive/2024/texmf-dist/tex/generic/babel/txtbabel.def)
\bbl@readstream=\read2
\bbl@dirlevel=\count270
 (c:/texlive/2024/texmf-dist/tex/generic/babel-spanish/spanish.ldf
Language: spanish.ldf 2021/05/27 v5.0q Spanish support from the babel system
\es@quottoks=\toks17
\es@quotdepth=\count271
Package babel Info: Making " an active character on input line 570.
Package babel Info: Making . an active character on input line 675.
Package babel Info: Making < an active character on input line 722.
Package babel Info: Making > an active character on input line 722.
)) (c:/texlive/2024/texmf-dist/tex/generic/babel/locale/es/babel-spanish.tex
Package babel Info: Importing font and identification data for spanish
(babel)             from babel-es.ini. Reported on input line 11.
) (c:/texlive/2024/texmf-dist/tex/latex/graphics/graphicx.sty
Package: graphicx 2021/09/16 v1.2d Enhanced LaTeX Graphics (DPC,SPQR)
 (c:/texlive/2024/texmf-dist/tex/latex/graphics/keyval.sty
Package: keyval 2022/05/29 v1.15 key=value parser (DPC)
\KV@toks@=\toks18
) (c:/texlive/2024/texmf-dist/tex/latex/graphics/graphics.sty
Package: graphics 2024/05/23 v1.4g Standard LaTeX Graphics (DPC,SPQR)
 (c:/texlive/2024/texmf-dist/tex/latex/graphics/trig.sty
Package: trig 2023/12/02 v1.11 sin cos tan (DPC)
) (c:/texlive/2024/texmf-dist/tex/latex/graphics-cfg/graphics.cfg
File: graphics.cfg 2016/06/04 v1.11 sample graphics configuration
)
Package graphics Info: Driver file: pdftex.def on input line 106.
 (c:/texlive/2024/texmf-dist/tex/latex/graphics-def/pdftex.def
File: pdftex.def 2024/04/13 v1.2c Graphics/color driver for pdftex
))
\Gin@req@height=\dimen143
\Gin@req@width=\dimen144
) (c:/texlive/2024/texmf-dist/tex/latex/geometry/geometry.sty
Package: geometry 2020/01/02 v5.9 Page Geometry
 (c:/texlive/2024/texmf-dist/tex/generic/iftex/ifvtex.sty
Package: ifvtex 2019/10/25 v1.7 ifvtex legacy package. Use iftex instead.
 (c:/texlive/2024/texmf-dist/tex/generic/iftex/iftex.sty
Package: iftex 2022/02/03 v1.0f TeX engine tests
))
\Gm@cnth=\count272
\Gm@cntv=\count273
\c@Gm@tempcnt=\count274
\Gm@bindingoffset=\dimen145
\Gm@wd@mp=\dimen146
\Gm@odd@mp=\dimen147
\Gm@even@mp=\dimen148
\Gm@layoutwidth=\dimen149
\Gm@layoutheight=\dimen150
\Gm@layouthoffset=\dimen151
\Gm@layoutvoffset=\dimen152
\Gm@dimlist=\toks19
) (c:/texlive/2024/texmf-dist/tex/latex/float/float.sty
Package: float 2001/11/08 v1.3d Float enhancements (AL)
\c@float@type=\count275
\float@exts=\toks20
\float@box=\box52
\@float@everytoks=\toks21
\@floatcapt=\box53
) (c:/texlive/2024/texmf-dist/tex/latex/hyphenat/hyphenat.sty
Package: hyphenat 2009/09/02 v2.3c hyphenation utilities
\langwohyphens=\language90
LaTeX Info: Redefining \_ on input line 43.
) (c:/texlive/2024/texmf-dist/tex/latex/fancyhdr/fancyhdr.sty
Package: fancyhdr 2024/07/23 v4.3.1 Extensive control of page headers and footers
\f@nch@headwidth=\skip51
\f@nch@O@elh=\skip52
\f@nch@O@erh=\skip53
\f@nch@O@olh=\skip54
\f@nch@O@orh=\skip55
\f@nch@O@elf=\skip56
\f@nch@O@erf=\skip57
\f@nch@O@olf=\skip58
\f@nch@O@orf=\skip59
) (c:/texlive/2024/texmf-dist/tex/latex/caption/caption.sty
Package: caption 2023/08/05 v3.6o Customizing captions (AR)
 (c:/texlive/2024/texmf-dist/tex/latex/caption/caption3.sty
Package: caption3 2023/07/31 v2.4d caption3 kernel (AR)
\caption@tempdima=\dimen153
\captionmargin=\dimen154
\caption@leftmargin=\dimen155
\caption@rightmargin=\dimen156
\caption@width=\dimen157
\caption@indent=\dimen158
\caption@parindent=\dimen159
\caption@hangindent=\dimen160
Package caption Info: Standard document class detected.
)
\c@caption@flags=\count276
\c@continuedfloat=\count277
Package caption Info: float package is loaded.
) (c:/texlive/2024/texmf-dist/tex/latex/caption/subcaption.sty
Package: subcaption 2023/07/28 v1.6b Sub-captions (AR)
Package caption Info: New subtype `subfigure' on input line 238.
\c@subfigure=\count278
Package caption Info: New subtype `subtable' on input line 238.
\c@subtable=\count279
) (c:/texlive/2024/texmf-dist/tex/latex/csquotes/csquotes.sty
Package: csquotes 2024-04-04 v5.2o context-sensitive quotations (JAW)
 (c:/texlive/2024/texmf-dist/tex/latex/etoolbox/etoolbox.sty
Package: etoolbox 2020/10/05 v2.5k e-TeX tools for LaTeX (JAW)
\etb@tempcnta=\count280
)
\csq@reset=\count281
\csq@gtype=\count282
\csq@glevel=\count283
\csq@qlevel=\count284
\csq@maxlvl=\count285
\csq@tshold=\count286
\csq@ltx@everypar=\toks22
 (c:/texlive/2024/texmf-dist/tex/latex/csquotes/csquotes.def
File: csquotes.def 2024-04-04 v5.2o csquotes generic definitions (JAW)
)
Package csquotes Info: Trying to load configuration file 'csquotes.cfg'...
Package csquotes Info: ... configuration file loaded successfully.
 (c:/texlive/2024/texmf-dist/tex/latex/csquotes/csquotes.cfg
File: csquotes.cfg 
)) (c:/texlive/2024/texmf-dist/tex/latex/biblatex/biblatex.sty
Package: biblatex 2024/03/21 v3.20 programmable bibliographies (PK/MW)
 (c:/texlive/2024/texmf-dist/tex/generic/pdftexcmds/pdftexcmds.sty
Package: pdftexcmds 2020-06-27 v0.33 Utility functions of pdfTeX for LuaTeX (HO)
 (c:/texlive/2024/texmf-dist/tex/generic/infwarerr/infwarerr.sty
Package: infwarerr 2019/12/03 v1.5 Providing info/warning/error messages (HO)
) (c:/texlive/2024/texmf-dist/tex/generic/ltxcmds/ltxcmds.sty
Package: ltxcmds 2023-12-04 v1.26 LaTeX kernel commands for general use (HO)
)
Package pdftexcmds Info: \pdf@primitive is available.
Package pdftexcmds Info: \pdf@ifprimitive is available.
Package pdftexcmds Info: \pdfdraftmode found.
) (c:/texlive/2024/texmf-dist/tex/latex/kvoptions/kvoptions.sty
Package: kvoptions 2022-06-15 v3.15 Key value format for package options (HO)
 (c:/texlive/2024/texmf-dist/tex/latex/kvsetkeys/kvsetkeys.sty
Package: kvsetkeys 2022-10-05 v1.19 Key value parser (HO)
)) (c:/texlive/2024/texmf-dist/tex/latex/logreq/logreq.sty
Package: logreq 2010/08/04 v1.0 xml request logger
\lrq@indent=\count287
 (c:/texlive/2024/texmf-dist/tex/latex/logreq/logreq.def
File: logreq.def 2010/08/04 v1.0 logreq spec v1.0
)) (c:/texlive/2024/texmf-dist/tex/latex/base/ifthen.sty
Package: ifthen 2024/03/16 v1.1e Standard LaTeX ifthen package (DPC)
) (c:/texlive/2024/texmf-dist/tex/latex/url/url.sty
\Urlmuskip=\muskip17
Package: url 2013/09/16  ver 3.4  Verb mode for urls, etc.
)
\c@tabx@nest=\count288
\c@listtotal=\count289
\c@listcount=\count290
\c@liststart=\count291
\c@liststop=\count292
\c@citecount=\count293
\c@citetotal=\count294
\c@multicitecount=\count295
\c@multicitetotal=\count296
\c@instcount=\count297
\c@maxnames=\count298
\c@minnames=\count299
\c@maxitems=\count300
\c@minitems=\count301
\c@citecounter=\count302
\c@maxcitecounter=\count303
\c@savedcitecounter=\count304
\c@uniquelist=\count305
\c@uniquename=\count306
\c@refsection=\count307
\c@refsegment=\count308
\c@maxextratitle=\count309
\c@maxextratitleyear=\count310
\c@maxextraname=\count311
\c@maxextradate=\count312
\c@maxextraalpha=\count313
\c@abbrvpenalty=\count314
\c@highnamepenalty=\count315
\c@lownamepenalty=\count316
\c@maxparens=\count317
\c@parenlevel=\count318
\blx@tempcnta=\count319
\blx@tempcntb=\count320
\blx@tempcntc=\count321
\c@blx@maxsection=\count322
\blx@maxsegment@0=\count323
\blx@notetype=\count324
\blx@parenlevel@text=\count325
\blx@parenlevel@foot=\count326
\blx@sectionciteorder@0=\count327
\blx@sectionciteorderinternal@0=\count328
\blx@entrysetcounter=\count329
\blx@biblioinstance=\count330
\labelnumberwidth=\skip60
\labelalphawidth=\skip61
\biblabelsep=\skip62
\bibitemsep=\skip63
\bibnamesep=\skip64
\bibinitsep=\skip65
\bibparsep=\skip66
\bibhang=\skip67
\blx@bcfin=\read3
\blx@bcfout=\write3
\blx@langwohyphens=\language91
\c@mincomprange=\count331
\c@maxcomprange=\count332
\c@mincompwidth=\count333
Package biblatex Info: Trying to load biblatex default data model...
Package biblatex Info: ... file 'blx-dm.def' found.
 (c:/texlive/2024/texmf-dist/tex/latex/biblatex/blx-dm.def
File: blx-dm.def 2024/03/21 v3.20 biblatex datamodel (PK/MW)
)
Package biblatex Info: Trying to load biblatex custom data model...
Package biblatex Info: ... file 'biblatex-dm.cfg' not found.
\c@afterword=\count334
\c@savedafterword=\count335
\c@annotator=\count336
\c@savedannotator=\count337
\c@author=\count338
\c@savedauthor=\count339
\c@bookauthor=\count340
\c@savedbookauthor=\count341
\c@commentator=\count342
\c@savedcommentator=\count343
\c@editor=\count344
\c@savededitor=\count345
\c@editora=\count346
\c@savededitora=\count347
\c@editorb=\count348
\c@savededitorb=\count349
\c@editorc=\count350
\c@savededitorc=\count351
\c@foreword=\count352
\c@savedforeword=\count353
\c@holder=\count354
\c@savedholder=\count355
\c@introduction=\count356
\c@savedintroduction=\count357
\c@namea=\count358
\c@savednamea=\count359
\c@nameb=\count360
\c@savednameb=\count361
\c@namec=\count362
\c@savednamec=\count363
\c@translator=\count364
\c@savedtranslator=\count365
\c@shortauthor=\count366
\c@savedshortauthor=\count367
\c@shorteditor=\count368
\c@savedshorteditor=\count369
\c@labelname=\count370
\c@savedlabelname=\count371
\c@institution=\count372
\c@savedinstitution=\count373
\c@lista=\count374
\c@savedlista=\count375
\c@listb=\count376
\c@savedlistb=\count377
\c@listc=\count378
\c@savedlistc=\count379
\c@listd=\count380
\c@savedlistd=\count381
\c@liste=\count382
\c@savedliste=\count383
\c@listf=\count384
\c@savedlistf=\count385
\c@location=\count386
\c@savedlocation=\count387
\c@organization=\count388
\c@savedorganization=\count389
\c@origlocation=\count390
\c@savedoriglocation=\count391
\c@origpublisher=\count392
\c@savedorigpublisher=\count393
\c@publisher=\count394
\c@savedpublisher=\count395
\c@language=\count396
\c@savedlanguage=\count397
\c@origlanguage=\count398
\c@savedoriglanguage=\count399
\c@pageref=\count400
\c@savedpageref=\count401
\shorthandwidth=\skip68
\shortjournalwidth=\skip69
\shortserieswidth=\skip70
\shorttitlewidth=\skip71
\shortauthorwidth=\skip72
\shorteditorwidth=\skip73
\locallabelnumberwidth=\skip74
\locallabelalphawidth=\skip75
\localshorthandwidth=\skip76
\localshortjournalwidth=\skip77
\localshortserieswidth=\skip78
\localshorttitlewidth=\skip79
\localshortauthorwidth=\skip80
\localshorteditorwidth=\skip81
Package biblatex Info: Trying to load compatibility code...
Package biblatex Info: ... file 'blx-compat.def' found.
 (c:/texlive/2024/texmf-dist/tex/latex/biblatex/blx-compat.def
File: blx-compat.def 2024/03/21 v3.20 biblatex compatibility (PK/MW)
)
Package biblatex Info: Trying to load generic definitions...
Package biblatex Info: ... file 'biblatex.def' found.
 (c:/texlive/2024/texmf-dist/tex/latex/biblatex/biblatex.def
File: biblatex.def 2024/03/21 v3.20 biblatex compatibility (PK/MW)
\c@textcitecount=\count402
\c@textcitetotal=\count403
\c@textcitemaxnames=\count404
\c@biburlbigbreakpenalty=\count405
\c@biburlbreakpenalty=\count406
\c@biburlnumpenalty=\count407
\c@biburlucpenalty=\count408
\c@biburllcpenalty=\count409
\biburlbigskip=\muskip18
\biburlnumskip=\muskip19
\biburlucskip=\muskip20
\biburllcskip=\muskip21
\c@smartand=\count410
)
Package biblatex Info: Trying to load bibliography style 'numeric'...
Package biblatex Info: ... file 'numeric.bbx' found.
 (c:/texlive/2024/texmf-dist/tex/latex/biblatex/bbx/numeric.bbx
File: numeric.bbx 2024/03/21 v3.20 biblatex bibliography style (PK/MW)
Package biblatex Info: Trying to load bibliography style 'standard'...
Package biblatex Info: ... file 'standard.bbx' found.
 (c:/texlive/2024/texmf-dist/tex/latex/biblatex/bbx/standard.bbx
File: standard.bbx 2024/03/21 v3.20 biblatex bibliography style (PK/MW)
\c@bbx:relatedcount=\count411
\c@bbx:relatedtotal=\count412
))
Package biblatex Info: Trying to load citation style 'numeric'...
Package biblatex Info: ... file 'numeric.cbx' found.
 (c:/texlive/2024/texmf-dist/tex/latex/biblatex/cbx/numeric.cbx
File: numeric.cbx 2024/03/21 v3.20 biblatex citation style (PK/MW)
Package biblatex Info: Redefining '\cite'.
Package biblatex Info: Redefining '\parencite'.
Package biblatex Info: Redefining '\footcite'.
Package biblatex Info: Redefining '\footcitetext'.
Package biblatex Info: Redefining '\smartcite'.
Package biblatex Info: Redefining '\supercite'.
Package biblatex Info: Redefining '\textcite'.
Package biblatex Info: Redefining '\textcites'.
Package biblatex Info: Redefining '\cites'.
Package biblatex Info: Redefining '\parencites'.
Package biblatex Info: Redefining '\smartcites'.
)
Package biblatex Info: Trying to load configuration file...
Package biblatex Info: ... file 'biblatex.cfg' found.
 (c:/texlive/2024/texmf-dist/tex/latex/biblatex/biblatex.cfg
File: biblatex.cfg 
)
Package biblatex Info: Input encoding 'utf8' detected.
Package biblatex Info: Document encoding is UTF8 ....
 (c:/texlive/2024/texmf-dist/tex/latex/l3kernel/expl3.sty
Package: expl3 2024-09-10 L3 programming layer (loader) 
 (c:/texlive/2024/texmf-dist/tex/latex/l3backend/l3backend-pdftex.def
File: l3backend-pdftex.def 2024-05-08 L3 backend support: PDF output (pdfTeX)
\l__color_backend_stack_int=\count413
\l__pdf_internal_box=\box54
))
Package biblatex Info: ... and expl3
(biblatex)             2024-09-10 L3 programming layer (loader) 
(biblatex)             is new enough (at least 2020/04/06),
(biblatex)             setting 'casechanger=expl3'.
 (c:/texlive/2024/texmf-dist/tex/latex/biblatex/blx-case-expl3.sty (c:/texlive/2024/texmf-dist/tex/latex/l3packages/xparse/xparse.sty
Package: xparse 2024-08-16 L3 Experimental document command parser
)
Package: blx-case-expl3 2024/03/21 v3.20 expl3 case changing code for biblatex
))
Package csquotes Info: Checking for multilingual support...
Package csquotes Info: ... found 'babel' package.
Package csquotes Info: Adjusting default style.
Package csquotes Info: Redefining alias 'default' -> 'spanish'.
 (./main.aux
LaTeX Info: Redefining \. on input line 9.
LaTeX Info: Redefining \% on input line 9.
)
\openout1 = `main.aux'.

LaTeX Font Info:    Checking defaults for OML/cmm/m/it on input line 20.
LaTeX Font Info:    ... okay on input line 20.
LaTeX Font Info:    Checking defaults for OMS/cmsy/m/n on input line 20.
LaTeX Font Info:    ... okay on input line 20.
LaTeX Font Info:    Checking defaults for OT1/cmr/m/n on input line 20.
LaTeX Font Info:    ... okay on input line 20.
LaTeX Font Info:    Checking defaults for T1/cmr/m/n on input line 20.
LaTeX Font Info:    ... okay on input line 20.
LaTeX Font Info:    Checking defaults for TS1/cmr/m/n on input line 20.
LaTeX Font Info:    ... okay on input line 20.
LaTeX Font Info:    Checking defaults for OMX/cmex/m/n on input line 20.
LaTeX Font Info:    ... okay on input line 20.
LaTeX Font Info:    Checking defaults for U/cmr/m/n on input line 20.
LaTeX Font Info:    ... okay on input line 20.
LaTeX Info: Redefining \. on input line 20.
LaTeX Info: Redefining \% on input line 20.
 (c:/texlive/2024/texmf-dist/tex/context/base/mkii/supp-pdf.mkii
[Loading MPS to PDF converter (version 2006.09.02).]
\scratchcounter=\count414
\scratchdimen=\dimen161
\scratchbox=\box55
\nofMPsegments=\count415
\nofMParguments=\count416
\everyMPshowfont=\toks23
\MPscratchCnt=\count417
\MPscratchDim=\dimen162
\MPnumerator=\count418
\makeMPintoPDFobject=\count419
\everyMPtoPDFconversion=\toks24
) (c:/texlive/2024/texmf-dist/tex/latex/epstopdf-pkg/epstopdf-base.sty
Package: epstopdf-base 2020-01-24 v2.11 Base part for package epstopdf
Package epstopdf-base Info: Redefining graphics rule for `.eps' on input line 485.
 (c:/texlive/2024/texmf-dist/tex/latex/latexconfig/epstopdf-sys.cfg
File: epstopdf-sys.cfg 2010/07/13 v1.3 Configuration of (r)epstopdf for TeX Live
))
*geometry* driver: auto-detecting
*geometry* detected driver: pdftex
*geometry* verbose mode - [ preamble ] result:
* driver: pdftex
* paper: a4paper
* layout: <same size as paper>
* layoutoffset:(h,v)=(0.0pt,0.0pt)
* modes: twoside asymmetric 
* h-part:(L,W,R)=(56.9055pt, 483.69687pt, 56.9055pt)
* v-part:(T,H,B)=(56.9055pt, 731.23584pt, 56.9055pt)
* \paperwidth=597.50787pt
* \paperheight=845.04684pt
* \textwidth=483.69687pt
* \textheight=731.23584pt
* \oddsidemargin=-15.36449pt
* \evensidemargin=-15.36449pt
* \topmargin=-45.43198pt
* \headheight=12.0pt
* \headsep=18.06749pt
* \topskip=10.0pt
* \footskip=25.29494pt
* \marginparwidth=48.0pt
* \marginparsep=10.0pt
* \columnsep=10.0pt
* \skip\footins=9.0pt plus 4.0pt minus 2.0pt
* \hoffset=0.0pt
* \voffset=0.0pt
* \mag=1000
* \@twocolumntrue
* \@twosidetrue
* \@mparswitchfalse
* \@reversemarginfalse
* (1in=72.27pt=25.4mm, 1cm=28.453pt)

Package caption Info: Begin \AtBeginDocument code.
Package caption Info: End \AtBeginDocument code.
Package biblatex Info: Trying to load language 'spanish'...
Package biblatex Info: ... file 'spanish.lbx' found.
(c:/texlive/2024/texmf-dist/tex/latex/biblatex/lbx/spanish.lbx
File: spanish.lbx 2024/03/21 v3.20 biblatex localization (PK/MW)
)
Package biblatex Info: Input encoding 'utf8' detected.
Package biblatex Info: Automatic encoding selection.
(biblatex)             Assuming data encoding 'utf8'.
\openout3 = `main.bcf'.

Package biblatex Info: Trying to load bibliographic data...
Package biblatex Info: ... file 'main.bbl' found.
 (./main.bbl)
Package biblatex Info: Reference section=0 on input line 20.
Package biblatex Info: Reference segment=0 on input line 20.
 (./Documentos/Cuerpo.tex (./Capitulos/Tema 1 - Introduccion y objetivos.tex
Cap\'{\i }tulo 1.

Underfull \hbox (badness 1824) in paragraph at lines 12--12
[]\OT1/cmr/bx/n/14.4 Tipos de es-fuer-zo. C^^Salcu-lo
 []

<Imagenes/Tipos de esfuerzo.png, id=1, 554.82281pt x 258.21469pt>
File: Imagenes/Tipos de esfuerzo.png Graphic file (type png)
<use Imagenes/Tipos de esfuerzo.png>
Package pdftex.def Info: Imagenes/Tipos de esfuerzo.png  used on input line 15.
(pdftex.def)             Requested size: 177.63632pt x 82.66978pt.
<Imagenes/Diagrama deformacion.png, id=3, 482.55281pt x 268.00125pt>
File: Imagenes/Diagrama deformacion.png Graphic file (type png)
<use Imagenes/Diagrama deformacion.png>
Package pdftex.def Info: Imagenes/Diagrama deformacion.png  used on input line 21.
(pdftex.def)             Requested size: 177.63632pt x 98.6559pt.



Underfull \hbox (badness 4366) in paragraph at lines 28--28
[]\OT1/cmr/bx/n/12 C^^Salcu-lo Pl^^Sasti-co (Di-se~no a la
 []


Underfull \hbox (badness 1137) in paragraph at lines 31--32
[]\OT1/cmr/m/n/10 A la ho-ra de di-se~nar el mis-mo ele-men-to con
 []

<Imagenes/Proyecto estructural. Procedimiento.png, id=4, 742.27313pt x 447.92343pt>
File: Imagenes/Proyecto estructural. Procedimiento.png Graphic file (type png)
<use Imagenes/Proyecto estructural. Procedimiento.png>
Package pdftex.def Info: Imagenes/Proyecto estructural. Procedimiento.png  used on input line 37.
(pdftex.def)             Requested size: 177.63632pt x 107.1894pt.

Underfull \hbox (badness 10000) in paragraph at lines 40--41
[]\OT1/cmr/m/n/10 Procedimiento con-sis-ten-te en di-men-sio-nar e
 []

<Imagenes/Proyecto estructural. Procedimiento (1).png, id=5, 752.0597pt x 329.73187pt>
File: Imagenes/Proyecto estructural. Procedimiento (1).png Graphic file (type png)
<use Imagenes/Proyecto estructural. Procedimiento (1).png>
Package pdftex.def Info: Imagenes/Proyecto estructural. Procedimiento (1).png  used on input line 44.
(pdftex.def)             Requested size: 177.63632pt x 77.87943pt.

LaTeX Warning: `h' float specifier changed to `ht'.


Underfull \hbox (badness 3000) in paragraph at lines 49--50
[]\OT1/cmr/m/n/10 Crear es-truc-tu-ras que cum-plan los si-guien-tes
 []



[1{c:/texlive/2024/texmf-var/fonts/map/pdftex/updmap/pdftex.map}


 <./Imagenes/Tipos de esfuerzo.png> <./Imagenes/Diagrama deformacion.png> <./Imagenes/Proyecto estructural. Procedimiento.png>]
Underfull \hbox (badness 10000) in paragraph at lines 52--53
\OT1/cmr/m/n/10 ade-cua-da pa-ra im-pe-dir que se pro-duz-can
 []


Underfull \hbox (badness 10000) in paragraph at lines 58--58
[]\OT1/cmr/bx/n/12 Objetivos en es-truc-tu-ras
 []


Underfull \hbox (badness 4739) in paragraph at lines 76--76
[]\OT1/cmr/bx/n/14.4 Aspectos ge-ne-ra-les de un
 []


Underfull \hbox (badness 3895) in paragraph at lines 76--76
\OT1/cmr/bx/n/14.4 pro-yec-to es-truc-tu-ral. Fa-ses
 []


Underfull \hbox (badness 10000) in paragraph at lines 76--76
\OT1/cmr/bx/n/14.4 (an-te-pro-yec-to, b^^Sasi-co y
 []




Underfull \hbox (badness 1377) in paragraph at lines 80--81
[]\OT1/cmr/m/n/10 Proyecto B^^Sasi-co: De-fi-ne de mo-do pre-ci-so las
 []


Underfull \hbox (badness 10000) in paragraph at lines 80--81
\OT1/cmr/m/n/10 ca-rac-ter^^S^^Psti-cas ge-ne-ra-les de la in-ter-ven-ci^^Son
 []


Underfull \hbox (badness 2478) in paragraph at lines 88--89
\OT1/cmr/m/n/10 en una es-truc-tu-ra. Las ac-cio-nes pue-den ser
 []


Underfull \hbox (badness 4001) in paragraph at lines 89--90
[]\OT1/cmr/m/n/10 Situaci^^Son: Con-di-cio-nes en la que se pue-de
 []


Underfull \hbox (badness 5274) in paragraph at lines 90--91
[]\OT1/cmr/m/n/10 Combinaci^^Son de ac-cio-nes: Pa-ra eva-luar las
 []


Underfull \hbox (badness 10000) in paragraph at lines 90--91
\OT1/cmr/m/n/10 pon-de-ran-do su va-lor de-pen-dien-do de su
 []


Underfull \hbox (badness 10000) in paragraph at lines 93--93
[]\OT1/cmr/bx/n/14.4 Elementos es-truc-tu-ra-les y
 []


Underfull \hbox (badness 1072) in paragraph at lines 93--93
\OT1/cmr/bx/n/14.4 no es-truc-tu-ra-les. Ele-men-tos
 []


Underfull \hbox (badness 10000) in paragraph at lines 93--93
\OT1/cmr/bx/n/14.4 es-truc-tu-ra-les pri-ma-rios y
 []

<Imagenes/Elementos estructurales.png, id=16, 621.07031pt x 332.74312pt>
File: Imagenes/Elementos estructurales.png Graphic file (type png)
<use Imagenes/Elementos estructurales.png>
Package pdftex.def Info: Imagenes/Elementos estructurales.png  used on input line 98.
(pdftex.def)             Requested size: 177.63632pt x 95.16786pt.

Underfull \hbox (badness 4647) in paragraph at lines 102--103
\OT1/cmr/m/n/10 (com-po-nen-tes ar-qui-tect^^Soni-cos: ta-bi-ques, ven-ta-nas,
 []


Underfull \hbox (badness 4132) in paragraph at lines 102--103
\OT1/cmr/m/n/10 puer-tas,...) que cum-plen fun-cio-nes esen-cia-les en
 []


Underfull \hbox (badness 4779) in paragraph at lines 102--103
\OT1/cmr/m/n/10 el edi-fi-cio (com-po-nen-tes mec^^Sani-cos y el^^Sectri-cos:
 []



LaTeX Info: Redefining \. on input line 103.
LaTeX Info: Redefining \% on input line 103.

Package fancyhdr Warning: \headheight is too small (12.0pt): 
(fancyhdr)                Make it at least 23.10004pt, for example:
(fancyhdr)                \setlength{\headheight}{23.10004pt}.
(fancyhdr)                You might also make \topmargin smaller to compensate:
(fancyhdr)                \addtolength{\topmargin}{-11.10004pt}.

[2 <./Imagenes/Proyecto estructural. Procedimiento (1).png> <./Imagenes/Elementos estructurales.png>]
Underfull \hbox (badness 3019) in paragraph at lines 104--105
\OT1/cmr/m/n/10 que act^^Suan so-bre el edi-fi-cio al te-rreo (p^^Sorti-cos
 []


Underfull \hbox (badness 6725) in paragraph at lines 106--107
[]\OT1/cmr/m/n/10 Elementos es-truc-tu-ra-les se-cun-da-rios: Son los
 []

<Imagenes/Elementos estructurales (1).png, id=22, 618.05907pt x 411.03563pt>
File: Imagenes/Elementos estructurales (1).png Graphic file (type png)
<use Imagenes/Elementos estructurales (1).png>
Package pdftex.def Info: Imagenes/Elementos estructurales (1).png  used on input line 110.
(pdftex.def)             Requested size: 177.63632pt x 118.13733pt.

Underfull \hbox (badness 4084) in paragraph at lines 111--111
[]\OT1/cmr/m/n/10 Figura 1.4: |Ele-men-tos es-truc-tu-ra-les pri-ma-rios y
 []


Underfull \hbox (badness 10000) in paragraph at lines 114--114
[]\OT1/cmr/bx/n/14.4 Seguridad: M^^Seto-dos en
 []


Underfull \hbox (badness 10000) in paragraph at lines 114--114
\OT1/cmr/bx/n/14.4 ten-sio-nes ad-mi-si-bles y
 []


Underfull \hbox (badness 3291) in paragraph at lines 114--114
\OT1/cmr/bx/n/14.4 m^^Seto-dos en es-ta-do l^^S^^Pmi-te.
 []


Underfull \hbox (badness 1097) in paragraph at lines 117--117
[]\OT1/cmr/bx/n/12 M^^Seto-do en ten-sio-nes ad-mi-si-bles
 []

LaTeX Font Info:    External font `cmex10' loaded for size
(Font)              <7> on input line 118.
LaTeX Font Info:    External font `cmex10' loaded for size
(Font)              <5> on input line 118.

Underfull \hbox (badness 7064) in paragraph at lines 128--129
[]\OT1/cmr/m/n/10 Mayor des-apro-ve-cha-mien-to de la ca-pa-ci-dad
 []



<Imagenes/Aproximacion probabilistica.png, id=23, 545.03625pt x 271.76532pt>
File: Imagenes/Aproximacion probabilistica.png Graphic file (type png)
<use Imagenes/Aproximacion probabilistica.png>
Package pdftex.def Info: Imagenes/Aproximacion probabilistica.png  used on input line 137.
(pdftex.def)             Requested size: 177.63632pt x 88.57149pt.

Underfull \hbox (badness 6658) in paragraph at lines 141--142
[]\OT1/cmr/m/n/10 Al pro-yec-tar una es-truc-tu-ra exis-ten efec-tos
 []


Underfull \hbox (badness 10000) in paragraph at lines 141--142
\OT1/cmr/m/n/10 ta-les co-mo las pro-pie-da-des del ma-te-rial, las
 []


Underfull \hbox (badness 2707) in paragraph at lines 143--144
[]\OT1/cmr/m/n/10 Nivel 2: La va-ria-bles de car-ga y re-sis-ten-cia
 []


Underfull \hbox (badness 2671) in paragraph at lines 143--144
\OT1/cmr/m/n/10 se re-pre-sen-tan por sus fun-cio-nes es-tad^^S^^Psti-cas de
 []

<Imagenes/Valor caracteristico resistencia accion.png, id=24, 808.52063pt x 328.97906pt>
File: Imagenes/Valor caracteristico resistencia accion.png Graphic file (type png)
<use Imagenes/Valor caracteristico resistencia accion.png>
Package pdftex.def Info: Imagenes/Valor caracteristico resistencia accion.png  used on input line 156.
(pdftex.def)             Requested size: 177.63632pt x 72.2752pt.

LaTeX Warning: `h' float specifier changed to `ht'.



LaTeX Info: Redefining \. on input line 161.
LaTeX Info: Redefining \% on input line 161.

Package fancyhdr Warning: \headheight is too small (12.0pt): 
(fancyhdr)                Make it at least 13.07225pt, for example:
(fancyhdr)                \setlength{\headheight}{13.07225pt}.
(fancyhdr)                You might also make \topmargin smaller to compensate:
(fancyhdr)                \addtolength{\topmargin}{-1.07225pt}.

[3 <./Imagenes/Elementos estructurales (1).png> <./Imagenes/Aproximacion probabilistica.png>]
Underfull \hbox (badness 10000) in paragraph at lines 164--164
[]\OT1/cmr/bx/n/12 Coeficientes par-cia-les de
 []


Underfull \hbox (badness 10000) in paragraph at lines 166--167
[]\OT1/cmr/m/n/10 Tienen en cuen-ta las in-cer-ti-dum-bres que
 []


Underfull \hbox (badness 2073) in paragraph at lines 173--174
\OT1/cmr/m/n/10 ge-ne-ra-les de fa-llo y se for-mu-lan en la pr^^Sacti-ca
 []


Underfull \hbox (badness 1168) in paragraph at lines 173--174
\OT1/cmr/m/n/10 de com-pro-bar-se, es de-cir, se es-ta-ble-cen l^^S^^Pmi-tes o
 []




Underfull \hbox (badness 10000) in paragraph at lines 184--185
[]\OT1/cmr/m/n/10 Los par^^Same-tros de con-trol son
 []

<Imagenes/Estados limite de servicio.png, id=34, 912.40875pt x 257.46187pt>
File: Imagenes/Estados limite de servicio.png Graphic file (type png)
<use Imagenes/Estados limite de servicio.png>
Package pdftex.def Info: Imagenes/Estados limite de servicio.png  used on input line 196.
(pdftex.def)             Requested size: 236.84843pt x 66.83243pt.

Underfull \hbox (badness 2393) in paragraph at lines 201--203
\OT1/cmr/m/n/10 Valor l^^S^^Pmi-te ad-mi-si-ble pa-ra el Es-ta-do L^^S^^Pmi-te a
 []

<Imagenes/Estados limite ultimos.png, id=35, 986.9372pt x 173.14688pt>
File: Imagenes/Estados limite ultimos.png Graphic file (type png)
<use Imagenes/Estados limite ultimos.png>
Package pdftex.def Info: Imagenes/Estados limite ultimos.png  used on input line 206.
(pdftex.def)             Requested size: 236.84843pt x 41.55081pt.
) (./Capitulos/Tema 2 - Tipologías Estructurales.tex

LaTeX Info: Redefining \. on input line 1.
LaTeX Info: Redefining \% on input line 1.

Package fancyhdr Warning: \headheight is too small (12.0pt): 
(fancyhdr)                Make it at least 25.07225pt, for example:
(fancyhdr)                \setlength{\headheight}{25.07225pt}.
(fancyhdr)                You might also make \topmargin smaller to compensate:
(fancyhdr)                \addtolength{\topmargin}{-13.07225pt}.

[4{c:/texlive/2024/texmf-dist/fonts/enc/dvips/cm-super/cm-super-ts1.enc} <./Imagenes/Valor caracteristico resistencia accion.png> <./Imagenes/Estados limite de servicio.png> <./Imagenes/Estados limite ultimos.png>]
Cap\'{\i }tulo 2.

Underfull \hbox (badness 1430) in paragraph at lines 3--4
[]\OT1/cmr/m/n/10 El t^^Sermino ti-po es-truc-tu-ral ha-ce re-fe-ren-cia al
 []


Underfull \hbox (badness 2460) in paragraph at lines 7--8
\OT1/cmr/m/n/10 ade-cua-do y econ^^Somi-co pa-ra cons-truir-los con los
 []


Underfull \hbox (badness 10000) in paragraph at lines 11--12
\OT1/cmr/m/n/10 pro-du-ce di-fe-ren-tes dis-tri-bu-ci^^Son de es-fuer-zos y
 []

<Imagenes/Galileo Galilei.png, id=43, 301.125pt x 188.95593pt>
File: Imagenes/Galileo Galilei.png Graphic file (type png)
<use Imagenes/Galileo Galilei.png>
Package pdftex.def Info: Imagenes/Galileo Galilei.png  used on input line 23.
(pdftex.def)             Requested size: 177.63632pt x 111.47148pt.

LaTeX Warning: `h' float specifier changed to `ht'.




Underfull \hbox (badness 10000) in paragraph at lines 30--31
[]\OT1/cmr/m/n/10 Hay dos ca-rac-ter^^S^^Psti-cas im-por-tan-tes de la
 []


Underfull \hbox (badness 10000) in paragraph at lines 30--31
\OT1/cmr/m/n/10 geo-metr^^S^^Pa que de-ter-mi-nan los me-ca-nis-mos
 []


Underfull \hbox (badness 5756) in paragraph at lines 32--33
[]\OT1/cmr/m/n/10 Curvatura: to-da su-per-fi-cie cor-ta-da por
 []


Underfull \hbox (badness 10000) in paragraph at lines 32--33
\OT1/cmr/m/n/10 per-pen-di-cu-la-res en-tre s^^S^^P (di-rec-cio-nes
 []


Underfull \hbox (badness 1852) in paragraph at lines 32--33
\OT1/cmr/m/n/10 prin-ci-pa-les de cur-va-tu-ra pa-ra las cua-les
 []


Underfull \hbox (badness 2189) in paragraph at lines 32--33
\OT1/cmr/m/n/10 la cur-va-tu-ra re-sul-ta m^^Saxi-ma y m^^S^^Pni-ma,
 []


Underfull \hbox (badness 10000) in paragraph at lines 32--33
\OT1/cmr/m/n/10 res-pec-ti-va-men-te. La en-vol-ven-te de las
 []


Underfull \hbox (badness 5563) in paragraph at lines 32--33
\OT1/cmr/m/n/10 di-rec-cio-nes prin-ci-pa-les de cur-va-tu-ra en
 []


Underfull \hbox (badness 1178) in paragraph at lines 33--34
\OT1/cmr/m/n/10 pa-ra-le-los a las di-rec-cio-nes prin-ci-pa-les de
 []


Underfull \hbox (badness 10000) in paragraph at lines 37--38
[]\OT1/cmr/m/n/10 En re-la-ci^^Son con ele-men-tos es-truc-tu-ra-les y
 []


Underfull \hbox (badness 1038) in paragraph at lines 37--38
\OT1/cmr/m/n/10 es-truc-tu-ra en su con-jun-to, a la ho-ra de abor-dar
 []


Underfull \hbox (badness 3058) in paragraph at lines 37--38
\OT1/cmr/m/n/10 su pro-yec-to y c^^Salcu-lo han de con-si-de-rar-se tres
 []



[5

 <./Imagenes/Galileo Galilei.png>]
Underfull \hbox (badness 2591) in paragraph at lines 49--50
[]\OT1/cmr/m/n/10 De los va-lo-res de esas ten-sio-nes prin-ci-pa-les
 []


Underfull \hbox (badness 1320) in paragraph at lines 50--51
[]\OT1/cmr/m/n/10 Las en-vol-ven-tes de las di-rec-cio-nes prin-ci-pa-les
 []


Underfull \hbox (badness 1275) in paragraph at lines 51--52
[]\OT1/cmr/m/n/10 Puede ima-gi-nar-se que a trav^^Ses de las l^^S^^Pneas
 []


Underfull \hbox (badness 3815) in paragraph at lines 51--52
\OT1/cmr/m/n/10 isost^^Sati-cas el s^^Soli-do se acor-ta o alar-ga en
 []


Underfull \hbox (badness 3635) in paragraph at lines 51--52
\OT1/cmr/m/n/10 pro-por-ci^^Son a la ten-si^^Son (de trac-ci^^Son o de
 []


Underfull \hbox (badness 1087) in paragraph at lines 52--53
\OT1/cmr/m/n/10 (en su-per-fi-cies) con di-rec-cio-nes prin-ci-pa-les de
 []


Underfull \hbox (badness 2435) in paragraph at lines 52--53
\OT1/cmr/m/n/10 ten-sio-nes; las pri-me-ras de-pen-den s^^Solo de la
 []


Underfull \hbox (badness 4713) in paragraph at lines 52--53
\OT1/cmr/m/n/10 tam-bi^^Sen de las car-gas apli-ca-das y de las
 []


Underfull \hbox (badness 10000) in paragraph at lines 55--55
[]\OT1/cmr/bx/n/14.4 Elementos es-truc-tu-ra-les y
 []




Underfull \hbox (badness 10000) in paragraph at lines 64--65
[]\OT1/cmr/m/n/10 Barras com-pri-mi-das biar-ti-cu-la-das:
 []


Underfull \hbox (badness 5203) in paragraph at lines 68--69
\OT1/cmr/m/n/10 ac-tua-les y con-di-cio-nes de con-torno
 []


Underfull \hbox (badness 10000) in paragraph at lines 71--72
[]\OT1/cmr/m/n/10 Grupo 2: Es-fuer-zos
 []


Underfull \hbox (badness 10000) in paragraph at lines 71--72
\OT1/cmr/m/n/10 per-pen-di-cu-la-res plano me-dio:
 []


Underfull \hbox (badness 1275) in paragraph at lines 73--74
\OT1/cmr/m/n/10 es-fuer-zos que ge-ne-ren las ac-cio-nes y
 []


Underfull \hbox (badness 4454) in paragraph at lines 94--95
\OT1/cmr/m/n/10 pun-to, del Gru-po 1 ($\OML/cmm/m/it/10 N[]; N[]; N[]$\OT1/cmr/m/n/10 ) y del
 []


Underfull \hbox (badness 2547) in paragraph at lines 96--97
[]\OT1/cmr/m/n/10 Membrana: s^^Solo es-fuer-zos del Gru-po 1:
 []


Underfull \hbox (badness 10000) in paragraph at lines 115--115
[]\OT1/cmr/bx/n/12 Elementos uni-di-men-sio-na-les
 []


Underfull \hbox (badness 7649) in paragraph at lines 118--119
 \OT1/cmr/bx/n/10 Ca-bles.[] \OT1/cmr/m/n/10 Son ele-men-tos de pe-que~na di-men-si^^Son
 []


Underfull \hbox (badness 3039) in paragraph at lines 118--119
\OT1/cmr/m/n/10 so-me-ti-dos a es-fuer-zos de trac-ci^^Son. Ven-ta-ja: uso
 []


Underfull \hbox (badness 5548) in paragraph at lines 118--119
\OT1/cmr/m/n/10 com-ple-to de la sec-ci^^Son; efi-cien-cia y eco-nom^^S^^Pa.
 []


Underfull \hbox (badness 10000) in paragraph at lines 118--119
\OT1/cmr/m/n/10 In-con-ve-nien-te: su adap-ta-bi-li-dad a las car-gas
 []


Underfull \hbox (badness 4279) in paragraph at lines 118--119
\OT1/cmr/m/n/10 cam-bian-tes los ha-ce ines-ta-bles. En los puen-tes
 []


Underfull \hbox (badness 3679) in paragraph at lines 118--119
\OT1/cmr/m/n/10 col-gan-tes las ar-ma-du-ras que cuel-gan del ca-ble,
 []



LaTeX Info: Redefining \. on input line 119.
LaTeX Info: Redefining \% on input line 119.

Package fancyhdr Warning: \headheight is too small (12.0pt): 
(fancyhdr)                Make it at least 13.07225pt, for example:
(fancyhdr)                \setlength{\headheight}{13.07225pt}.
(fancyhdr)                You might also make \topmargin smaller to compensate:
(fancyhdr)                \addtolength{\topmargin}{-1.07225pt}.

[6]
Underfull \hbox (badness 3895) in paragraph at lines 121--122
[]\OT1/cmr/m/n/10 Cable so-me-ti-do a una car-ga ver-ti-cal: pa-ra
 []


Underfull \hbox (badness 1436) in paragraph at lines 125--126
[]\OT1/cmr/m/n/10 Si to-das las car-gas son igua-les y est^^San
 []


Underfull \hbox (badness 10000) in paragraph at lines 125--126
\OT1/cmr/m/n/10 se-pa-ra-das ho-ri-zon-tal-men-te la mis-ma
 []


Underfull \hbox (badness 4940) in paragraph at lines 126--127
[]\OT1/cmr/m/n/10 Si to-das las car-gas son igua-les y se
 []

<Imagenes/Catenaria y parabola.png, id=52, 907.13907pt x 214.55156pt>
File: Imagenes/Catenaria y parabola.png Graphic file (type png)
<use Imagenes/Catenaria y parabola.png>
Package pdftex.def Info: Imagenes/Catenaria y parabola.png  used on input line 133.
(pdftex.def)             Requested size: 236.84843pt x 56.01779pt.

Underfull \hbox (badness 1748) in paragraph at lines 137--138
\OT1/cmr/m/n/10 se cur-va (pan-dea). La car-ga de pan-deo de una
 []


Underfull \hbox (badness 1048) in paragraph at lines 137--138
\OT1/cmr/m/n/10 pa-rab^^Soli-ca que to-ma el ca-ble ba-ja car-gas igua-les
 []



<Imagenes/Gaudi.png, id=53, 451.6875pt x 803.0pt>
File: Imagenes/Gaudi.png Graphic file (type png)
<use Imagenes/Gaudi.png>
Package pdftex.def Info: Imagenes/Gaudi.png  used on input line 141.
(pdftex.def)             Requested size: 177.63632pt x 315.80309pt.

Underfull \hbox (badness 1527) in paragraph at lines 147--148
\OT1/cmr/m/n/10 (ac-ci^^Son de vi-ga). Si la vi-ga tie-ne im-pe-di-dos los
 []


Underfull \hbox (badness 2384) in paragraph at lines 147--148
\OT1/cmr/m/n/10 des-pla-za-mien-tos de los ex-tre-mos en la di-rec-ci^^Son
 []


Underfull \hbox (badness 2653) in paragraph at lines 147--148
\OT1/cmr/m/n/10 lon-gi-tu-di-nal, se de-sa-rro-llan tam-bi^^Sen es-fuer-zos de
 []

<Imagenes/Viga en voladizo seccion rectangular - flexion.png, id=54, 254.45062pt x 289.08pt>
File: Imagenes/Viga en voladizo seccion rectangular - flexion.png Graphic file (type png)
<use Imagenes/Viga en voladizo seccion rectangular - flexion.png>
Package pdftex.def Info: Imagenes/Viga en voladizo seccion rectangular - flexion.png  used on input line 153.
(pdftex.def)             Requested size: 177.63632pt x 201.82088pt.

Underfull \hbox (badness 3128) in paragraph at lines 150--154
 \OT1/cmr/bx/n/10 Vi-ga en Vo-la-di-zo (sec-ci^^Son rec-tan-gu-lar).[]
 []



LaTeX Info: Redefining \. on input line 155.
LaTeX Info: Redefining \% on input line 155.

Package fancyhdr Warning: \headheight is too small (12.0pt): 
(fancyhdr)                Make it at least 13.07225pt, for example:
(fancyhdr)                \setlength{\headheight}{13.07225pt}.
(fancyhdr)                You might also make \topmargin smaller to compensate:
(fancyhdr)                \addtolength{\topmargin}{-1.07225pt}.

[7 <./Imagenes/Catenaria y parabola.png> <./Imagenes/Gaudi.png (PNG copy)>]
<Imagenes/Viga en voladizo seccion rectangular - Cortante.png, id=60, 245.41687pt x 270.25969pt>
File: Imagenes/Viga en voladizo seccion rectangular - Cortante.png Graphic file (type png)
<use Imagenes/Viga en voladizo seccion rectangular - Cortante.png>
Package pdftex.def Info: Imagenes/Viga en voladizo seccion rectangular - Cortante.png  used on input line 159.
(pdftex.def)             Requested size: 177.63632pt x 195.6219pt.
<Imagenes/Viga en voladizo perfil I.png, id=61, 828.09375pt x 246.1697pt>
File: Imagenes/Viga en voladizo perfil I.png Graphic file (type png)
<use Imagenes/Viga en voladizo perfil I.png>
Package pdftex.def Info: Imagenes/Viga en voladizo perfil I.png  used on input line 166.
(pdftex.def)             Requested size: 236.84843pt x 70.407pt.

Underfull \hbox (badness 3623) in paragraph at lines 163--167
 \OT1/cmr/bx/n/10 Vi-ga en Vo-la-di-zo (per-fil I).[] \OT1/cmr/m/n/10 La sec-ci^^Son
 []

<Imagenes/Viga Biapoyada - Isostaticas.png, id=62, 449.42906pt x 383.18156pt>
File: Imagenes/Viga Biapoyada - Isostaticas.png Graphic file (type png)
<use Imagenes/Viga Biapoyada - Isostaticas.png>
Package pdftex.def Info: Imagenes/Viga Biapoyada - Isostaticas.png  used on input line 173.
(pdftex.def)             Requested size: 177.63632pt x 151.45152pt.


<Imagenes/Viga Biapoyada - resistencia.png, id=63, 429.10312pt x 359.09157pt>
File: Imagenes/Viga Biapoyada - resistencia.png Graphic file (type png)
<use Imagenes/Viga Biapoyada - resistencia.png>
Package pdftex.def Info: Imagenes/Viga Biapoyada - resistencia.png  used on input line 179.
(pdftex.def)             Requested size: 177.63632pt x 148.6531pt.

Underfull \hbox (badness 5316) in paragraph at lines 176--180
[]\OT1/cmr/m/n/10 Reserva de re-sis-ten-cia por re-dis-tri-bu-ci^^Son de
 []

<Imagenes/Viga biapoyada con un extremo inmobilizado.png, id=64, 376.40625pt x 67.0003pt>
File: Imagenes/Viga biapoyada con un extremo inmobilizado.png Graphic file (type png)
<use Imagenes/Viga biapoyada con un extremo inmobilizado.png>
Package pdftex.def Info: Imagenes/Viga biapoyada con un extremo inmobilizado.png  used on input line 186.
(pdftex.def)             Requested size: 177.63632pt x 31.61996pt.
<Imagenes/Viga biapoyada con ambos extremos inmovilizados.png, id=65, 359.09157pt x 75.28125pt>
File: Imagenes/Viga biapoyada con ambos extremos inmovilizados.png Graphic file (type png)
<use Imagenes/Viga biapoyada con ambos extremos inmovilizados.png>
Package pdftex.def Info: Imagenes/Viga biapoyada con ambos extremos inmovilizados.png  used on input line 191.
(pdftex.def)             Requested size: 177.63632pt x 37.24077pt.

Underfull \hbox (badness 10000) in paragraph at lines 196--196
[]\OT1/cmr/bx/n/12 Elementos bi-di-rec-cio-na-les
 []


Underfull \hbox (badness 10000) in paragraph at lines 196--196
\OT1/cmr/bx/n/12 (trans-fe-ren-cia bi-di-rec-cio-nal de
 []


Underfull \vbox (badness 7221) has occurred while \output is active []



LaTeX Info: Redefining \. on input line 199.
LaTeX Info: Redefining \% on input line 199.

Package fancyhdr Warning: \headheight is too small (12.0pt): 
(fancyhdr)                Make it at least 13.07225pt, for example:
(fancyhdr)                \setlength{\headheight}{13.07225pt}.
(fancyhdr)                You might also make \topmargin smaller to compensate:
(fancyhdr)                \addtolength{\topmargin}{-1.07225pt}.

[8 <./Imagenes/Viga en voladizo seccion rectangular - flexion.png> <./Imagenes/Viga en voladizo seccion rectangular - Cortante.png> <./Imagenes/Viga en voladizo perfil I.png> <./Imagenes/Viga Biapoyada - Isostaticas.png> <./Imagenes/Viga Biapoyada - resistencia.png> <./Imagenes/Viga biapoyada con un extremo inmobilizado.png> <./Imagenes/Viga biapoyada con ambos extremos inmovilizados.png>]
Underfull \hbox (badness 1515) in paragraph at lines 201--202
 \OT1/cmr/bx/n/10 Trans-mi-si^^Son de una car-ga en-tre dos vi-gas
 []


Underfull \hbox (badness 4353) in paragraph at lines 204--205
 \OT1/cmr/bx/n/10 Trans-mi-si^^Son de va-rias car-gas en-tre vi-gas
 []


Underfull \hbox (badness 4353) in paragraph at lines 207--208
 \OT1/cmr/bx/n/10 Trans-mi-si^^Son de va-rias car-gas en-tre vi-gas
 []


Underfull \hbox (badness 10000) in paragraph at lines 207--208
\OT1/cmr/bx/n/10 per-pen-di-cu-la-res con uni^^Son r^^S^^Pgi-da.[] \OT1/cmr/m/n/10 Si las
 []


Underfull \hbox (badness 2126) in paragraph at lines 207--208
\OT1/cmr/m/n/10 ge-ne-ra tor-sio-nes (ala-beo) en las sec-cio-nes de la
 []


Underfull \hbox (badness 1400) in paragraph at lines 207--208
\OT1/cmr/m/n/10 vi-ga per-pen-di-cu-lar. Es-ta nue-va ac-ci^^Son es-truc-tu-ral
 []


Underfull \hbox (badness 1057) in paragraph at lines 207--208
\OT1/cmr/m/n/10 au-men-ta la ri-gi-dez del con-jun-to, re-du-ci^^Sendo-se los
 []


Underfull \hbox (badness 4108) in paragraph at lines 207--208
\OT1/cmr/m/n/10 des-pla-za-mien-tos del en-tra-ma-do. Con en-tra-ma-dos
 []


Underfull \hbox (badness 1383) in paragraph at lines 207--208
\OT1/cmr/m/n/10 se pue-de lle-gar de for-ma econ^^Somi-ca a re-la-cio-nes
 []


Underfull \hbox (badness 2486) in paragraph at lines 210--211
\OT1/cmr/m/n/10 r^^S^^Pgi-da-men-te uni-das y que tra-ba-jan en cual-quier
 []


Underfull \hbox (badness 10000) in paragraph at lines 212--213
[]\OT1/cmr/m/n/10 Acci^^Son de pla-za: pue-de en-ten-der-se co-mo
 []




Underfull \hbox (badness 4595) in paragraph at lines 219--220
[]\OT1/cmr/m/n/10 Redistribuci^^Son de ten-sio-nes. A me-di-da que
 []


Underfull \hbox (badness 1325) in paragraph at lines 219--220
\OT1/cmr/m/n/10 de sec-cio-nes (l^^S^^Pneas de ar-ti-cu-la-ci^^Son). La lo-sa
 []

<Imagenes/Losas nervadas.png, id=76, 1913.1475pt x 1034.86626pt>
File: Imagenes/Losas nervadas.png Graphic file (type png)
<use Imagenes/Losas nervadas.png>
Package pdftex.def Info: Imagenes/Losas nervadas.png  used on input line 231.
(pdftex.def)             Requested size: 236.84843pt x 128.11049pt.

Underfull \hbox (badness 2042) in paragraph at lines 236--237
[]\OT1/cmr/m/n/10 La efi-cien-cia de la pla-ca se pue-de au-men-tar
 []



LaTeX Info: Redefining \. on input line 237.
LaTeX Info: Redefining \% on input line 237.

Package fancyhdr Warning: \headheight is too small (12.0pt): 
(fancyhdr)                Make it at least 13.07225pt, for example:
(fancyhdr)                \setlength{\headheight}{13.07225pt}.
(fancyhdr)                You might also make \topmargin smaller to compensate:
(fancyhdr)                \addtolength{\topmargin}{-1.07225pt}.

[9 <./Imagenes/Losas nervadas.png (PNG copy)>]
<Imagenes/Laminas plegadas.png, id=80, 752.8125pt x 423.5825pt>
File: Imagenes/Laminas plegadas.png Graphic file (type png)
<use Imagenes/Laminas plegadas.png>
Package pdftex.def Info: Imagenes/Laminas plegadas.png  used on input line 240.
(pdftex.def)             Requested size: 236.84843pt x 133.26761pt.

Underfull \hbox (badness 4846) in paragraph at lines 241--241
[]\OT1/cmr/m/n/10 Figura 2.4: |Ori-ga-mi pa-vi-lion by Tal Fried-man
 []


Underfull \hbox (badness 2269) in paragraph at lines 245--246
\OT1/cmr/m/n/10 equi-va-len-te. La ac-ci^^Son de pla-ca ple-ga-da es una
 []


Underfull \hbox (badness 2088) in paragraph at lines 248--249
\OT1/cmr/m/n/10 apo-ya-da en los plie-gues, en los cua-les apa-re-cen
 []


Underfull \hbox (badness 4024) in paragraph at lines 248--249
\OT1/cmr/m/n/10 que tra-ba-jan co-mo gran-des vi-gas lon-gi-tu-di-na-les
 []


Underfull \hbox (badness 3108) in paragraph at lines 254--255
\OT1/cmr/m/n/10 or-to-go-na-les (que son las pro-pias di-rec-cio-nes
 []


Underfull \hbox (badness 1137) in paragraph at lines 254--255
\OT1/cmr/m/n/10 (di-fe-ren-cia de pen-dien-tes en-tre pun-tos de un
 []


Underfull \hbox (badness 2707) in paragraph at lines 255--256
[]\OT1/cmr/m/n/10 Mecanismo o ac-ci^^Son de cor-te den-tro de la
 []


Underfull \hbox (badness 1521) in paragraph at lines 255--256
\OT1/cmr/m/n/10 su-per-fi-cie de la mem-bra-na, de-bi-da al ala-beo
 []




Underfull \hbox (badness 1286) in paragraph at lines 259--260
[]\OT1/cmr/m/n/10 Elementos bi-di-men-sio-na-les con cur-va-tu-ra y de
 []


Underfull \hbox (badness 1308) in paragraph at lines 259--260
\OT1/cmr/m/n/10 en el plano tan-gen-te a ca-da pun-to tan-to en su
 []


Underfull \hbox (badness 10000) in paragraph at lines 267--268
[]\OT1/cmr/m/n/10 Superficies re-gla-das: des-pla-za-mien-to de un
 []

<Imagenes/Panteon.png, id=81, 1507.6325pt x 943.525pt>
File: Imagenes/Panteon.png Graphic file (type png)
<use Imagenes/Panteon.png>
Package pdftex.def Info: Imagenes/Panteon.png  used on input line 273.
(pdftex.def)             Requested size: 236.84843pt x 148.21725pt.
<Imagenes/Jardines de Xochimilco.png, id=82, 680.5425pt x 512.91624pt>
File: Imagenes/Jardines de Xochimilco.png Graphic file (type png)
<use Imagenes/Jardines de Xochimilco.png>
Package pdftex.def Info: Imagenes/Jardines de Xochimilco.png  used on input line 279.
(pdftex.def)             Requested size: 236.84843pt x 178.50594pt.

LaTeX Warning: `h' float specifier changed to `ht'.


Underfull \hbox (badness 10000) in paragraph at lines 283--283
[]\OT1/cmr/bx/n/14.4 Estructuras y sus
 []


Underfull \hbox (badness 1286) in paragraph at lines 284--285
[]\OT1/cmr/m/n/10 Nos va-mos a ocu-par aho-ra de es-truc-tu-ras en
 []



LaTeX Info: Redefining \. on input line 285.
LaTeX Info: Redefining \% on input line 285.
[10 <./Imagenes/Laminas plegadas.png (PNG copy)> <./Imagenes/Panteon.png (PNG copy)>]
Underfull \hbox (badness 10000) in paragraph at lines 287--288
[]\OT1/cmr/m/n/10 Elementos su-per-fi-cia-les: ej. es-truc-tu-ras
 []


Underfull \hbox (badness 10000) in paragraph at lines 288--289
[]\OT1/cmr/m/n/10 Macizos de tres di-men-sio-nes com-pa-ra-bles
 []


Underfull \hbox (badness 10000) in paragraph at lines 292--292
[]\OT1/cmr/bx/n/12 Soluciones con-ven-cio-na-les pa-ra
 []


Underfull \hbox (badness 1590) in paragraph at lines 295--296
\OT1/cmr/m/n/10 ele-men-tos li-nea-les (vi-gas, pi-la-res y vi-gue-tas) que
 []


Underfull \hbox (badness 1122) in paragraph at lines 295--296
\OT1/cmr/m/n/10 p^^Sorti-cos. Las vi-gue-tas se en-la-zan mo-nol^^S^^Pti-ca-men-te
 []


Underfull \hbox (badness 5563) in paragraph at lines 295--296
\OT1/cmr/m/n/10 uni-di-rec-cio-na-les. El for-ja-do uni-di-rec-cio-nal pue-de
 []

<Imagenes/Porticos+forjados unidireccionales.png, id=86, 595.47469pt x 389.20406pt>
File: Imagenes/Porticos+forjados unidireccionales.png Graphic file (type png)
<use Imagenes/Porticos+forjados unidireccionales.png>
Package pdftex.def Info: Imagenes/Porticos+forjados unidireccionales.png  used on input line 299.
(pdftex.def)             Requested size: 177.63632pt x 116.1029pt.

Underfull \hbox (badness 7814) in paragraph at lines 303--304
\OT1/cmr/m/n/10 for-man-do p^^Sorti-cos, y ele-men-tos bi-di-men-sio-na-les
 []



<Imagenes/Porticos + placas.png, id=87, 472.76625pt x 406.51875pt>
File: Imagenes/Porticos + placas.png Graphic file (type png)
<use Imagenes/Porticos + placas.png>
Package pdftex.def Info: Imagenes/Porticos + placas.png  used on input line 307.
(pdftex.def)             Requested size: 177.63632pt x 152.7481pt.

Underfull \hbox (badness 10000) in paragraph at lines 311--312
 \OT1/cmr/bx/n/10 Pla-cas so-bre pi-la-res ais-la-dos.[] \OT1/cmr/m/n/10 Com-bi-nan
 []


Underfull \hbox (badness 10000) in paragraph at lines 311--312
\OT1/cmr/m/n/10 ele-men-tos li-nea-les (pi-la-res) y ele-men-tos
 []


Underfull \hbox (badness 10000) in paragraph at lines 311--312
\OT1/cmr/m/n/10 bi-di-men-sio-na-les (pla-cas) ma-ci-zos o ali-ge-ra-dos,
 []

<Imagenes/Placas sobre pilares aislados.png, id=88, 532.23843pt x 383.93437pt>
File: Imagenes/Placas sobre pilares aislados.png Graphic file (type png)
<use Imagenes/Placas sobre pilares aislados.png>
Package pdftex.def Info: Imagenes/Placas sobre pilares aislados.png  used on input line 315.
(pdftex.def)             Requested size: 177.63632pt x 128.13988pt.

Underfull \hbox (badness 10000) in paragraph at lines 320--321
 \OT1/cmr/bx/n/10 P^^Sorti-cos + for-ja-dos/placas.[] \OT1/cmr/m/n/10 Es-ta so-lu-ci^^Son
 []


Underfull \hbox (badness 3138) in paragraph at lines 320--321
\OT1/cmr/m/n/10 em-plea-da nor-mal-men-te pa-ra car-gas ver-ti-ca-les es
 []


Underfull \hbox (badness 1320) in paragraph at lines 320--321
\OT1/cmr/m/n/10 tam-bi^^Sen efi-cien-te pa-ra car-gas ho-ri-zon-ta-les cuan-do
 []


Underfull \hbox (badness 3271) in paragraph at lines 320--321
\OT1/cmr/m/n/10 ^^Sestas no son ex-ce-si-vas o la al-tu-ra del edi-fi-cio
 []


Underfull \hbox (badness 1097) in paragraph at lines 320--321
\OT1/cmr/m/n/10 no es muy ele-va-da. Los for-ja-dos fun-cio-nan co-mo
 []


Underfull \hbox (badness 2426) in paragraph at lines 320--321
\OT1/cmr/m/n/10 de la es-truc-tu-ra son la su-ma de dos ti-pos de
 []


Underfull \hbox (badness 3396) in paragraph at lines 320--321
\OT1/cmr/m/n/10 de-for-ma-ci^^Son glo-bal del p^^Sorti-co: de-for-ma-ci^^Son por
 []

<Imagenes/Porticos + forjados.png, id=89, 1035.87pt x 347.04657pt>
File: Imagenes/Porticos + forjados.png Graphic file (type png)
<use Imagenes/Porticos + forjados.png>
Package pdftex.def Info: Imagenes/Porticos + forjados.png  used on input line 324.
(pdftex.def)             Requested size: 236.84843pt x 79.34772pt.

Underfull \vbox (badness 10000) has occurred while \output is active []



LaTeX Info: Redefining \. on input line 326.
LaTeX Info: Redefining \% on input line 326.

Package fancyhdr Warning: \headheight is too small (12.0pt): 
(fancyhdr)                Make it at least 13.07225pt, for example:
(fancyhdr)                \setlength{\headheight}{13.07225pt}.
(fancyhdr)                You might also make \topmargin smaller to compensate:
(fancyhdr)                \addtolength{\topmargin}{-1.07225pt}.

[11 <./Imagenes/Jardines de Xochimilco.png (PNG copy)> <./Imagenes/Porticos+forjados unidireccionales.png> <./Imagenes/Porticos + placas.png> <./Imagenes/Placas sobre pilares aislados.png>]
Underfull \hbox (badness 10000) in paragraph at lines 328--329
 \OT1/cmr/bx/n/10 Pan-ta-llas + for-ja-dos/placas.[] \OT1/cmr/m/n/10 Com-bi-nan
 []


Underfull \hbox (badness 4168) in paragraph at lines 328--329
\OT1/cmr/m/n/10 co-mo gran-des vi-gas ver-ti-ca-les en vo-la-di-zo, con
 []


Underfull \hbox (badness 3312) in paragraph at lines 328--329
\OT1/cmr/m/n/10 ho-ri-zon-ta-les. Los for-ja-dos o pla-cas re-par-ten las
 []


Underfull \hbox (badness 1360) in paragraph at lines 328--329
\OT1/cmr/m/n/10 ac-cio-nes ho-ri-zon-ta-les en-tre las pan-ta-llas me-dian-te
 []


Underfull \hbox (badness 7722) in paragraph at lines 328--329
\OT1/cmr/m/n/10 la ac-ci^^Son dia-frag-ma. Es efi-cien-te pa-ra car-gas
 []


Underfull \hbox (badness 1189) in paragraph at lines 328--329
\OT1/cmr/m/n/10 ho-ri-zon-ta-les im-por-tan-te o edi-fi-cios en al-tu-ra. Los
 []


Underfull \hbox (badness 1584) in paragraph at lines 328--329
\OT1/cmr/m/n/10 des-pla-za-mien-tos ho-ri-zon-ta-les de la es-truc-tu-ra son
 []

<Imagenes/Pantallas + forjados.png, id=96, 338.01282pt x 231.11343pt>
File: Imagenes/Pantallas + forjados.png Graphic file (type png)
<use Imagenes/Pantallas + forjados.png>
Package pdftex.def Info: Imagenes/Pantallas + forjados.png  used on input line 332.
(pdftex.def)             Requested size: 177.63632pt x 121.4598pt.

Underfull \hbox (badness 10000) in paragraph at lines 336--337
 \OT1/cmr/bx/n/10 P^^Sorti-cos + pan-ta-llas/n^^Sucleos con
 []


Underfull \hbox (badness 1043) in paragraph at lines 336--337
\OT1/cmr/bx/n/10 for-ja-dos/placas.[] \OT1/cmr/m/n/10 Se ha-ce tra-ba-jar en ``pa-ra-le-lo''
 []


Underfull \hbox (badness 1377) in paragraph at lines 336--337
\OT1/cmr/m/n/10 ele-men-tos bi-di-men-sio-na-les (pan-ta-llas) con p^^Sorti-cos
 []


Underfull \hbox (badness 3199) in paragraph at lines 336--337
\OT1/cmr/m/n/10 dia-frag-ma. Se pro-du-ce un efec-to de in-ter-ac-ci^^Son
 []

<Imagenes/Porticos + nucleos con forjados.png, id=97, 377.15906pt x 238.64156pt>
File: Imagenes/Porticos + nucleos con forjados.png Graphic file (type png)
<use Imagenes/Porticos + nucleos con forjados.png>
Package pdftex.def Info: Imagenes/Porticos + nucleos con forjados.png  used on input line 340.
(pdftex.def)             Requested size: 177.63632pt x 112.39458pt.


<Imagenes/Porticos con triangulaciones en el mismo vano.png, id=98, 536.0025pt x 292.09125pt>
File: Imagenes/Porticos con triangulaciones en el mismo vano.png Graphic file (type png)
<use Imagenes/Porticos con triangulaciones en el mismo vano.png>
Package pdftex.def Info: Imagenes/Porticos con triangulaciones en el mismo vano.png  used on input line 349.
(pdftex.def)             Requested size: 236.84843pt x 129.06874pt.
<Imagenes/Porticos con triangulaciones en distintos vanos.png, id=99, 841.64438pt x 395.22656pt>
File: Imagenes/Porticos con triangulaciones en distintos vanos.png Graphic file (type png)
<use Imagenes/Porticos con triangulaciones en distintos vanos.png>
Package pdftex.def Info: Imagenes/Porticos con triangulaciones en distintos vanos.png  used on input line 358.
(pdftex.def)             Requested size: 236.84843pt x 111.2175pt.

Underfull \hbox (badness 2418) in paragraph at lines 363--364
[]\OT1/cmr/m/n/10 Consisten en p^^Sorti-cos arrios-tra-dos con ba-rras
 []


Underfull \hbox (badness 1132) in paragraph at lines 363--364
\OT1/cmr/m/n/10 ex-tre-mos, su eje no con-cu-rre al cen-tro del nu-do
 []


Underfull \hbox (badness 1960) in paragraph at lines 363--364
\OT1/cmr/m/n/10 de-jan-do un seg-men-to cor-to de vi-ga de lon-gi-tud
 []

<Imagenes/Porticos excentricos.png, id=100, 966.61125pt x 389.95688pt>
File: Imagenes/Porticos excentricos.png Graphic file (type png)
<use Imagenes/Porticos excentricos.png>
Package pdftex.def Info: Imagenes/Porticos excentricos.png  used on input line 371.
(pdftex.def)             Requested size: 236.84843pt x 95.5492pt.


LaTeX Info: Redefining \. on input line 373.
LaTeX Info: Redefining \% on input line 373.
[12 <./Imagenes/Porticos + forjados.png> <./Imagenes/Pantallas + forjados.png> <./Imagenes/Porticos + nucleos con forjados.png> <./Imagenes/Porticos con triangulaciones en el mismo vano.png> <./Imagenes/Porticos con triangulaciones en distintos vanos.png>]
Underfull \hbox (badness 2293) in paragraph at lines 375--376
\OT1/cmr/m/n/10 con vi-gas (de aco-pla-mien-to). Los for-ja-dos/placas
 []


Underfull \hbox (badness 7397) in paragraph at lines 375--376
\OT1/cmr/m/n/10 dia-frag-ma. Se em-plea co-mo so-lu-ci^^Son fren-te a
 []


Underfull \hbox (badness 1038) in paragraph at lines 375--376
\OT1/cmr/m/n/10 li-mi-ta-do de par-tes de la es-truc-tu-ra (en vi-gas de
 []

<Imagenes/Pantallas acopladas + forjados.png, id=109, 874.76813pt x 348.55219pt>
File: Imagenes/Pantallas acopladas + forjados.png Graphic file (type png)
<use Imagenes/Pantallas acopladas + forjados.png>
Package pdftex.def Info: Imagenes/Pantallas acopladas + forjados.png  used on input line 379.
(pdftex.def)             Requested size: 236.84843pt x 94.37094pt.

Underfull \hbox (badness 6978) in paragraph at lines 386--387
[]\OT1/cmr/m/n/10 Tubos: pue-den abrir-se hue-cos y cons-ti-tuir
 []


Underfull \hbox (badness 2884) in paragraph at lines 386--387
\OT1/cmr/m/n/10 la pro-pia fa-cha-da del edi-fi-cio (fra-med tu-be
 []


Underfull \hbox (badness 3482) in paragraph at lines 386--387
\OT1/cmr/m/n/10 de ``pi-la-res'' se-pa-ra-dos 1-3cm y ``vi-gas'' de
 []

<Imagenes/Nucleos tubos y tubo en tubo.png, id=110, 886.81313pt x 284.56313pt>
File: Imagenes/Nucleos tubos y tubo en tubo.png Graphic file (type png)
<use Imagenes/Nucleos tubos y tubo en tubo.png>
Package pdftex.def Info: Imagenes/Nucleos tubos y tubo en tubo.png  used on input line 391.
(pdftex.def)             Requested size: 236.84843pt x 75.99939pt.

Underfull \hbox (badness 10000) in paragraph at lines 394--396
$[]$
 []


Underfull \hbox (badness 3428) in paragraph at lines 394--396
\OT1/cmr/m/n/10 por-que se pro-du-ce una fuer-te con-cen-tra-ci^^Son de
 []


Underfull \hbox (badness 10000) in paragraph at lines 398--399
 \OT1/cmr/bx/n/10 De-for-ma-cio-nes de for-ja-dos/placas en
 []


Underfull \hbox (badness 2359) in paragraph at lines 398--399
\OT1/cmr/m/n/10 la uni^^Son en-tre for-ja-dos/placas y el res-to de la
 []


Underfull \hbox (badness 1158) in paragraph at lines 398--399
\OT1/cmr/m/n/10 su-fi-cien-te-men-te r^^S^^Pgi-dos en su plano, ^^Sestos pue-den
 []


Underfull \hbox (badness 1292) in paragraph at lines 398--399
\OT1/cmr/m/n/10 con-si-de-rar-se a efec-tos de c^^Salcu-lo co-mo un s^^Soli-do
 []



<Imagenes/Efecto P Delta.png, id=111, 314.67563pt x 230.36063pt>
File: Imagenes/Efecto P Delta.png Graphic file (type png)
<use Imagenes/Efecto P Delta.png>
Package pdftex.def Info: Imagenes/Efecto P Delta.png  used on input line 417.
(pdftex.def)             Requested size: 118.42421pt x 86.69081pt.

Underfull \hbox (badness 10000) in paragraph at lines 420--420
[]\OT1/cmr/bx/n/12 Soluciones con-ven-cio-na-les pa-ra
 []


Underfull \hbox (badness 10000) in paragraph at lines 421--421
[]\OT1/cmr/bx/n/10 Puentes. Ta-ble-ro, sis-te-ma pri-ma-rio y
 []


Underfull \hbox (badness 10000) in paragraph at lines 422--423
\OT1/cmr/m/n/10 y cons-truc-ti-vo un puen-te con-ven-cio-nal pue-de
 []


Underfull \hbox (badness 1776) in paragraph at lines 426--427
[]\OT1/cmr/m/n/10 Subestructuras: in-clu-yen pi-las y es-tri-bos con
 []



LaTeX Info: Redefining \. on input line 427.
LaTeX Info: Redefining \% on input line 427.

Package fancyhdr Warning: \headheight is too small (12.0pt): 
(fancyhdr)                Make it at least 13.07225pt, for example:
(fancyhdr)                \setlength{\headheight}{13.07225pt}.
(fancyhdr)                You might also make \topmargin smaller to compensate:
(fancyhdr)                \addtolength{\topmargin}{-1.07225pt}.

[13 <./Imagenes/Porticos excentricos.png> <./Imagenes/Pantallas acopladas + forjados.png> <./Imagenes/Nucleos tubos y tubo en tubo.png> <./Imagenes/Efecto P Delta.png>]
<Imagenes/Puentes.png, id=121, 874.01532pt x 271.76532pt>
File: Imagenes/Puentes.png Graphic file (type png)
<use Imagenes/Puentes.png>
Package pdftex.def Info: Imagenes/Puentes.png  used on input line 432.
(pdftex.def)             Requested size: 236.84843pt x 73.643pt.

Underfull \hbox (badness 2401) in paragraph at lines 436--437
 \OT1/cmr/bx/n/10 Puen-te ar-co.[] \OT1/cmr/m/n/10 El sis-te-ma pri-ma-rio es un ar-co
 []

<Imagenes/Puente de Tangermunde.png, id=122, 438.63875pt x 218.8175pt>
File: Imagenes/Puente de Tangermunde.png Graphic file (type png)
<use Imagenes/Puente de Tangermunde.png>
Package pdftex.def Info: Imagenes/Puente de Tangermunde.png  used on input line 445.
(pdftex.def)             Requested size: 236.84843pt x 118.15634pt.
<Imagenes/Puente Lupu.png, id=123, 289.08pt x 175.65625pt>
File: Imagenes/Puente Lupu.png Graphic file (type png)
<use Imagenes/Puente Lupu.png>
Package pdftex.def Info: Imagenes/Puente Lupu.png  used on input line 452.
(pdftex.def)             Requested size: 236.84843pt x 143.91843pt.

LaTeX Warning: `h' float specifier changed to `ht'.

<Imagenes/Viaducto de hormigon de teruel.png, id=124, 552.0625pt x 413.545pt>
File: Imagenes/Viaducto de hormigon de teruel.png Graphic file (type png)
<use Imagenes/Viaducto de hormigon de teruel.png>
Package pdftex.def Info: Imagenes/Viaducto de hormigon de teruel.png  used on input line 459.
(pdftex.def)             Requested size: 236.84843pt x 177.42332pt.

LaTeX Warning: `h' float specifier changed to `ht'.


Underfull \hbox (badness 1014) in paragraph at lines 465--466
 \OT1/cmr/bx/n/10 Ta-ble-ro so-bre so-por-tes o mu-ros.[] \OT1/cmr/m/n/10 El sis-te-ma
 []


Underfull \hbox (badness 2662) in paragraph at lines 465--466
\OT1/cmr/m/n/10 el des-pla-za-mien-to ho-ri-zon-tal (elast^^Some-ros...) pa-ra
 []


Underfull \hbox (badness 10000) in paragraph at lines 468--469
 \OT1/cmr/bx/n/10 Puen-tes col-gan-tes (Fig. 2.10[]).[] \OT1/cmr/m/n/10 El sis-te-ma
 []

<Imagenes/Golden gate bridge .png, id=125, 1927.2pt x 1084.05pt>
File: Imagenes/Golden gate bridge .png Graphic file (type png)
<use Imagenes/Golden gate bridge .png>
Package pdftex.def Info: Imagenes/Golden gate bridge .png  used on input line 472.
(pdftex.def)             Requested size: 236.84843pt x 133.22322pt.

LaTeX Warning: `h' float specifier changed to `ht'.


Underfull \hbox (badness 2564) in paragraph at lines 478--479
 \OT1/cmr/bx/n/10 Puen-tes ati-ran-ta-dos (Fig. 2.11[]).[] \OT1/cmr/m/n/10 El sis-te-ma
 []


Underfull \hbox (badness 6063) in paragraph at lines 478--479
\OT1/cmr/m/n/10 pri-ma-rio est^^Sa for-ma-do por ti-ran-tes (ca-bles) y
 []




Underfull \hbox (badness 4217) in paragraph at lines 484--485
\OT1/cmr/m/n/10 que se ini-cian en el ta-ble-ro for-man-do un
 []

<Imagenes/Puente sobre el rio Besaya.png, id=126, 1254.6875pt x 790.955pt>
File: Imagenes/Puente sobre el rio Besaya.png Graphic file (type png)
<use Imagenes/Puente sobre el rio Besaya.png>
Package pdftex.def Info: Imagenes/Puente sobre el rio Besaya.png  used on input line 490.
(pdftex.def)             Requested size: 236.84843pt x 149.30542pt.

LaTeX Warning: `h' float specifier changed to `ht'.

<Imagenes/Puente Forth.png, id=127, 596.2275pt x 397.485pt>
File: Imagenes/Puente Forth.png Graphic file (type png)
<use Imagenes/Puente Forth.png>
Package pdftex.def Info: Imagenes/Puente Forth.png  used on input line 500.
(pdftex.def)             Requested size: 236.84843pt x 157.89946pt.

Underfull \hbox (badness 1412) in paragraph at lines 506--507
[]\OT1/cmr/m/n/10 La geo-metr^^S^^Pa de la sec-ci^^Son trans-ver-sal cons-ta
 []


Underfull \hbox (badness 1163) in paragraph at lines 506--507
\OT1/cmr/m/n/10 o so-le-ra. Los t^^Sune-les se pue-den ex-ca-var por dos
 []



LaTeX Info: Redefining \. on input line 507.
LaTeX Info: Redefining \% on input line 507.
[14 <./Imagenes/Puentes.png> <./Imagenes/Puente de Tangermunde.png (PNG copy)> <./Imagenes/Puente Lupu.png (PNG copy)> <./Imagenes/Viaducto de hormigon de teruel.png (PNG copy)>]
Underfull \hbox (badness 3179) in paragraph at lines 508--509
[]\OT1/cmr/m/n/10 Mediante vo-la-du-ra de ex-plo-si-vos: la energ^^S^^Pa
 []

<Imagenes/Tuneles.png, id=132, 200.24812pt x 166.37157pt>
File: Imagenes/Tuneles.png Graphic file (type png)
<use Imagenes/Tuneles.png>
Package pdftex.def Info: Imagenes/Tuneles.png  used on input line 514.
(pdftex.def)             Requested size: 118.42421pt x 98.3919pt.

Underfull \hbox (badness 10000) in paragraph at lines 519--521
 \OT1/cmr/bx/n/10 Mo-vi-mien-tos in-du-ci-dos por t^^Sune-les:
 []


Underfull \hbox (badness 10000) in paragraph at lines 519--521
\OT1/cmr/m/n/10 el equi-li-brio ten-sio-nal del sue-lo. En t^^Sune-les
 []


Underfull \hbox (badness 1199) in paragraph at lines 519--521
\OT1/cmr/m/n/10 a ci-men-ta-cio-nes pro-fun-das. Sim-pli-fi-ca-da-men-te, son
 []




Underfull \hbox (badness 1454) in paragraph at lines 523--524
 \OT1/cmr/bx/n/10 Sos-te-ni-mien-to de la b^^Sove-da.[] \OT1/cmr/m/n/10 La b^^Sove-da hay
 []


Underfull \hbox (badness 1540) in paragraph at lines 523--524
\OT1/cmr/m/n/10 (sos-te-ni-mien-to) ne-ce-sa-rio, con-tro-lar la en-tra-da de
 []


Underfull \hbox (badness 10000) in paragraph at lines 528--532
[]\OT1/cmr/m/n/10 Revestimiento anu-lar he-cho con seg-men-tos
 []


Underfull \hbox (badness 10000) in paragraph at lines 528--532
\OT1/cmr/m/n/10 pre-fa-bri-ca-dos (do-ve-las). Ani-llo he-cho con
 []



LaTeX Info: Redefining \. on input line 532.
LaTeX Info: Redefining \% on input line 532.

Package fancyhdr Warning: \headheight is too small (12.0pt): 
(fancyhdr)                Make it at least 13.07225pt, for example:
(fancyhdr)                \setlength{\headheight}{13.07225pt}.
(fancyhdr)                You might also make \topmargin smaller to compensate:
(fancyhdr)                \addtolength{\topmargin}{-1.07225pt}.

[15 <./Imagenes/Golden gate bridge .png (PNG copy)> <./Imagenes/Puente sobre el rio Besaya.png (PNG copy)> <./Imagenes/Tuneles.png> <./Imagenes/Puente Forth.png (PNG copy)>]
Underfull \hbox (badness 10000) in paragraph at lines 541--542
[]\OT1/cmr/m/n/10 Circunferencial: jun-tas en-tre ani-llos
 []


Underfull \hbox (badness 2941) in paragraph at lines 543--544
\OT1/cmr/m/n/10 Las jun-tas en-tre do-ve-las re-du-cen la ri-gi-dez
 []


Underfull \hbox (badness 6961) in paragraph at lines 543--544
\OT1/cmr/m/n/10 (pre-si^^Son/deformaci^^Son ra-cial) del sis-te-ma de
 []

<Imagenes/Dovelas y juntas.png, id=137, 158.09062pt x 152.82094pt>
File: Imagenes/Dovelas y juntas.png Graphic file (type png)
<use Imagenes/Dovelas y juntas.png>
Package pdftex.def Info: Imagenes/Dovelas y juntas.png  used on input line 547.
(pdftex.def)             Requested size: 118.42421pt x 114.47781pt.

Underfull \hbox (badness 6252) in paragraph at lines 552--554
[]\OT1/cmr/m/n/10 Revestimientos fle-xi-bles a ba-se de bu-lo-nes
 []


Underfull \hbox (badness 1558) in paragraph at lines 552--554
\OT1/cmr/m/n/10 (fig. 2.14[]). Los bu-lo-nes son ba-rras de ace-ro
 []


Underfull \hbox (badness 1803) in paragraph at lines 552--554
\OT1/cmr/m/n/10 mor-te-ro o re-si-na de ex-pan-si^^Son mec^^Sani-ca. El
 []

<Imagenes/Revestimiento con bulones.png, id=138, 182.93344pt x 143.78719pt>
File: Imagenes/Revestimiento con bulones.png Graphic file (type png)
<use Imagenes/Revestimiento con bulones.png>
Package pdftex.def Info: Imagenes/Revestimiento con bulones.png  used on input line 557.
(pdftex.def)             Requested size: 118.42421pt x 93.08319pt.

Underfull \hbox (badness 1776) in paragraph at lines 562--564
\OT1/cmr/m/n/10 me-dia. Pue-den ser cer-chas li-ge-ras, me-dias o
 []


Underfull \hbox (badness 4859) in paragraph at lines 562--564
\OT1/cmr/m/n/10 pe-sa-das. Las cer-chas de-ben arrios-tra-se con
 []


Underfull \hbox (badness 3078) in paragraph at lines 562--564
\OT1/cmr/m/n/10 de en-ti-ba-ci^^Son (cha-pas con-ti-nuas o pe-que~nas
 []


Underfull \hbox (badness 1043) in paragraph at lines 562--564
\OT1/cmr/m/n/10 ma-ci-zos de muy ma-la ca-li-dad. La ri-gi-dez de
 []



<Imagenes/Sostenimiento con cerchas metalicas.png, id=139, 184.43906pt x 173.14688pt>
File: Imagenes/Sostenimiento con cerchas metalicas.png Graphic file (type png)
<use Imagenes/Sostenimiento con cerchas metalicas.png>
Package pdftex.def Info: Imagenes/Sostenimiento con cerchas metalicas.png  used on input line 567.
(pdftex.def)             Requested size: 118.42421pt x 111.17293pt.

Underfull \hbox (badness 10000) in paragraph at lines 574--574
[]\OT1/cmr/bx/n/12 Soluciones con-ven-cio-na-les pa-ra
 []


Underfull \hbox (badness 10000) in paragraph at lines 574--574
\OT1/cmr/bx/n/12 es-truc-tu-ras e ins-ta-la-cio-nes
 []


Underfull \hbox (badness 2903) in paragraph at lines 579--580
 \OT1/cmr/bx/n/10 Es-truc-tu-ras met^^Sali-cas por-ti-ca-das de nu-dos
 []

<Imagenes/Est meta de nudos rigidos.png, id=140, 306.39468pt x 188.95593pt>
File: Imagenes/Est meta de nudos rigidos.png Graphic file (type png)
<use Imagenes/Est meta de nudos rigidos.png>
Package pdftex.def Info: Imagenes/Est meta de nudos rigidos.png  used on input line 583.
(pdftex.def)             Requested size: 177.63632pt x 109.54837pt.

Underfull \hbox (badness 1122) in paragraph at lines 588--589
\OT1/cmr/m/n/10 que com-bi-nan ele-men-tos uni-di-men-sio-na-les (per-fi-les
 []


Underfull \hbox (badness 6047) in paragraph at lines 588--589
\OT1/cmr/m/n/10 es-fuer-zos axia-les en las ba-rras. Ven-ta-ja: buen
 []


Underfull \hbox (badness 10000) in paragraph at lines 588--589
\OT1/cmr/m/n/10 apro-ve-cha-mien-to de la sec-ci^^Son. In-con-ve-nien-te:
 []



LaTeX Info: Redefining \. on input line 589.
LaTeX Info: Redefining \% on input line 589.
[16 <./Imagenes/Dovelas y juntas.png> <./Imagenes/Revestimiento con bulones.png> <./Imagenes/Sostenimiento con cerchas metalicas.png> <./Imagenes/Est meta de nudos rigidos.png>]
<Imagenes/Est prefabricadas de hormigon.png, id=148, 548.0475pt x 214.55156pt>
File: Imagenes/Est prefabricadas de hormigon.png Graphic file (type png)
<use Imagenes/Est prefabricadas de hormigon.png>
Package pdftex.def Info: Imagenes/Est prefabricadas de hormigon.png  used on input line 594.
(pdftex.def)             Requested size: 236.84843pt x 92.72351pt.

Underfull \hbox (badness 1173) in paragraph at lines 598--599
\OT1/cmr/m/n/10 com-po-nen-tes de una l^^S^^Pnea a^^Serea se-par^^Sando-los del
 []

<Imagenes/Torres electricas.png, id=149, 162.6075pt x 299.61937pt>
File: Imagenes/Torres electricas.png Graphic file (type png)
<use Imagenes/Torres electricas.png>
Package pdftex.def Info: Imagenes/Torres electricas.png  used on input line 614.
(pdftex.def)             Requested size: 118.42421pt x 218.21284pt.

LaTeX Warning: `h' float specifier changed to `ht'.




Underfull \hbox (badness 10000) in paragraph at lines 649--650
[]\OT1/cmr/m/n/10 Vibraciones (uso de amor-ti-gua-do-res y
 []


Underfull \hbox (badness 10000) in paragraph at lines 660--660
[]\OT1/cmr/bx/n/14.4 Estructuras que
 []


Underfull \hbox (badness 1910) in paragraph at lines 660--660
\OT1/cmr/bx/n/14.4 in-ter-ac-cio-nan con el sue-lo:
 []



LaTeX Info: Redefining \. on input line 666.
LaTeX Info: Redefining \% on input line 666.

Package fancyhdr Warning: \headheight is too small (12.0pt): 
(fancyhdr)                Make it at least 13.07225pt, for example:
(fancyhdr)                \setlength{\headheight}{13.07225pt}.
(fancyhdr)                You might also make \topmargin smaller to compensate:
(fancyhdr)                \addtolength{\topmargin}{-1.07225pt}.

[17 <./Imagenes/Est prefabricadas de hormigon.png> <./Imagenes/Torres electricas.png>]
<Imagenes/Cimentaciones superficiales - Tipos.png, id=155, 351.56343pt x 188.95593pt>
File: Imagenes/Cimentaciones superficiales - Tipos.png Graphic file (type png)
<use Imagenes/Cimentaciones superficiales - Tipos.png>
Package pdftex.def Info: Imagenes/Cimentaciones superficiales - Tipos.png  used on input line 676.
(pdftex.def)             Requested size: 236.84843pt x 127.29755pt.

Underfull \hbox (badness 1810) in paragraph at lines 680--681
[]\OT1/cmr/m/n/10 Asientos del edi-fi-cio; asien-tos in-du-ci-dos en el
 []


Underfull \hbox (badness 2334) in paragraph at lines 684--685
\OT1/cmr/m/n/10 di-fe-ren-cial en-tre dos pun-tos di-vi-di-do por la
 []


Underfull \hbox (badness 2762) in paragraph at lines 695--695
[]\OT1/cmr/m/n/10 Estructuras isost^^Sati-cas y mu-ros de
 []



<Imagenes/Cimentaciones superficiales - Estados limite uultimos.png, id=156, 268.75406pt x 281.55188pt>
File: Imagenes/Cimentaciones superficiales - Estados limite uultimos.png Graphic file (type png)
<use Imagenes/Cimentaciones superficiales - Estados limite uultimos.png>
Package pdftex.def Info: Imagenes/Cimentaciones superficiales - Estados limite uultimos.png  used on input line 730.
(pdftex.def)             Requested size: 177.63632pt x 186.09546pt.

Underfull \vbox (badness 10000) has occurred while \output is active []



LaTeX Info: Redefining \. on input line 732.
LaTeX Info: Redefining \% on input line 732.

Package fancyhdr Warning: \headheight is too small (12.0pt): 
(fancyhdr)                Make it at least 13.07225pt, for example:
(fancyhdr)                \setlength{\headheight}{13.07225pt}.
(fancyhdr)                You might also make \topmargin smaller to compensate:
(fancyhdr)                \addtolength{\topmargin}{-1.07225pt}.

[18 <./Imagenes/Cimentaciones superficiales - Tipos.png>]
<Imagenes/Cimentaciones superficiales - estados limite ultimos.png, id=161, 320.69812pt x 143.78719pt>
File: Imagenes/Cimentaciones superficiales - estados limite ultimos.png Graphic file (type png)
<use Imagenes/Cimentaciones superficiales - estados limite ultimos.png>
Package pdftex.def Info: Imagenes/Cimentaciones superficiales - estados limite ultimos.png  used on input line 743.
(pdftex.def)             Requested size: 236.84843pt x 106.19461pt.

Overfull \hbox (6.31325pt too wide) detected at line 750
\OML/cmm/m/it/10 q[] \OT1/cmr/m/n/10 = \OML/cmm/m/it/10 c[]N[]d[]s[]i[]t[] \OT1/cmr/m/n/10 + \OML/cmm/m/it/10 q[]N[]d[]s[]i[]t[] \OT1/cmr/m/n/10 + []\OML/cmm/m/it/10 B \OMS/cmsy/m/n/10 ^^C \OML/cmm/m/it/10 ^^M[]N[]d[]s[]i[]t[][]
 []


Underfull \hbox (badness 1331) in paragraph at lines 755--756
[]$\OML/cmm/m/it/10 c[]$ \OT1/cmr/m/n/10 el va-lor ca-rac-ter^^S^^Psti-co de la cohe-si^^Son del
 []


Underfull \hbox (badness 8075) in paragraph at lines 758--759
\OT1/cmr/m/n/10 in-terno ca-rac-ter^^S^^Psti-co del te-rreno ($\OML/cmm/m/it/10 ^^^[]$\OT1/cmr/m/n/10 ). Se
 []




Overfull \hbox (13.79091pt too wide) in paragraph at lines 765--766
$[]$ 
 []

<Imagenes/Zapatas rigidas y flexibles.png, id=162, 388.45125pt x 231.86626pt>
File: Imagenes/Zapatas rigidas y flexibles.png Graphic file (type png)
<use Imagenes/Zapatas rigidas y flexibles.png>
Package pdftex.def Info: Imagenes/Zapatas rigidas y flexibles.png  used on input line 771.
(pdftex.def)             Requested size: 236.84843pt x 141.37805pt.

Overfull \hbox (4.17978pt too wide) in paragraph at lines 774--775
$[]$ 
 []

<Imagenes/Presion caracteristica en zapatas rigidas.png, id=163, 319.94531pt x 208.52907pt>
File: Imagenes/Presion caracteristica en zapatas rigidas.png Graphic file (type png)
<use Imagenes/Presion caracteristica en zapatas rigidas.png>
Package pdftex.def Info: Imagenes/Presion caracteristica en zapatas rigidas.png  used on input line 778.
(pdftex.def)             Requested size: 236.84843pt x 154.37273pt.

Underfull \hbox (badness 10000) in paragraph at lines 781--783
$[]$
 []


Underfull \hbox (badness 1668) in paragraph at lines 781--783
\OT1/cmr/m/n/10 Co-efi-cien-te de ba-las-to, $\OML/cmm/m/it/10 k$\OT1/cmr/m/n/10 , ri-gi-dez por uni-dad de
 []

<Imagenes/Coeficiente de balasto.png, id=164, 141.52875pt x 71.51718pt>
File: Imagenes/Coeficiente de balasto.png Graphic file (type png)
<use Imagenes/Coeficiente de balasto.png>
Package pdftex.def Info: Imagenes/Coeficiente de balasto.png  used on input line 786.
(pdftex.def)             Requested size: 177.63632pt x 89.77054pt.


LaTeX Info: Redefining \. on input line 788.
LaTeX Info: Redefining \% on input line 788.

Package fancyhdr Warning: \headheight is too small (12.0pt): 
(fancyhdr)                Make it at least 13.07225pt, for example:
(fancyhdr)                \setlength{\headheight}{13.07225pt}.
(fancyhdr)                You might also make \topmargin smaller to compensate:
(fancyhdr)                \addtolength{\topmargin}{-1.07225pt}.

[19 <./Imagenes/Cimentaciones superficiales - Estados limite uultimos.png> <./Imagenes/Cimentaciones superficiales - estados limite ultimos.png> <./Imagenes/Zapatas rigidas y flexibles.png> <./Imagenes/Presion caracteristica en zapatas rigidas.png>]
Underfull \hbox (badness 2027) in paragraph at lines 810--811
[]\OT1/cmr/m/n/10 Un edi-fi-cio podr^^Sa fa-llar glo-bal-men-te, sin que
 []

<Imagenes/Capacidad estructural del cimiento.png, id=173, 191.21437pt x 178.41656pt>
File: Imagenes/Capacidad estructural del cimiento.png Graphic file (type png)
<use Imagenes/Capacidad estructural del cimiento.png>
Package pdftex.def Info: Imagenes/Capacidad estructural del cimiento.png  used on input line 833.
(pdftex.def)             Requested size: 177.63632pt x 165.75415pt.


<Imagenes/Cimentaciones profundas - Tipologias.png, id=174, 513.41812pt x 255.95625pt>
File: Imagenes/Cimentaciones profundas - Tipologias.png Graphic file (type png)
<use Imagenes/Cimentaciones profundas - Tipologias.png>
Package pdftex.def Info: Imagenes/Cimentaciones profundas - Tipologias.png  used on input line 844.
(pdftex.def)             Requested size: 236.84843pt x 118.07718pt.


LaTeX Info: Redefining \. on input line 866.
LaTeX Info: Redefining \% on input line 866.

Package fancyhdr Warning: \headheight is too small (12.0pt): 
(fancyhdr)                Make it at least 13.07225pt, for example:
(fancyhdr)                \setlength{\headheight}{13.07225pt}.
(fancyhdr)                You might also make \topmargin smaller to compensate:
(fancyhdr)                \addtolength{\topmargin}{-1.07225pt}.

[20 <./Imagenes/Coeficiente de balasto.png> <./Imagenes/Capacidad estructural del cimiento.png> <./Imagenes/Cimentaciones profundas - Tipologias.png>]
Underfull \hbox (badness 10000) in paragraph at lines 868--869
[]\OT1/cmr/m/n/10 Estabilidad glo-bal: si-mi-lar a ci-men-ta-cio-nes
 []


Underfull \hbox (badness 10000) in paragraph at lines 869--870
\OT1/cmr/m/n/10 so-bre el pi-lo-te, se com-prue-ba seg^^Sun las
 []


Underfull \hbox (badness 1087) in paragraph at lines 869--870
\OT1/cmr/m/n/10 con-si-de-ra-cio-nes y nor-ma-ti-vas re-la-ti-vas a ca-da
 []

<Imagenes/Cimentaciones profundas - estado limite ultimos.png, id=184, 274.77657pt x 181.42781pt>
File: Imagenes/Cimentaciones profundas - estado limite ultimos.png Graphic file (type png)
<use Imagenes/Cimentaciones profundas - estado limite ultimos.png>
Package pdftex.def Info: Imagenes/Cimentaciones profundas - estado limite ultimos.png  used on input line 873.
(pdftex.def)             Requested size: 177.63632pt x 117.29272pt.
<Imagenes/Cimentaciones profundas - esfuerzos sobre pilotes.png, id=185, 482.55281pt x 148.30406pt>
File: Imagenes/Cimentaciones profundas - esfuerzos sobre pilotes.png Graphic file (type png)
<use Imagenes/Cimentaciones profundas - esfuerzos sobre pilotes.png>
Package pdftex.def Info: Imagenes/Cimentaciones profundas - esfuerzos sobre pilotes.png  used on input line 908.
(pdftex.def)             Requested size: 236.84843pt x 72.79181pt.



Underfull \hbox (badness 2762) in paragraph at lines 918--919
[]\OT1/cmr/m/n/10 Muros: ele-men-tos de con-ten-ci^^Son des-ti-na-dos a
 []

<Imagenes/Estructuras de contencion - Muros.png, id=186, 1016.29688pt x 469.00218pt>
File: Imagenes/Estructuras de contencion - Muros.png Graphic file (type png)
<use Imagenes/Estructuras de contencion - Muros.png>
Package pdftex.def Info: Imagenes/Estructuras de contencion - Muros.png  used on input line 922.
(pdftex.def)             Requested size: 236.84843pt x 109.2995pt.

Underfull \hbox (badness 2050) in paragraph at lines 928--929
[]\OT1/cmr/m/n/10 Infiltraci^^Son de agua no ad-mi-si-ble a trav^^Ses o
 []


Underfull \hbox (badness 2875) in paragraph at lines 928--929
\OT1/cmr/m/n/10 por de-ba-jo del ele-men-to de con-ten-ci^^Son. T^^S^^Ppi-cos
 []



LaTeX Info: Redefining \. on input line 931.
LaTeX Info: Redefining \% on input line 931.

Package fancyhdr Warning: \headheight is too small (12.0pt): 
(fancyhdr)                Make it at least 13.07225pt, for example:
(fancyhdr)                \setlength{\headheight}{13.07225pt}.
(fancyhdr)                You might also make \topmargin smaller to compensate:
(fancyhdr)                \addtolength{\topmargin}{-1.07225pt}.

[21 <./Imagenes/Cimentaciones profundas - estado limite ultimos.png> <./Imagenes/Cimentaciones profundas - esfuerzos sobre pilotes.png> <./Imagenes/Estructuras de contencion - Muros.png>]
Underfull \hbox (badness 2409) in paragraph at lines 935--936
\OT1/cmr/m/n/10 es com-pri-mi-do con-tra el te-rreno por las car-gas
 []

<Imagenes/Estructuras de contencion - Estados de empuje.png, id=193, 519.44063pt x 586.44093pt>
File: Imagenes/Estructuras de contencion - Estados de empuje.png Graphic file (type png)
<use Imagenes/Estructuras de contencion - Estados de empuje.png>
Package pdftex.def Info: Imagenes/Estructuras de contencion - Estados de empuje.png  used on input line 941.
(pdftex.def)             Requested size: 177.63632pt x 200.54161pt.
<Imagenes/Estructuras de contencion - caracterizacion del rozamiento en el trasdos.png, id=194, 912.40875pt x 268.00125pt>
File: Imagenes/Estructuras de contencion - caracterizacion del rozamiento en el trasdos.png Graphic file (type png)
<use Imagenes/Estructuras de contencion - caracterizacion del rozamiento en el trasdos.png>
Package pdftex.def Info: Imagenes/Estructuras de contencion - caracterizacion del rozamiento en el trasdos.png  used on input line 948.
(pdftex.def)             Requested size: 236.84843pt x 69.56825pt.
<Imagenes/Estructuras de contencion - Empujes debidos a sobrecargas.png, id=195, 1199.98312pt x 304.13625pt>
File: Imagenes/Estructuras de contencion - Empujes debidos a sobrecargas.png Graphic file (type png)
<use Imagenes/Estructuras de contencion - Empujes debidos a sobrecargas.png>
Package pdftex.def Info: Imagenes/Estructuras de contencion - Empujes debidos a sobrecargas.png  used on input line 955.
(pdftex.def)             Requested size: 236.84843pt x 60.02795pt.


))

LaTeX Info: Redefining \. on input line 53.
LaTeX Info: Redefining \% on input line 53.

Package fancyhdr Warning: \headheight is too small (12.0pt): 
(fancyhdr)                Make it at least 13.07225pt, for example:
(fancyhdr)                \setlength{\headheight}{13.07225pt}.
(fancyhdr)                You might also make \topmargin smaller to compensate:
(fancyhdr)                \addtolength{\topmargin}{-1.07225pt}.

[22 <./Imagenes/Estructuras de contencion - Estados de empuje.png> <./Imagenes/Estructuras de contencion - caracterizacion del rozamiento en el trasdos.png> <./Imagenes/Estructuras de contencion - Empujes debidos a sobrecargas.png>] (./main.aux
LaTeX Info: Redefining \sptext on input line 9.
LaTeX Info: Redefining \. on input line 9.
LaTeX Info: Redefining \% on input line 9.
)
 ***********
LaTeX2e <2024-06-01> patch level 2
L3 programming layer <2024-09-10>
 ***********
Package logreq Info: Writing requests to 'main.run.xml'.
\openout1 = `main.run.xml'.

 ) 
Here is how much of TeX's memory you used:
 13960 strings out of 473578
 274086 string characters out of 5732242
 1107033 words of memory out of 5000000
 36751 multiletter control sequences out of 15000+600000
 560835 words of font info for 45 fonts, out of 8000000 for 9000
 1141 hyphenation exceptions out of 8191
 66i,12n,81p,1105b,1799s stack positions out of 10000i,1000n,20000p,200000b,200000s
<c:/texlive/2024/texmf-dist/fonts/type1/public/amsfonts/cm/cmbx10.pfb><c:/texlive/2024/texmf-dist/fonts/type1/public/amsfonts/cm/cmbx12.pfb><c:/texlive/2024/texmf-dist/fonts/type1/public/amsfonts/cm/cmex10.pfb><c:/texlive/2024/texmf-dist/fonts/type1/public/amsfonts/cm/cmmi10.pfb><c:/texlive/2024/texmf-dist/fonts/type1/public/amsfonts/cm/cmmi5.pfb><c:/texlive/2024/texmf-dist/fonts/type1/public/amsfonts/cm/cmmi7.pfb><c:/texlive/2024/texmf-dist/fonts/type1/public/amsfonts/cm/cmr10.pfb><c:/texlive/2024/texmf-dist/fonts/type1/public/amsfonts/cm/cmr5.pfb><c:/texlive/2024/texmf-dist/fonts/type1/public/amsfonts/cm/cmr7.pfb><c:/texlive/2024/texmf-dist/fonts/type1/public/amsfonts/cm/cmsy10.pfb><c:/texlive/2024/texmf-dist/fonts/type1/public/amsfonts/cm/cmsy7.pfb><c:/texlive/2024/texmf-dist/fonts/type1/public/cm-super/sfrm1000.pfb>
Output written on main.pdf (22 pages, 21944091 bytes).
PDF statistics:
 254 PDF objects out of 1000 (max. 8388607)
 88 compressed objects within 1 object stream
 0 named destinations out of 1000 (max. 500000)
 321 words of extra memory for PDF output out of 10000 (max. 10000000)

